#
# There is insufficient memory for the Java Runtime Environment to continue.
# Native memory allocation (malloc) failed to allocate 1325296 bytes for Chunk::new
# Possible reasons:
#   The system is out of physical RAM or swap space
#   The process is running with CompressedOops enabled, and the Java Heap may be blocking the growth of the native heap
# Possible solutions:
#   Reduce memory load on the system
#   Increase physical memory or swap space
#   Check if swap backing store is full
#   Decrease Java heap size (-Xmx/-Xms)
#   Decrease number of Java threads
#   Decrease Java thread stack sizes (-Xss)
#   Set larger code cache with -XX:ReservedCodeCacheSize=
#   JVM is running with Unscaled Compressed Oops mode in which the Java heap is
#     placed in the first 4GB address space. The Java Heap base address is the
#     maximum limit for the native heap growth. Please use -XX:HeapBaseMinAddress
#     to set the Java Heap base and to place the Java Heap above 4GB virtual address.
# This output file may be truncated or incomplete.
#
#  Out of Memory Error (arena.cpp:184), pid=10384, tid=6012
#
# JRE version: Java(TM) SE Runtime Environment (20.0.1+9) (build 20.0.1+9-29)
# Java VM: Java HotSpot(TM) 64-Bit Server VM (20.0.1+9-29, mixed mode, sharing, tiered, compressed oops, compressed class ptrs, g1 gc, windows-amd64)
# No core dump will be written. Minidumps are not enabled by default on client versions of Windows
#

---------------  S U M M A R Y ------------

Command Line: -javaagent:C:\Program Files\JetBrains\IntelliJ IDEA Community Edition 2023.2\lib\idea_rt.jar=51392:C:\Program Files\JetBrains\IntelliJ IDEA Community Edition 2023.2\bin -Dfile.encoding=UTF-8 -Dsun.stdout.encoding=UTF-8 -Dsun.stderr.encoding=UTF-8 com.geekster.JobSearchPortal.JobSearchPortalApplication

Host: Intel(R) Core(TM) i3-7020U CPU @ 2.30GHz, 4 cores, 3G,  Windows 10 , 64 bit Build 19041 (10.0.19041.3393)
Time: Sun Sep 24 23:18:57 2023 India Standard Time elapsed time: 7.877854 seconds (0d 0h 0m 7s)

---------------  T H R E A D  ---------------

Current thread (0x000002445f94fb70):  JavaThread "C2 CompilerThread0" daemon [_thread_in_native, id=6012, stack(0x000000a1e6c00000,0x000000a1e6d00000)]


Current CompileTask:
C2:   7877 3481       4       org.springframework.boot.context.properties.source.ConfigurationPropertyName$ElementsParser::parse (234 bytes)

Stack: [0x000000a1e6c00000,0x000000a1e6d00000]
Native frames: (J=compiled Java code, j=interpreted, Vv=VM code, C=native code)
V  [jvm.dll+0x6bb95a]
V  [jvm.dll+0x8485fa]
V  [jvm.dll+0x84a1f5]
V  [jvm.dll+0x84a8f3]
V  [jvm.dll+0x280b0f]
V  [jvm.dll+0xc2b11]
V  [jvm.dll+0xc2e35]
V  [jvm.dll+0x3bb142]
V  [jvm.dll+0x1e6c43]
V  [jvm.dll+0x24b3ab]
V  [jvm.dll+0x24a651]
V  [jvm.dll+0x1ce491]
V  [jvm.dll+0x259e1b]
V  [jvm.dll+0x2584f0]
V  [jvm.dll+0x3f2895]
V  [jvm.dll+0x7f4b56]
V  [jvm.dll+0x6ba5cb]
C  [ucrtbase.dll+0x21bb2]
C  [KERNEL32.DLL+0x17344]
C  [ntdll.dll+0x526b1]


---------------  P R O C E S S  ---------------

Threads class SMR info:
_java_thread_list=0x0000024464e08a50, length=12, elements={
0x0000024444ec8530, 0x000002445f93b9e0, 0x000002445f93d890, 0x000002445f93e9e0,
0x000002445f93f320, 0x000002445f940c70, 0x000002445f94ba00, 0x000002445f94fb70,
0x000002445f952710, 0x000002445f9fe9d0, 0x0000024463eb5a60, 0x0000024463e2ed50
}

Java Threads: ( => current thread )
  0x0000024444ec8530 JavaThread "main" [_thread_in_Java, id=8092, stack(0x000000a1e5f00000,0x000000a1e6000000)]
  0x000002445f93b9e0 JavaThread "Reference Handler" daemon [_thread_blocked, id=12584, stack(0x000000a1e6600000,0x000000a1e6700000)]
  0x000002445f93d890 JavaThread "Finalizer" daemon [_thread_blocked, id=9920, stack(0x000000a1e6700000,0x000000a1e6800000)]
  0x000002445f93e9e0 JavaThread "Signal Dispatcher" daemon [_thread_blocked, id=7700, stack(0x000000a1e6800000,0x000000a1e6900000)]
  0x000002445f93f320 JavaThread "Attach Listener" daemon [_thread_blocked, id=6176, stack(0x000000a1e6900000,0x000000a1e6a00000)]
  0x000002445f940c70 JavaThread "Service Thread" daemon [_thread_blocked, id=5752, stack(0x000000a1e6a00000,0x000000a1e6b00000)]
  0x000002445f94ba00 JavaThread "Monitor Deflation Thread" daemon [_thread_blocked, id=108, stack(0x000000a1e6b00000,0x000000a1e6c00000)]
=>0x000002445f94fb70 JavaThread "C2 CompilerThread0" daemon [_thread_in_native, id=6012, stack(0x000000a1e6c00000,0x000000a1e6d00000)]
  0x000002445f952710 JavaThread "C1 CompilerThread0" daemon [_thread_blocked, id=1100, stack(0x000000a1e6d00000,0x000000a1e6e00000)]
  0x000002445f9fe9d0 JavaThread "Common-Cleaner" daemon [_thread_blocked, id=12528, stack(0x000000a1e6e00000,0x000000a1e6f00000)]
  0x0000024463eb5a60 JavaThread "Monitor Ctrl-Break" daemon [_thread_in_native, id=7400, stack(0x000000a1e6f00000,0x000000a1e7000000)]
  0x0000024463e2ed50 JavaThread "Notification Thread" daemon [_thread_blocked, id=11072, stack(0x000000a1e7000000,0x000000a1e7100000)]

Other Threads:
  0x0000024444f8b040 VMThread "VM Thread" [stack: 0x000000a1e6500000,0x000000a1e6600000] [id=12940]
  0x0000024463e974c0 WatcherThread "VM Periodic Task Thread" [stack: 0x000000a1e7100000,0x000000a1e7200000] [id=9204]
  0x0000024444f076b0 WorkerThread "GC Thread#0" [stack: 0x000000a1e6000000,0x000000a1e6100000] [id=12532]
  0x00000244645781b0 WorkerThread "GC Thread#1" [stack: 0x000000a1e7200000,0x000000a1e7300000] [id=13292]
  0x0000024464578480 WorkerThread "GC Thread#2" [stack: 0x000000a1e7300000,0x000000a1e7400000] [id=11256]
  0x0000024464508bb0 WorkerThread "GC Thread#3" [stack: 0x000000a1e7400000,0x000000a1e7500000] [id=3176]
  0x0000024444f11370 ConcurrentGCThread "G1 Main Marker" [stack: 0x000000a1e6100000,0x000000a1e6200000] [id=9496]
  0x0000024444f11da0 WorkerThread "G1 Conc#0" [stack: 0x000000a1e6200000,0x000000a1e6300000] [id=12636]
  0x0000024444f6a790 ConcurrentGCThread "G1 Refine#0" [stack: 0x000000a1e6300000,0x000000a1e6400000] [id=10488]
  0x0000024444f6d950 ConcurrentGCThread "G1 Service" [stack: 0x000000a1e6400000,0x000000a1e6500000] [id=6316]

Threads with active compile tasks:
C2 CompilerThread0     7946 3481       4       org.springframework.boot.context.properties.source.ConfigurationPropertyName$ElementsParser::parse (234 bytes)

VM state: not at safepoint (normal execution)

VM Mutex/Monitor currently owned by a thread: None

Heap address: 0x00000000c2000000, size: 992 MB, Compressed Oops mode: 32-bit

CDS archive(s) mapped at: [0x0000000800000000-0x0000000800c60000-0x0000000800c60000), size 12976128, SharedBaseAddress: 0x0000000800000000, ArchiveRelocationMode: 0.
Compressed class space mapped at: 0x0000000801000000-0x0000000841000000, reserved size: 1073741824
Narrow klass base: 0x0000000800000000, Narrow klass shift: 0, Narrow klass range: 0x100000000

GC Precious Log:
 CardTable entry size: 512
 Card Set container configuration: InlinePtr #cards 5 size 8 Array Of Cards #cards 12 size 40 Howl #buckets 4 coarsen threshold 1843 Howl Bitmap #cards 512 size 80 coarsen threshold 460 Card regions per heap region 1 cards per card region 2048
 CPUs: 4 total, 4 available
 Memory: 3962M
 Large Page Support: Disabled
 NUMA Support: Disabled
 Compressed Oops: Enabled (32-bit)
 Heap Region Size: 1M
 Heap Min Capacity: 8M
 Heap Initial Capacity: 62M
 Heap Max Capacity: 992M
 Pre-touch: Disabled
 Parallel Workers: 4
 Concurrent Workers: 1
 Concurrent Refinement Workers: 4
 Periodic GC: Disabled

Heap:
 garbage-first heap   total 51200K, used 39261K [0x00000000c2000000, 0x0000000100000000)
  region size 1024K, 28 young (28672K), 2 survivors (2048K)
 Metaspace       used 27180K, committed 27712K, reserved 1114112K
  class space    used 3341K, committed 3584K, reserved 1048576K

Heap Regions: E=young(eden), S=young(survivor), O=old, HS=humongous(starts), HC=humongous(continues), CS=collection set, F=free, OA=open archive, CA=closed archive, TAMS=top-at-mark-start, PB=parsable bottom
|   0|0x00000000c2000000, 0x00000000c2100000, 0x00000000c2100000|100%|HS|  |TAMS 0x00000000c2000000| PB 0x00000000c2000000| Complete 
|   1|0x00000000c2100000, 0x00000000c2200000, 0x00000000c2200000|100%| O|  |TAMS 0x00000000c2100000| PB 0x00000000c2100000| Untracked 
|   2|0x00000000c2200000, 0x00000000c2300000, 0x00000000c2300000|100%| O|  |TAMS 0x00000000c2200000| PB 0x00000000c2200000| Untracked 
|   3|0x00000000c2300000, 0x00000000c2400000, 0x00000000c2400000|100%| O|  |TAMS 0x00000000c2300000| PB 0x00000000c2300000| Untracked 
|   4|0x00000000c2400000, 0x00000000c2500000, 0x00000000c2500000|100%| O|  |TAMS 0x00000000c2400000| PB 0x00000000c2400000| Untracked 
|   5|0x00000000c2500000, 0x00000000c2600000, 0x00000000c2600000|100%| O|  |TAMS 0x00000000c2500000| PB 0x00000000c2500000| Untracked 
|   6|0x00000000c2600000, 0x00000000c2700000, 0x00000000c2700000|100%| O|  |TAMS 0x00000000c2600000| PB 0x00000000c2600000| Untracked 
|   7|0x00000000c2700000, 0x00000000c2800000, 0x00000000c2800000|100%| O|  |TAMS 0x00000000c2700000| PB 0x00000000c2700000| Untracked 
|   8|0x00000000c2800000, 0x00000000c2900000, 0x00000000c2900000|100%| O|  |TAMS 0x00000000c2800000| PB 0x00000000c2800000| Untracked 
|   9|0x00000000c2900000, 0x00000000c2a00000, 0x00000000c2a00000|100%| O|  |TAMS 0x00000000c2900000| PB 0x00000000c2900000| Untracked 
|  10|0x00000000c2a00000, 0x00000000c2b00000, 0x00000000c2b00000|100%| O|  |TAMS 0x00000000c2a00000| PB 0x00000000c2a00000| Untracked 
|  11|0x00000000c2b00000, 0x00000000c2bf7200, 0x00000000c2c00000| 96%| O|  |TAMS 0x00000000c2b00000| PB 0x00000000c2b00000| Untracked 
|  12|0x00000000c2c00000, 0x00000000c2c00000, 0x00000000c2d00000|  0%| F|  |TAMS 0x00000000c2c00000| PB 0x00000000c2c00000| Untracked 
|  13|0x00000000c2d00000, 0x00000000c2d00000, 0x00000000c2e00000|  0%| F|  |TAMS 0x00000000c2d00000| PB 0x00000000c2d00000| Untracked 
|  14|0x00000000c2e00000, 0x00000000c2e00000, 0x00000000c2f00000|  0%| F|  |TAMS 0x00000000c2e00000| PB 0x00000000c2e00000| Untracked 
|  15|0x00000000c2f00000, 0x00000000c2f00000, 0x00000000c3000000|  0%| F|  |TAMS 0x00000000c2f00000| PB 0x00000000c2f00000| Untracked 
|  16|0x00000000c3000000, 0x00000000c3000000, 0x00000000c3100000|  0%| F|  |TAMS 0x00000000c3000000| PB 0x00000000c3000000| Untracked 
|  17|0x00000000c3100000, 0x00000000c3100000, 0x00000000c3200000|  0%| F|  |TAMS 0x00000000c3100000| PB 0x00000000c3100000| Untracked 
|  18|0x00000000c3200000, 0x00000000c3200000, 0x00000000c3300000|  0%| F|  |TAMS 0x00000000c3200000| PB 0x00000000c3200000| Untracked 
|  19|0x00000000c3300000, 0x00000000c3300000, 0x00000000c3400000|  0%| F|  |TAMS 0x00000000c3300000| PB 0x00000000c3300000| Untracked 
|  20|0x00000000c3400000, 0x00000000c3400000, 0x00000000c3500000|  0%| F|  |TAMS 0x00000000c3400000| PB 0x00000000c3400000| Untracked 
|  21|0x00000000c3500000, 0x00000000c3500000, 0x00000000c3600000|  0%| F|  |TAMS 0x00000000c3500000| PB 0x00000000c3500000| Untracked 
|  22|0x00000000c3600000, 0x00000000c3680c10, 0x00000000c3700000| 50%| E|  |TAMS 0x00000000c3600000| PB 0x00000000c3600000| Complete 
|  23|0x00000000c3700000, 0x00000000c3800000, 0x00000000c3800000|100%| E|CS|TAMS 0x00000000c3700000| PB 0x00000000c3700000| Complete 
|  24|0x00000000c3800000, 0x00000000c3900000, 0x00000000c3900000|100%| E|CS|TAMS 0x00000000c3800000| PB 0x00000000c3800000| Complete 
|  25|0x00000000c3900000, 0x00000000c3a00000, 0x00000000c3a00000|100%| E|CS|TAMS 0x00000000c3900000| PB 0x00000000c3900000| Complete 
|  26|0x00000000c3a00000, 0x00000000c3b00000, 0x00000000c3b00000|100%| E|CS|TAMS 0x00000000c3a00000| PB 0x00000000c3a00000| Complete 
|  27|0x00000000c3b00000, 0x00000000c3c00000, 0x00000000c3c00000|100%| E|CS|TAMS 0x00000000c3b00000| PB 0x00000000c3b00000| Complete 
|  28|0x00000000c3c00000, 0x00000000c3d00000, 0x00000000c3d00000|100%| E|CS|TAMS 0x00000000c3c00000| PB 0x00000000c3c00000| Complete 
|  29|0x00000000c3d00000, 0x00000000c3e00000, 0x00000000c3e00000|100%| E|CS|TAMS 0x00000000c3d00000| PB 0x00000000c3d00000| Complete 
|  30|0x00000000c3e00000, 0x00000000c3f00000, 0x00000000c3f00000|100%| E|CS|TAMS 0x00000000c3e00000| PB 0x00000000c3e00000| Complete 
|  31|0x00000000c3f00000, 0x00000000c4000000, 0x00000000c4000000|100%| E|CS|TAMS 0x00000000c3f00000| PB 0x00000000c3f00000| Complete 
|  32|0x00000000c4000000, 0x00000000c4100000, 0x00000000c4100000|100%| E|CS|TAMS 0x00000000c4000000| PB 0x00000000c4000000| Complete 
|  33|0x00000000c4100000, 0x00000000c4200000, 0x00000000c4200000|100%| E|CS|TAMS 0x00000000c4100000| PB 0x00000000c4100000| Complete 
|  34|0x00000000c4200000, 0x00000000c4300000, 0x00000000c4300000|100%| E|CS|TAMS 0x00000000c4200000| PB 0x00000000c4200000| Complete 
|  35|0x00000000c4300000, 0x00000000c4400000, 0x00000000c4400000|100%| E|CS|TAMS 0x00000000c4300000| PB 0x00000000c4300000| Complete 
|  36|0x00000000c4400000, 0x00000000c4500000, 0x00000000c4500000|100%| E|CS|TAMS 0x00000000c4400000| PB 0x00000000c4400000| Complete 
|  37|0x00000000c4500000, 0x00000000c4600000, 0x00000000c4600000|100%| E|CS|TAMS 0x00000000c4500000| PB 0x00000000c4500000| Complete 
|  38|0x00000000c4600000, 0x00000000c4700000, 0x00000000c4700000|100%| E|CS|TAMS 0x00000000c4600000| PB 0x00000000c4600000| Complete 
|  39|0x00000000c4700000, 0x00000000c4800000, 0x00000000c4800000|100%| E|CS|TAMS 0x00000000c4700000| PB 0x00000000c4700000| Complete 
|  40|0x00000000c4800000, 0x00000000c4900000, 0x00000000c4900000|100%| E|CS|TAMS 0x00000000c4800000| PB 0x00000000c4800000| Complete 
|  41|0x00000000c4900000, 0x00000000c4a00000, 0x00000000c4a00000|100%| E|CS|TAMS 0x00000000c4900000| PB 0x00000000c4900000| Complete 
|  42|0x00000000c4a00000, 0x00000000c4b00000, 0x00000000c4b00000|100%| E|CS|TAMS 0x00000000c4a00000| PB 0x00000000c4a00000| Complete 
|  43|0x00000000c4b00000, 0x00000000c4c00000, 0x00000000c4c00000|100%| E|CS|TAMS 0x00000000c4b00000| PB 0x00000000c4b00000| Complete 
|  44|0x00000000c4c00000, 0x00000000c4d00000, 0x00000000c4d00000|100%| E|CS|TAMS 0x00000000c4c00000| PB 0x00000000c4c00000| Complete 
|  45|0x00000000c4d00000, 0x00000000c4e00000, 0x00000000c4e00000|100%| E|CS|TAMS 0x00000000c4d00000| PB 0x00000000c4d00000| Complete 
|  46|0x00000000c4e00000, 0x00000000c4e60248, 0x00000000c4f00000| 37%| S|CS|TAMS 0x00000000c4e00000| PB 0x00000000c4e00000| Complete 
|  47|0x00000000c4f00000, 0x00000000c5000000, 0x00000000c5000000|100%| S|CS|TAMS 0x00000000c4f00000| PB 0x00000000c4f00000| Complete 
|  48|0x00000000c5000000, 0x00000000c5100000, 0x00000000c5100000|100%| E|CS|TAMS 0x00000000c5000000| PB 0x00000000c5000000| Complete 
|  61|0x00000000c5d00000, 0x00000000c5e00000, 0x00000000c5e00000|100%| E|CS|TAMS 0x00000000c5d00000| PB 0x00000000c5d00000| Complete 

Card table byte_map: [0x000002445c170000,0x000002445c360000] _byte_map_base: 0x000002445bb60000

Marking Bits: (CMBitMap*) 0x0000024444f08cf0
 Bits: [0x000002445c550000, 0x000002445d4d0000)

Polling page: 0x0000024443040000

Metaspace:

Usage:
  Non-class:     23.28 MB used.
      Class:      3.26 MB used.
       Both:     26.55 MB used.

Virtual space:
  Non-class space:       64.00 MB reserved,      23.56 MB ( 37%) committed,  1 nodes.
      Class space:        1.00 GB reserved,       3.50 MB ( <1%) committed,  1 nodes.
             Both:        1.06 GB reserved,      27.06 MB (  2%) committed. 

Chunk freelists:
   Non-Class:  16.00 KB
       Class:  416.00 KB
        Both:  432.00 KB

MaxMetaspaceSize: unlimited
CompressedClassSpaceSize: 1.00 GB
Initial GC threshold: 21.00 MB
Current GC threshold: 35.12 MB
CDS: on
MetaspaceReclaimPolicy: balanced
 - commit_granule_bytes: 65536.
 - commit_granule_words: 8192.
 - virtual_space_node_default_size: 8388608.
 - enlarge_chunks_in_place: 1.
 - new_chunks_are_fully_committed: 0.
 - uncommit_free_chunks: 1.
 - use_allocation_guard: 0.


Internal statistics:

num_allocs_failed_limit: 3.
num_arena_births: 566.
num_arena_deaths: 0.
num_vsnodes_births: 2.
num_vsnodes_deaths: 0.
num_space_committed: 433.
num_space_uncommitted: 0.
num_chunks_returned_to_freelist: 3.
num_chunks_taken_from_freelist: 1572.
num_chunk_merges: 3.
num_chunk_splits: 1038.
num_chunks_enlarged: 717.
num_inconsistent_stats: 0.

CodeHeap 'non-profiled nmethods': size=120000Kb used=1447Kb max_used=1447Kb free=118552Kb
 bounds [0x0000024454a50000, 0x0000024454cc0000, 0x000002445bf80000]
CodeHeap 'profiled nmethods': size=120000Kb used=7787Kb max_used=7787Kb free=112212Kb
 bounds [0x000002444cf80000, 0x000002444d720000, 0x00000244544b0000]
CodeHeap 'non-nmethods': size=5760Kb used=1507Kb max_used=1552Kb free=4253Kb
 bounds [0x00000244544b0000, 0x0000024454720000, 0x0000024454a50000]
 total_blobs=4198 nmethods=3668 adapters=440
 compilation: enabled
              stopped_count=0, restarted_count=0
 full_count=0

Compilation events (20 events):
Event: 7.824 Thread 0x000002445f952710 3669       2       org.apache.tomcat.util.buf.CharsetCache::addToCache (65 bytes)
Event: 7.825 Thread 0x000002445f952710 nmethod 3669 0x000002444d714590 code [0x000002444d714780, 0x000002444d714ad0]
Event: 7.825 Thread 0x000002445f952710 3670       2       java.nio.charset.Charset::aliases (60 bytes)
Event: 7.826 Thread 0x000002445f952710 nmethod 3670 0x000002444d714d10 code [0x000002444d714ee0, 0x000002444d715368]
Event: 7.826 Thread 0x000002445f952710 3671       2       java.nio.CharBuffer::position (6 bytes)
Event: 7.827 Thread 0x000002445f952710 nmethod 3671 0x000002444d715610 code [0x000002444d7157a0, 0x000002444d7158d0]
Event: 7.827 Thread 0x000002445f952710 3672       2       java.nio.ByteBuffer::array (35 bytes)
Event: 7.827 Thread 0x000002445f952710 nmethod 3672 0x000002444d715990 code [0x000002444d715b40, 0x000002444d715d80]
Event: 7.827 Thread 0x000002445f952710 3673       2       java.nio.Buffer::flip (20 bytes)
Event: 7.827 Thread 0x000002445f952710 nmethod 3673 0x000002444d715e90 code [0x000002444d716020, 0x000002444d716140]
Event: 7.827 Thread 0x000002445f952710 3674       2       java.nio.charset.CoderResult::isOverflow (14 bytes)
Event: 7.827 Thread 0x000002445f952710 nmethod 3674 0x000002444d716210 code [0x000002444d7163a0, 0x000002444d7164c0]
Event: 7.827 Thread 0x000002445f952710 3675       2       java.nio.ByteBuffer::flip (7 bytes)
Event: 7.827 Thread 0x000002445f952710 nmethod 3675 0x000002444d716590 code [0x000002444d716720, 0x000002444d716840]
Event: 7.827 Thread 0x000002445f952710 3676   !   2       java.nio.charset.CharsetDecoder::decode (275 bytes)
Event: 7.829 Thread 0x000002445f952710 nmethod 3676 0x000002444d716910 code [0x000002444d716b40, 0x000002444d717248]
Event: 7.829 Thread 0x000002445f952710 3680       2       java.lang.invoke.InvokerBytecodeGenerator::<init> (12 bytes)
Event: 7.829 Thread 0x000002445f952710 nmethod 3680 0x000002444d717610 code [0x000002444d7177a0, 0x000002444d717908]
Event: 7.829 Thread 0x000002445f952710 3677       1       java.nio.charset.CharsetDecoder::averageCharsPerByte (5 bytes)
Event: 7.829 Thread 0x000002445f952710 nmethod 3677 0x0000024454bb9990 code [0x0000024454bb9b00, 0x0000024454bb9bc8]

GC Heap History (10 events):
Event: 1.121 GC heap before
{Heap before GC invocations=0 (full 0):
 garbage-first heap   total 63488K, used 13312K [0x00000000c2000000, 0x0000000100000000)
  region size 1024K, 13 young (13312K), 0 survivors (0K)
 Metaspace       used 3384K, committed 3584K, reserved 1114112K
  class space    used 343K, committed 448K, reserved 1048576K
}
Event: 1.132 GC heap after
{Heap after GC invocations=1 (full 0):
 garbage-first heap   total 63488K, used 6010K [0x00000000c2000000, 0x0000000100000000)
  region size 1024K, 2 young (2048K), 2 survivors (2048K)
 Metaspace       used 3384K, committed 3584K, reserved 1114112K
  class space    used 343K, committed 448K, reserved 1048576K
}
Event: 2.043 GC heap before
{Heap before GC invocations=1 (full 0):
 garbage-first heap   total 63488K, used 17274K [0x00000000c2000000, 0x0000000100000000)
  region size 1024K, 14 young (14336K), 2 survivors (2048K)
 Metaspace       used 7018K, committed 7232K, reserved 1114112K
  class space    used 817K, committed 896K, reserved 1048576K
}
Event: 2.053 GC heap after
{Heap after GC invocations=2 (full 0):
 garbage-first heap   total 63488K, used 7480K [0x00000000c2000000, 0x0000000100000000)
  region size 1024K, 2 young (2048K), 2 survivors (2048K)
 Metaspace       used 7018K, committed 7232K, reserved 1114112K
  class space    used 817K, committed 896K, reserved 1048576K
}
Event: 2.896 GC heap before
{Heap before GC invocations=2 (full 0):
 garbage-first heap   total 63488K, used 28984K [0x00000000c2000000, 0x0000000100000000)
  region size 1024K, 24 young (24576K), 2 survivors (2048K)
 Metaspace       used 13130K, committed 13440K, reserved 1114112K
  class space    used 1544K, committed 1664K, reserved 1048576K
}
Event: 2.903 GC heap after
{Heap after GC invocations=3 (full 0):
 garbage-first heap   total 63488K, used 9389K [0x00000000c2000000, 0x0000000100000000)
  region size 1024K, 3 young (3072K), 3 survivors (3072K)
 Metaspace       used 13130K, committed 13440K, reserved 1114112K
  class space    used 1544K, committed 1664K, reserved 1048576K
}
Event: 4.990 GC heap before
{Heap before GC invocations=3 (full 0):
 garbage-first heap   total 63488K, used 43181K [0x00000000c2000000, 0x0000000100000000)
  region size 1024K, 37 young (37888K), 3 survivors (3072K)
 Metaspace       used 18816K, committed 19136K, reserved 1114112K
  class space    used 2228K, committed 2368K, reserved 1048576K
}
Event: 5.008 GC heap after
{Heap after GC invocations=4 (full 0):
 garbage-first heap   total 63488K, used 12424K [0x00000000c2000000, 0x0000000100000000)
  region size 1024K, 5 young (5120K), 5 survivors (5120K)
 Metaspace       used 18816K, committed 19136K, reserved 1114112K
  class space    used 2228K, committed 2368K, reserved 1048576K
}
Event: 5.846 GC heap before
{Heap before GC invocations=4 (full 0):
 garbage-first heap   total 63488K, used 25736K [0x00000000c2000000, 0x0000000100000000)
  region size 1024K, 19 young (19456K), 5 survivors (5120K)
 Metaspace       used 21192K, committed 21504K, reserved 1114112K
  class space    used 2529K, committed 2688K, reserved 1048576K
}
Event: 5.864 GC heap after
{Heap after GC invocations=5 (full 0):
 garbage-first heap   total 63488K, used 13661K [0x00000000c2000000, 0x0000000100000000)
  region size 1024K, 2 young (2048K), 2 survivors (2048K)
 Metaspace       used 21192K, committed 21504K, reserved 1114112K
  class space    used 2529K, committed 2688K, reserved 1048576K
}

Dll operation events (10 events):
Event: 0.024 Loaded shared library C:\Program Files\Java\jdk-20\bin\java.dll
Event: 0.046 Loaded shared library C:\Program Files\Java\jdk-20\bin\jsvml.dll
Event: 0.267 Loaded shared library C:\Program Files\Java\jdk-20\bin\zip.dll
Event: 0.274 Loaded shared library C:\Program Files\Java\jdk-20\bin\instrument.dll
Event: 0.284 Loaded shared library C:\Program Files\Java\jdk-20\bin\net.dll
Event: 0.287 Loaded shared library C:\Program Files\Java\jdk-20\bin\nio.dll
Event: 0.292 Loaded shared library C:\Program Files\Java\jdk-20\bin\zip.dll
Event: 0.499 Loaded shared library C:\Program Files\JetBrains\IntelliJ IDEA Community Edition 2023.2\bin\breakgen64.dll
Event: 0.518 Loaded shared library C:\Program Files\Java\jdk-20\bin\extnet.dll
Event: 0.588 Loaded shared library C:\Program Files\Java\jdk-20\bin\jimage.dll

Deoptimization events (20 events):
Event: 7.695 Thread 0x0000024444ec8530 DEOPT PACKING pc=0x000002444d7009c5 sp=0x000000a1e5ffdb10
Event: 7.695 Thread 0x0000024444ec8530 DEOPT UNPACKING pc=0x000002445451a4c2 sp=0x000000a1e5ffcfc0 mode 0
Event: 7.721 Thread 0x0000024444ec8530 DEOPT PACKING pc=0x000002444d6f854e sp=0x000000a1e5ffe120
Event: 7.721 Thread 0x0000024444ec8530 DEOPT UNPACKING pc=0x000002445451a4c2 sp=0x000000a1e5ffd630 mode 0
Event: 7.740 Thread 0x0000024444ec8530 DEOPT PACKING pc=0x000002444d6f854e sp=0x000000a1e5ffdac0
Event: 7.740 Thread 0x0000024444ec8530 DEOPT UNPACKING pc=0x000002445451a4c2 sp=0x000000a1e5ffcfa8 mode 0
Event: 7.754 Thread 0x0000024444ec8530 DEOPT PACKING pc=0x000002444d6f854e sp=0x000000a1e5ffdc30
Event: 7.754 Thread 0x0000024444ec8530 DEOPT UNPACKING pc=0x000002445451a4c2 sp=0x000000a1e5ffd118 mode 0
Event: 7.754 Thread 0x0000024444ec8530 DEOPT PACKING pc=0x000002444d6f854e sp=0x000000a1e5ffdc30
Event: 7.754 Thread 0x0000024444ec8530 DEOPT UNPACKING pc=0x000002445451a4c2 sp=0x000000a1e5ffd118 mode 0
Event: 7.846 Thread 0x0000024444ec8530 DEOPT PACKING pc=0x000002444d6f854e sp=0x000000a1e5ffde20
Event: 7.846 Thread 0x0000024444ec8530 DEOPT UNPACKING pc=0x000002445451a4c2 sp=0x000000a1e5ffd308 mode 0
Event: 7.846 Thread 0x0000024444ec8530 Uncommon trap: trap_request=0xffffff45 fr.pc=0x0000024454ad45fc relative=0x00000000000003dc
Event: 7.846 Thread 0x0000024444ec8530 Uncommon trap: reason=unstable_if action=reinterpret pc=0x0000024454ad45fc method=java.lang.AbstractStringBuilder.isLatin1()Z @ 10 c2
Event: 7.846 Thread 0x0000024444ec8530 DEOPT PACKING pc=0x0000024454ad45fc sp=0x000000a1e5ffddb0
Event: 7.846 Thread 0x0000024444ec8530 DEOPT UNPACKING pc=0x0000024454519d22 sp=0x000000a1e5ffdd00 mode 2
Event: 7.847 Thread 0x0000024444ec8530 DEOPT PACKING pc=0x000002444d6f854e sp=0x000000a1e5ffde20
Event: 7.847 Thread 0x0000024444ec8530 DEOPT UNPACKING pc=0x000002445451a4c2 sp=0x000000a1e5ffd308 mode 0
Event: 7.860 Thread 0x0000024444ec8530 DEOPT PACKING pc=0x000002444d6f854e sp=0x000000a1e5ffde20
Event: 7.860 Thread 0x0000024444ec8530 DEOPT UNPACKING pc=0x000002445451a4c2 sp=0x000000a1e5ffd308 mode 0

Classes loaded (20 events):
Event: 7.771 Loading class java/net/SocketTimeoutException
Event: 7.771 Loading class java/io/InterruptedIOException
Event: 7.772 Loading class java/io/InterruptedIOException done
Event: 7.772 Loading class java/net/SocketTimeoutException done
Event: 7.773 Loading class java/beans/PropertyChangeSupport
Event: 7.773 Loading class java/beans/PropertyChangeSupport done
Event: 7.773 Loading class java/beans/PropertyChangeSupport$PropertyChangeListenerMap
Event: 7.773 Loading class java/beans/ChangeListenerMap
Event: 7.774 Loading class java/beans/ChangeListenerMap done
Event: 7.774 Loading class java/beans/PropertyChangeSupport$PropertyChangeListenerMap done
Event: 7.774 Loading class java/beans/PropertyChangeListener
Event: 7.774 Loading class java/beans/PropertyChangeListener done
Event: 7.802 Loading class java/beans/PropertyChangeEvent
Event: 7.802 Loading class java/beans/PropertyChangeEvent done
Event: 7.815 Loading class javax/management/ObjectName
Event: 7.816 Loading class javax/management/QueryExp
Event: 7.816 Loading class javax/management/QueryExp done
Event: 7.816 Loading class javax/management/ObjectName done
Event: 7.825 Loading class java/nio/BufferUnderflowException
Event: 7.826 Loading class java/nio/BufferUnderflowException done

Classes unloaded (0 events):
No events

Classes redefined (0 events):
No events

Internal exceptions (20 events):
Event: 6.567 Thread 0x0000024444ec8530 Exception <a 'java/lang/NoSuchMethodError'{0x00000000c477d870}: 'void java.lang.invoke.DirectMethodHandle$Holder.invokeVirtual(java.lang.Object, java.lang.Object, int)'> (0x00000000c477d870) 
thrown [s\open\src\hotspot\share\interpreter\linkResolver.cpp, line 773]
Event: 6.568 Thread 0x0000024444ec8530 Exception <a 'java/lang/NoSuchMethodError'{0x00000000c4781720}: 'int java.lang.invoke.DirectMethodHandle$Holder.invokeSpecial(java.lang.Object, java.lang.Object, java.lang.Object, int)'> (0x00000000c4781720) 
thrown [s\open\src\hotspot\share\interpreter\linkResolver.cpp, line 773]
Event: 6.571 Thread 0x0000024444ec8530 Exception <a 'java/lang/NoSuchMethodError'{0x00000000c4793698}: 'java.lang.Object java.lang.invoke.DirectMethodHandle$Holder.invokeStatic(java.lang.Object, java.lang.Object, java.lang.Object, java.lang.Object, int)'> (0x00000000c4793698) 
thrown [s\open\src\hotspot\share\interpreter\linkResolver.cpp, line 773]
Event: 6.572 Thread 0x0000024444ec8530 Exception <a 'java/lang/NoSuchMethodError'{0x00000000c479dd50}: 'void java.lang.invoke.DelegatingMethodHandle$Holder.reinvoke_L(java.lang.Object, java.lang.Object, int)'> (0x00000000c479dd50) 
thrown [s\open\src\hotspot\share\interpreter\linkResolver.cpp, line 773]
Event: 6.767 Thread 0x0000024444ec8530 Exception <a 'java/lang/NoSuchMethodError'{0x00000000c444fec8}: 'java.lang.Object java.lang.invoke.DirectMethodHandle$Holder.invokeSpecialIFC(java.lang.Object, java.lang.Object, java.lang.Object)'> (0x00000000c444fec8) 
thrown [s\open\src\hotspot\share\interpreter\linkResolver.cpp, line 773]
Event: 6.789 Thread 0x0000024444ec8530 Exception <a 'java/lang/NoSuchMethodError'{0x00000000c4499a20}: 'java.lang.Object java.lang.invoke.DirectMethodHandle$Holder.invokeVirtual(java.lang.Object, java.lang.Object, java.lang.Object, java.lang.Object, java.lang.Object)'> (0x00000000c4499a20) 
thrown [s\open\src\hotspot\share\interpreter\linkResolver.cpp, line 773]
Event: 7.131 Thread 0x0000024444ec8530 Exception <a 'java/lang/NoSuchMethodError'{0x00000000c41569d8}: 'java.lang.reflect.Field[] java.lang.Class.getDeclaredFields(java.lang.Class)'> (0x00000000c41569d8) 
thrown [s\open\src\hotspot\share\interpreter\linkResolver.cpp, line 773]
Event: 7.219 Thread 0x0000024444ec8530 Exception <a 'java/lang/NoSuchMethodError'{0x00000000c41db1e0}: 'java.lang.Object java.lang.invoke.DirectMethodHandle$Holder.invokeVirtual(java.lang.Object, java.lang.Object, java.lang.Object, java.lang.Object, java.lang.Object, java.lang.Object)'> (0x00000000c41db1e0) 
thrown [s\open\src\hotspot\share\interpreter\linkResolver.cpp, line 773]
Event: 7.307 Thread 0x0000024444ec8530 Exception <a 'java/lang/NoSuchMethodError'{0x00000000c40b9ff0}: 'void java.lang.invoke.DirectMethodHandle$Holder.invokeInterface(java.lang.Object, java.lang.Object, int)'> (0x00000000c40b9ff0) 
thrown [s\open\src\hotspot\share\interpreter\linkResolver.cpp, line 773]
Event: 7.319 Thread 0x0000024444ec8530 Exception <a 'java/lang/IncompatibleClassChangeError'{0x00000000c3f09560}: Found class java.lang.Object, but interface was expected> (0x00000000c3f09560) 
thrown [s\open\src\hotspot\share\interpreter\linkResolver.cpp, line 840]
Event: 7.322 Thread 0x0000024444ec8530 Exception <a 'java/lang/NoSuchMethodError'{0x00000000c3f19fc0}: 'int java.lang.invoke.DirectMethodHandle$Holder.invokeSpecialIFC(java.lang.Object, java.lang.Object, java.lang.Object)'> (0x00000000c3f19fc0) 
thrown [s\open\src\hotspot\share\interpreter\linkResolver.cpp, line 773]
Event: 7.324 Thread 0x0000024444ec8530 Exception <a 'java/lang/NoSuchMethodError'{0x00000000c3f27b28}: 'void java.lang.invoke.DirectMethodHandle$Holder.invokeStatic(java.lang.Object, int, java.lang.Object)'> (0x00000000c3f27b28) 
thrown [s\open\src\hotspot\share\interpreter\linkResolver.cpp, line 773]
Event: 7.335 Thread 0x0000024444ec8530 Exception <a 'java/lang/NoSuchMethodError'{0x00000000c3f65498}: 'void java.lang.invoke.DirectMethodHandle$Holder.invokeStatic(java.lang.Object, java.lang.Object, java.lang.Object, int, java.lang.Object)'> (0x00000000c3f65498) 
thrown [s\open\src\hotspot\share\interpreter\linkResolver.cpp, line 773]
Event: 7.336 Thread 0x0000024444ec8530 Exception <a 'java/lang/NoSuchMethodError'{0x00000000c3f6c5d0}: 'java.lang.Object java.lang.invoke.DirectMethodHandle$Holder.newInvokeSpecial(java.lang.Object, java.lang.Object, java.lang.Object, int)'> (0x00000000c3f6c5d0) 
thrown [s\open\src\hotspot\share\interpreter\linkResolver.cpp, line 773]
Event: 7.337 Thread 0x0000024444ec8530 Exception <a 'java/lang/NoSuchMethodError'{0x00000000c3f703c0}: 'java.lang.Object java.lang.invoke.DirectMethodHandle$Holder.invokeSpecial(java.lang.Object, java.lang.Object, java.lang.Object, java.lang.Object, int)'> (0x00000000c3f703c0) 
thrown [s\open\src\hotspot\share\interpreter\linkResolver.cpp, line 773]
Event: 7.337 Thread 0x0000024444ec8530 Exception <a 'java/lang/NoSuchMethodError'{0x00000000c3f73848}: 'java.lang.Object java.lang.invoke.Invokers$Holder.linkToTargetMethod(java.lang.Object, java.lang.Object, int, java.lang.Object)'> (0x00000000c3f73848) 
thrown [s\open\src\hotspot\share\interpreter\linkResolver.cpp, line 773]
Event: 7.571 Thread 0x0000024444ec8530 Exception <a 'java/lang/NoSuchMethodError'{0x00000000c3b86958}: 'java.lang.Object java.lang.invoke.DirectMethodHandle$Holder.invokeStaticInit(java.lang.Object, int, int, int, int)'> (0x00000000c3b86958) 
thrown [s\open\src\hotspot\share\interpreter\linkResolver.cpp, line 773]
Event: 7.701 Thread 0x0000024444ec8530 Exception <a 'java/lang/NoSuchMethodError'{0x00000000c3a08120}: 'java.lang.Object java.lang.invoke.DirectMethodHandle$Holder.invokeStaticInit(java.lang.Object, java.lang.Object, int, int, int, int)'> (0x00000000c3a08120) 
thrown [s\open\src\hotspot\share\interpreter\linkResolver.cpp, line 773]
Event: 7.828 Thread 0x0000024444ec8530 Exception <a 'java/lang/NoSuchMethodError'{0x00000000c385fce8}: 'int java.lang.invoke.DirectMethodHandle$Holder.invokeVirtual(java.lang.Object, java.lang.Object, java.lang.Object, java.lang.Object)'> (0x00000000c385fce8) 
thrown [s\open\src\hotspot\share\interpreter\linkResolver.cpp, line 773]
Event: 7.828 Thread 0x0000024444ec8530 Exception <a 'java/lang/NoSuchMethodError'{0x00000000c3863750}: 'int java.lang.invoke.DelegatingMethodHandle$Holder.reinvoke_L(java.lang.Object, java.lang.Object, java.lang.Object, java.lang.Object)'> (0x00000000c3863750) 
thrown [s\open\src\hotspot\share\interpreter\linkResolver.cpp, line 773]

VM Operations (20 events):
Event: 5.897 Executing VM operation: G1PauseCleanup
Event: 5.897 Executing VM operation: G1PauseCleanup done
Event: 6.081 Executing VM operation: HandshakeAllThreads
Event: 6.081 Executing VM operation: HandshakeAllThreads done
Event: 6.122 Executing VM operation: HandshakeAllThreads
Event: 6.122 Executing VM operation: HandshakeAllThreads done
Event: 6.130 Executing VM operation: HandshakeAllThreads
Event: 6.130 Executing VM operation: HandshakeAllThreads done
Event: 6.730 Executing VM operation: HandshakeAllThreads
Event: 6.730 Executing VM operation: HandshakeAllThreads done
Event: 7.080 Executing VM operation: ICBufferFull
Event: 7.082 Executing VM operation: ICBufferFull done
Event: 7.170 Executing VM operation: HandshakeAllThreads
Event: 7.171 Executing VM operation: HandshakeAllThreads done
Event: 7.462 Executing VM operation: HandshakeAllThreads
Event: 7.462 Executing VM operation: HandshakeAllThreads done
Event: 7.531 Executing VM operation: HandshakeAllThreads
Event: 7.531 Executing VM operation: HandshakeAllThreads done
Event: 7.545 Executing VM operation: HandshakeAllThreads
Event: 7.545 Executing VM operation: HandshakeAllThreads done

Events (16 events):
Event: 0.047 Thread 0x0000024444ec8530 Thread added: 0x0000024444ec8530
Event: 0.075 Thread 0x000002445f93b9e0 Thread added: 0x000002445f93b9e0
Event: 0.075 Thread 0x000002445f93d890 Thread added: 0x000002445f93d890
Event: 0.076 Thread 0x000002445f93e9e0 Thread added: 0x000002445f93e9e0
Event: 0.076 Thread 0x000002445f93f320 Thread added: 0x000002445f93f320
Event: 0.076 Thread 0x000002445f940c70 Thread added: 0x000002445f940c70
Event: 0.077 Thread 0x000002445f94ba00 Thread added: 0x000002445f94ba00
Event: 0.077 Thread 0x000002445f94fb70 Thread added: 0x000002445f94fb70
Event: 0.077 Thread 0x000002445f952710 Thread added: 0x000002445f952710
Event: 0.227 Thread 0x000002445f9fe9d0 Thread added: 0x000002445f9fe9d0
Event: 0.500 Thread 0x0000024463eb5a60 Thread added: 0x0000024463eb5a60
Event: 0.501 Thread 0x0000024463e2ed50 Thread added: 0x0000024463e2ed50
Event: 2.382 Thread 0x00000244649f89d0 Thread added: 0x00000244649f89d0
Event: 3.190 Thread 0x00000244649f89d0 Thread exited: 0x00000244649f89d0
Event: 3.280 Thread 0x0000024464e63050 Thread added: 0x0000024464e63050
Event: 3.336 Thread 0x0000024464e63050 Thread exited: 0x0000024464e63050


Dynamic libraries:
0x00007ff7f12d0000 - 0x00007ff7f12e0000 	C:\Program Files\Java\jdk-20\bin\java.exe
0x00007ff889850000 - 0x00007ff889a48000 	C:\Windows\SYSTEM32\ntdll.dll
0x00007ff8878b0000 - 0x00007ff88796d000 	C:\Windows\System32\KERNEL32.DLL
0x00007ff887100000 - 0x00007ff8873f6000 	C:\Windows\System32\KERNELBASE.dll
0x00007ff887400000 - 0x00007ff887500000 	C:\Windows\System32\ucrtbase.dll
0x00007ff87fa40000 - 0x00007ff87fa59000 	C:\Program Files\Java\jdk-20\bin\jli.dll
0x00007ff889000000 - 0x00007ff8890ae000 	C:\Windows\System32\ADVAPI32.dll
0x00007ff888500000 - 0x00007ff88859e000 	C:\Windows\System32\msvcrt.dll
0x00007ff8891f0000 - 0x00007ff88928c000 	C:\Windows\System32\sechost.dll
0x00007ff888910000 - 0x00007ff888a36000 	C:\Windows\System32\RPCRT4.dll
0x00007ff87f790000 - 0x00007ff87f7ab000 	C:\Program Files\Java\jdk-20\bin\VCRUNTIME140.dll
0x00007ff888a40000 - 0x00007ff888bde000 	C:\Windows\System32\USER32.dll
0x00007ff887620000 - 0x00007ff887642000 	C:\Windows\System32\win32u.dll
0x00007ff8897c0000 - 0x00007ff8897ec000 	C:\Windows\System32\GDI32.dll
0x00007ff877ae0000 - 0x00007ff877d7a000 	C:\Windows\WinSxS\amd64_microsoft.windows.common-controls_6595b64144ccf1df_6.0.19041.1110_none_60b5254171f9507e\COMCTL32.dll
0x00007ff887790000 - 0x00007ff8878aa000 	C:\Windows\System32\gdi32full.dll
0x00007ff887580000 - 0x00007ff88761d000 	C:\Windows\System32\msvcp_win.dll
0x00007ff880160000 - 0x00007ff88016a000 	C:\Windows\SYSTEM32\VERSION.dll
0x00007ff889110000 - 0x00007ff889140000 	C:\Windows\System32\IMM32.DLL
0x00007ff882960000 - 0x00007ff88296c000 	C:\Program Files\Java\jdk-20\bin\vcruntime140_1.dll
0x00007ff866b30000 - 0x00007ff866bbe000 	C:\Program Files\Java\jdk-20\bin\msvcp140.dll
0x00007ff857400000 - 0x00007ff858097000 	C:\Program Files\Java\jdk-20\bin\server\jvm.dll
0x00007ff87fa10000 - 0x00007ff87fa19000 	C:\Windows\SYSTEM32\WSOCK32.dll
0x00007ff888f90000 - 0x00007ff888ffb000 	C:\Windows\System32\WS2_32.dll
0x00007ff870410000 - 0x00007ff870437000 	C:\Windows\SYSTEM32\WINMM.dll
0x00007ff884dc0000 - 0x00007ff884dd2000 	C:\Windows\SYSTEM32\kernel.appcore.dll
0x00007ff881830000 - 0x00007ff88183a000 	C:\Program Files\Java\jdk-20\bin\jimage.dll
0x00007ff873d10000 - 0x00007ff873ef4000 	C:\Windows\SYSTEM32\DBGHELP.DLL
0x00007ff873600000 - 0x00007ff873634000 	C:\Windows\SYSTEM32\dbgcore.DLL
0x00007ff887700000 - 0x00007ff887782000 	C:\Windows\System32\bcryptPrimitives.dll
0x00007ff882950000 - 0x00007ff88295e000 	C:\Program Files\Java\jdk-20\bin\instrument.dll
0x00007ff87f6f0000 - 0x00007ff87f716000 	C:\Program Files\Java\jdk-20\bin\java.dll
0x00007ff8619e0000 - 0x00007ff861ab7000 	C:\Program Files\Java\jdk-20\bin\jsvml.dll
0x00007ff887970000 - 0x00007ff8880b5000 	C:\Windows\System32\SHELL32.dll
0x00007ff884fc0000 - 0x00007ff88575b000 	C:\Windows\SYSTEM32\windows.storage.dll
0x00007ff8885b0000 - 0x00007ff888904000 	C:\Windows\System32\combase.dll
0x00007ff8868a0000 - 0x00007ff8868ce000 	C:\Windows\SYSTEM32\Wldp.dll
0x00007ff889140000 - 0x00007ff8891ed000 	C:\Windows\System32\SHCORE.dll
0x00007ff888f30000 - 0x00007ff888f85000 	C:\Windows\System32\shlwapi.dll
0x00007ff886e60000 - 0x00007ff886e85000 	C:\Windows\SYSTEM32\profapi.dll
0x00007ff87f6b0000 - 0x00007ff87f6c8000 	C:\Program Files\Java\jdk-20\bin\zip.dll
0x00007ff878420000 - 0x00007ff878433000 	C:\Program Files\Java\jdk-20\bin\net.dll
0x00007ff87ba40000 - 0x00007ff87bb4a000 	C:\Windows\SYSTEM32\WINHTTP.dll
0x00007ff886600000 - 0x00007ff88666a000 	C:\Windows\system32\mswsock.dll
0x00007ff874d20000 - 0x00007ff874d36000 	C:\Program Files\Java\jdk-20\bin\nio.dll
0x00007ff87f8a0000 - 0x00007ff87f8ba000 	C:\Program Files\JetBrains\IntelliJ IDEA Community Edition 2023.2\bin\breakgen64.dll
0x00007ff8812c0000 - 0x00007ff8812c7000 	C:\Program Files\Java\jdk-20\bin\extnet.dll
0x00007ff8867f0000 - 0x00007ff886808000 	C:\Windows\SYSTEM32\CRYPTSP.dll
0x00007ff885f10000 - 0x00007ff885f44000 	C:\Windows\system32\rsaenh.dll
0x00007ff887550000 - 0x00007ff887577000 	C:\Windows\System32\bcrypt.dll
0x00007ff886e20000 - 0x00007ff886e4e000 	C:\Windows\SYSTEM32\USERENV.dll
0x00007ff886810000 - 0x00007ff88681c000 	C:\Windows\SYSTEM32\CRYPTBASE.dll
0x00007ff8862f0000 - 0x00007ff88632b000 	C:\Windows\SYSTEM32\IPHLPAPI.DLL
0x00007ff8885a0000 - 0x00007ff8885a8000 	C:\Windows\System32\NSI.dll
0x00007ff87bd30000 - 0x00007ff87bd47000 	C:\Windows\SYSTEM32\dhcpcsvc6.DLL
0x00007ff87d3c0000 - 0x00007ff87d3dd000 	C:\Windows\SYSTEM32\dhcpcsvc.DLL
0x00007ff886330000 - 0x00007ff8863fa000 	C:\Windows\SYSTEM32\DNSAPI.dll

dbghelp: loaded successfully - version: 4.0.5 - missing functions: none
symbol engine: initialized successfully - sym options: 0x614 - pdb path: .;C:\Program Files\Java\jdk-20\bin;C:\Windows\SYSTEM32;C:\Windows\WinSxS\amd64_microsoft.windows.common-controls_6595b64144ccf1df_6.0.19041.1110_none_60b5254171f9507e;C:\Program Files\Java\jdk-20\bin\server;C:\Program Files\JetBrains\IntelliJ IDEA Community Edition 2023.2\bin

VM Arguments:
jvm_args: -javaagent:C:\Program Files\JetBrains\IntelliJ IDEA Community Edition 2023.2\lib\idea_rt.jar=51392:C:\Program Files\JetBrains\IntelliJ IDEA Community Edition 2023.2\bin -Dfile.encoding=UTF-8 -Dsun.stdout.encoding=UTF-8 -Dsun.stderr.encoding=UTF-8 
java_command: com.geekster.JobSearchPortal.JobSearchPortalApplication
java_class_path (initial): C:\Users\LENOVO\Desktop\Spring Boot\Weekly Test\JobSearchPortal\target\classes;C:\Users\LENOVO\.m2\repository\org\springdoc\springdoc-openapi-starter-webmvc-ui\2.1.0\springdoc-openapi-starter-webmvc-ui-2.1.0.jar;C:\Users\LENOVO\.m2\repository\org\springdoc\springdoc-openapi-starter-webmvc-api\2.1.0\springdoc-openapi-starter-webmvc-api-2.1.0.jar;C:\Users\LENOVO\.m2\repository\org\springdoc\springdoc-openapi-starter-common\2.1.0\springdoc-openapi-starter-common-2.1.0.jar;C:\Users\LENOVO\.m2\repository\io\swagger\core\v3\swagger-core-jakarta\2.2.9\swagger-core-jakarta-2.2.9.jar;C:\Users\LENOVO\.m2\repository\org\apache\commons\commons-lang3\3.12.0\commons-lang3-3.12.0.jar;C:\Users\LENOVO\.m2\repository\io\swagger\core\v3\swagger-annotations-jakarta\2.2.9\swagger-annotations-jakarta-2.2.9.jar;C:\Users\LENOVO\.m2\repository\io\swagger\core\v3\swagger-models-jakarta\2.2.9\swagger-models-jakarta-2.2.9.jar;C:\Users\LENOVO\.m2\repository\jakarta\validation\jakarta.validation-api\3.0.2\jakarta.validation-api-3.0.2.jar;C:\Users\LENOVO\.m2\repository\com\fasterxml\jackson\dataformat\jackson-dataformat-yaml\2.15.2\jackson-dataformat-yaml-2.15.2.jar;C:\Users\LENOVO\.m2\repository\org\webjars\swagger-ui\4.18.2\swagger-ui-4.18.2.jar;C:\Users\LENOVO\.m2\repository\org\springframework\boot\spring-boot-starter-data-jpa\3.1.4\spring-boot-starter-data-jpa-3.1.4.jar;C:\Users\LENOVO\.m2\repository\org\springframework\boot\spring-boot-starter-aop\3.1.4\spring-boot-starter-aop-3.1.4.jar;C:\Users\LENOVO\.m2\repository\org\springframework\spring-aop\6.0.12\spring-aop-6.0.12.jar;C:\Users\LENOVO\.m2\repository\org\aspectj\aspectjweaver\1.9.20\aspectjweaver-1.9.20.jar;C:\Users\LENOVO\.m2\repository\org\springframework\boot\spring-boot-starter-jdbc\3.1.4\spring-boot-starter-jdbc-3.1.4.jar;C:\Users\LENOVO\.m2\repository\com\zaxxer\HikariCP\5.0.1\HikariCP-5.0.1.jar;C:\Users\LENOVO\.m2\repository\org\springframework\spring-jdbc\6.0.12\spring-jdbc-6.0.12.jar;C:\Users\LENOVO\.m2\repository\org\hibernate\orm\hibernate-core\6.2.9.Final\hibernate-core-6.2.9.Final.jar;C:\Users\LENOVO\.m2\repository\jakarta\persistence\jakarta.persistence-api\3.1.0\jakarta.persistence-api-3.1.0.jar;C:\Users\LENOVO\.m2\repository\jakarta\transaction\jakarta.transaction-api\2.0.1\jakarta.transaction-api-2.0.1.jar;C:\Users\LENOVO\.m2\repository\org\jboss\logging\jboss-logging\3.5.3.Final\jboss-logging-3.5.3.Final.jar;C:\Users\LENOVO\.m2\repository\org\hibernate\common\hibernate-commons-annotations\6.0.6.Final\hibernate-commons-annotations-6.0.6.Final.jar;C:\Users\LENOVO\.m2\repository\io\smallrye\jandex\3.0.5\jandex-3.0.5.jar;C:\Users\LENOVO\.m2\repository\com\fasterxml\classmate\1.5.1\classmate-1.5.1.jar;C:\Users\LENOVO\.m2\repository\net\bytebuddy\byte-buddy\1.14.8\byte-buddy-1.14.8.jar;C:\Users\LENOVO\.m2\repository\org\glassfish\jaxb\jaxb-runtime\4.0.3\jaxb-runtime-4.0.3.jar;C:\Users\LENOVO\.m2\repository\org\glassfish\jaxb\jaxb-core\4.0.3\jaxb-core-4.0.3.jar;C:\Users\LENOVO\.m2\repository\org\eclipse\angus\angus-activation\2.0.1\angus-activation-2.0.1.jar;C:\Users\LENOVO\.m2\repository\org\glassfish\jaxb\txw2\4.0.3\txw2-4.0.3.jar;C:\Users\LENOVO\.m2\repository\com\sun\istack\istack-commons-runtime\4.1.2\istack-commons-runtime-4.1.2.jar;C:\Users\LENOVO\.m2\repository\jakarta\inject\jakarta.inject-api\2.0.1\jakarta.inject-api-2.0.1.jar;C:\Users\LENOVO\.m2\repository\org\antlr\antlr4-runtime\4.10.1\antlr4-runtime-4.10.1.jar;C:\Users\LENOVO\.m2\repository\org\springframework\data\spring-data-jpa\3.1.4\spring-data-jpa-3.1.4.jar;C:\Users\LENOVO\.m2\repository\org\springframework\data\spring-data-commons\3.1.4\spring-data-commons-3.1.4.jar;C:\Users\LENOVO\.m2\repository\org\springframework\spring-orm\6.0.12\spring-orm-6.0.12.jar;C:\Users\LENOVO\.m2\repository\org\springframework\spring-context\6.0.12\spring-context-6.0.12.jar;C:\Users\LENOVO\.m2\repository\org\springframework\spring-tx\6.0.12\spring-tx-6.0.12.jar;C:\Users\LENOVO\.m2\repository\org\springframework\spring-beans\6.0.12\spring-beans-6.0.12.jar;C:\Users\LENOVO\.m2\repository\jakarta\annotation\jakarta.annotation-api\2.1.1\jakarta.annotation-api-2.1.1.jar;C:\Users\LENOVO\.m2\repository\org\slf4j\slf4j-api\2.0.9\slf4j-api-2.0.9.jar;C:\Users\LENOVO\.m2\repository\org\springframework\spring-aspects\6.0.12\spring-aspects-6.0.12.jar;C:\Users\LENOVO\.m2\repository\org\springframework\boot\spring-boot-starter-web\3.1.4\spring-boot-starter-web-3.1.4.jar;C:\Users\LENOVO\.m2\repository\org\springframework\boot\spring-boot-starter\3.1.4\spring-boot-starter-3.1.4.jar;C:\Users\LENOVO\.m2\repository\org\springframework\boot\spring-boot\3.1.4\spring-boot-3.1.4.jar;C:\Users\LENOVO\.m2\repository\org\springframework\boot\spring-boot-autoconfigure\3.1.4\spring-boot-autoconfigure-3.1.4.jar;C:\Users\LENOVO\.m2\repository\org\springframework\boot\spring-boot-starter-logging\3.1.4\spring-boot-starter-logging-3.1.4.jar;C:\Users\LENOVO\.m2\repository\ch\qos\logback\logback-classic\1.4.11\logback-classic-1.4.11.jar;C:\Users\LENOVO\.m2\repository\ch\qos\logback\logback-core\1.4.11\logback-core-1.4.11.jar;C:\Users\LENOVO\.m2\repository\org\apache\logging\log4j\log4j-to-slf4j\2.20.0\log4j-to-slf4j-2.20.0.jar;C:\Users\LENOVO\.m2\repository\org\apache\logging\log4j\log4j-api\2.20.0\log4j-api-2.20.0.jar;C:\Users\LENOVO\.m2\repository\org\slf4j\jul-to-slf4j\2.0.9\jul-to-slf4j-2.0.9.jar;C:\Users\LENOVO\.m2\repository\org\yaml\snakeyaml\1.33\snakeyaml-1.33.jar;C:\Users\LENOVO\.m2\repository\org\springframework\boot\spring-boot-starter-json\3.1.4\spring-boot-starter-json-3.1.4.jar;C:\Users\LENOVO\.m2\repository\com\fasterxml\jackson\core\jackson-databind\2.15.2\jackson-databind-2.15.2.jar;C:\Users\LENOVO\.m2\repository\com\fasterxml\jackson\core\jackson-annotations\2.15.2\jackson-annotations-2.15.2.jar;C:\Users\LENOVO\.m2\repository\com\fasterxml\jackson\core\jackson-core\2.15.2\jackson-core-2.15.2.jar;C:\Users\LENOVO\.m2\repository\com\fasterxml\jackson\datatype\jackson-datatype-jdk8\2.15.2\jackson-datatype-jdk8-2.15.2.jar;C:\Users\LENOVO\.m2\repository\com\fasterxml\jackson\datatype\jackson-datatype-jsr310\2.15.2\jackson-datatype-jsr310-2.15.2.jar;C:\Users\LENOVO\.m2\repository\com\fasterxml\jackson\module\jackson-module-parameter-names\2.15.2\jackson-module-parameter-names-2.15.2.jar;C:\Users\LENOVO\.m2\repository\org\springframework\boot\spring-boot-starter-tomcat\3.1.4\spring-boot-starter-tomcat-3.1.4.jar;C:\Users\LENOVO\.m2\repository\org\apache\tomcat\embed\tomcat-embed-core\10.1.13\tomcat-embed-core-10.1.13.jar;C:\Users\LENOVO\.m2\repository\org\apache\tomcat\embed\tomcat-embed-el\10.1.13\tomcat-embed-el-10.1.13.jar;C:\Users\LENOVO\.m2\repository\org\apache\tomcat\embed\tomcat-embed-websocket\10.1.13\tomcat-embed-websocket-10.1.13.jar;C:\Users\LENOVO\.m2\repository\org\springframework\spring-web\6.0.12\spring-web-6.0.12.jar;C:\Users\LENOVO\.m2\repository\io\micrometer\micrometer-observation\1.11.4\micrometer-observation-1.11.4.jar;C:\Users\LENOVO\.m2\repository\io\micrometer\micrometer-commons\1.11.4\micrometer-commons-1.11.4.jar;C:\Users\LENOVO\.m2\repository\org\springframework\spring-webmvc\6.0.12\spring-webmvc-6.0.12.jar;C:\Users\LENOVO\.m2\repository\org\springframework\spring-expression\6.0.12\spring-expression-6.0.12.jar;C:\Users\LENOVO\.m2\repository\com\h2database\h2\2.1.214\h2-2.1.214.jar;C:\Users\LENOVO\.m2\repository\org\projectlombok\lombok\1.18.30\lombok-1.18.30.jar;C:\Users\LENOVO\.m2\repository\jakarta\xml\bind\jakarta.xml.bind-api\4.0.1\jakarta.xml.bind-api-4.0.1.jar;C:\Users\LENOVO\.m2\repository\jakarta\activation\jakarta.activation-api\2.1.2\jakarta.activation-api-2.1.2.jar;C:\Users\LENOVO\.m2\repository\org\springframework\spring-core\6.0.12\spring-core-6.0.12.jar;C:\Users\LENOVO\.m2\repository\org\springframework\spring-jcl\6.0.12\spring-jcl-6.0.12.jar
Launcher Type: SUN_STANDARD

[Global flags]
     intx CICompilerCount                          = 3                                         {product} {ergonomic}
     uint ConcGCThreads                            = 1                                         {product} {ergonomic}
     uint G1ConcRefinementThreads                  = 4                                         {product} {ergonomic}
   size_t G1HeapRegionSize                         = 1048576                                   {product} {ergonomic}
    uintx GCDrainStackTargetSize                   = 64                                        {product} {ergonomic}
   size_t InitialHeapSize                          = 65011712                                  {product} {ergonomic}
   size_t MarkStackSize                            = 4194304                                   {product} {ergonomic}
   size_t MaxHeapSize                              = 1040187392                                {product} {ergonomic}
   size_t MaxNewSize                               = 623902720                                 {product} {ergonomic}
   size_t MinHeapDeltaBytes                        = 1048576                                   {product} {ergonomic}
   size_t MinHeapSize                              = 8388608                                   {product} {ergonomic}
    uintx NonNMethodCodeHeapSize                   = 5832780                                {pd product} {ergonomic}
    uintx NonProfiledCodeHeapSize                  = 122912730                              {pd product} {ergonomic}
    uintx ProfiledCodeHeapSize                     = 122912730                              {pd product} {ergonomic}
    uintx ReservedCodeCacheSize                    = 251658240                              {pd product} {ergonomic}
     bool SegmentedCodeCache                       = true                                      {product} {ergonomic}
   size_t SoftMaxHeapSize                          = 1040187392                             {manageable} {ergonomic}
     bool UseCompressedClassPointers               = true                           {product lp64_product} {ergonomic}
     bool UseCompressedOops                        = true                           {product lp64_product} {ergonomic}
     bool UseG1GC                                  = true                                      {product} {ergonomic}
     bool UseLargePagesIndividualAllocation        = false                                  {pd product} {ergonomic}

Logging:
Log output configuration:
 #0: stdout all=warning uptime,level,tags foldmultilines=false
 #1: stderr all=off uptime,level,tags foldmultilines=false

Environment Variables:
JAVA_HOME=C:\Users\LENOVO\AppData\Local\Programs\Eclipse Adoptium\jdk-17.0.7.7-hotspot\
PATH=C:\Program Files\Common Files\Oracle\Java\javapath;C:\Windows\system32;C:\Windows;C:\Windows\System32\Wbem;C:\Windows\System32\WindowsPowerShell\v1.0\;C:\Windows\System32\OpenSSH\;C:\Program Files\Java\jdk-20\bin;C:\Program Files\Git\cmd;C:\Users\LENOVO\AppData\Local\Programs\Eclipse Adoptium\jdk-17.0.7.7-hotspot\bin;C:\Users\LENOVO\AppData\Local\Microsoft\WindowsApps;C:\Users\LENOVO\AppData\Local\Programs\Microsoft VS Code\bin;C:\Program Files\Java\jdk-20\bin;;C:\Program Files\JetBrains\IntelliJ IDEA Community Edition 2023.2\bin;
USERNAME=LENOVO
OS=Windows_NT
PROCESSOR_IDENTIFIER=Intel64 Family 6 Model 142 Stepping 10, GenuineIntel
TMP=C:\Users\LENOVO\AppData\Local\Temp
TEMP=C:\Users\LENOVO\AppData\Local\Temp




---------------  S Y S T E M  ---------------

OS:
 Windows 10 , 64 bit Build 19041 (10.0.19041.3393)
OS uptime: 2 days 6:51 hours

CPU: total 4 (initial active 4) (2 cores per cpu, 2 threads per core) family 6 model 142 stepping 10 microcode 0xb4, cx8, cmov, fxsr, ht, mmx, 3dnowpref, sse, sse2, sse3, ssse3, sse4.1, sse4.2, popcnt, lzcnt, tsc, tscinvbit, avx, avx2, aes, erms, clmul, bmi1, bmi2, adx, fma, vzeroupper, clflush, clflushopt, rdtscp, f16c

Memory: 4k page, system-wide physical 3962M (149M free)
TotalPageFile size 8058M (AvailPageFile size 1M)
current process WorkingSet (physical memory assigned to process): 149M, peak: 150M
current process commit charge ("private bytes"): 189M, peak: 191M

vm_info: Java HotSpot(TM) 64-Bit Server VM (20.0.1+9-29) for windows-amd64 JRE (20.0.1+9-29), built on 2023-03-07T13:56:11Z by "mach5one" with MS VC++ 17.1 (VS2022)

END.
