#
# There is insufficient memory for the Java Runtime Environment to continue.
# Native memory allocation (malloc) failed to allocate 1226256 bytes for Chunk::new
# Possible reasons:
#   The system is out of physical RAM or swap space
#   The process is running with CompressedOops enabled, and the Java Heap may be blocking the growth of the native heap
# Possible solutions:
#   Reduce memory load on the system
#   Increase physical memory or swap space
#   Check if swap backing store is full
#   Decrease Java heap size (-Xmx/-Xms)
#   Decrease number of Java threads
#   Decrease Java thread stack sizes (-Xss)
#   Set larger code cache with -XX:ReservedCodeCacheSize=
#   JVM is running with Unscaled Compressed Oops mode in which the Java heap is
#     placed in the first 4GB address space. The Java Heap base address is the
#     maximum limit for the native heap growth. Please use -XX:HeapBaseMinAddress
#     to set the Java Heap base and to place the Java Heap above 4GB virtual address.
# This output file may be truncated or incomplete.
#
#  Out of Memory Error (arena.cpp:184), pid=9500, tid=10820
#
# JRE version: Java(TM) SE Runtime Environment (20.0.1+9) (build 20.0.1+9-29)
# Java VM: Java HotSpot(TM) 64-Bit Server VM (20.0.1+9-29, mixed mode, sharing, tiered, compressed oops, compressed class ptrs, g1 gc, windows-amd64)
# No core dump will be written. Minidumps are not enabled by default on client versions of Windows
#

---------------  S U M M A R Y ------------

Command Line: -javaagent:C:\Program Files\JetBrains\IntelliJ IDEA Community Edition 2023.2\lib\idea_rt.jar=50125:C:\Program Files\JetBrains\IntelliJ IDEA Community Edition 2023.2\bin -Dfile.encoding=UTF-8 -Dsun.stdout.encoding=UTF-8 -Dsun.stderr.encoding=UTF-8 com.geekster.JobSearchPortal.JobSearchPortalApplication

Host: Intel(R) Core(TM) i3-7020U CPU @ 2.30GHz, 4 cores, 3G,  Windows 10 , 64 bit Build 19041 (10.0.19041.3393)
Time: Sun Sep 24 21:56:46 2023 India Standard Time elapsed time: 10.891946 seconds (0d 0h 0m 10s)

---------------  T H R E A D  ---------------

Current thread (0x0000025f6370ecd0):  JavaThread "C2 CompilerThread0" daemon [_thread_in_native, id=10820, stack(0x000000696f000000,0x000000696f100000)]


Current CompileTask:
C2:  10892 3837       4       org.springframework.core.annotation.TypeMappedAnnotations::get (52 bytes)

Stack: [0x000000696f000000,0x000000696f100000]
Native frames: (J=compiled Java code, j=interpreted, Vv=VM code, C=native code)
V  [jvm.dll+0x6bb95a]
V  [jvm.dll+0x8485fa]
V  [jvm.dll+0x84a1f5]
V  [jvm.dll+0x84a8f3]
V  [jvm.dll+0x280b0f]
V  [jvm.dll+0xc2b11]
V  [jvm.dll+0xc2e35]
V  [jvm.dll+0x2f5dbf]
V  [jvm.dll+0x5e32eb]
V  [jvm.dll+0x2543b4]
V  [jvm.dll+0x25477f]
V  [jvm.dll+0x24cf6d]
V  [jvm.dll+0x24a549]
V  [jvm.dll+0x1ce491]
V  [jvm.dll+0x259e1b]
V  [jvm.dll+0x2584f0]
V  [jvm.dll+0x3f2895]
V  [jvm.dll+0x7f4b56]
V  [jvm.dll+0x6ba5cb]
C  [ucrtbase.dll+0x21bb2]
C  [KERNEL32.DLL+0x17344]
C  [ntdll.dll+0x526b1]


---------------  P R O C E S S  ---------------

Threads class SMR info:
_java_thread_list=0x0000025f68addeb0, length=12, elements={
0x0000025f48c9ada0, 0x0000025f637066f0, 0x0000025f63707c30, 0x0000025f6370b150,
0x0000025f6370ba90, 0x0000025f6370d3e0, 0x0000025f6370dd20, 0x0000025f6370ecd0,
0x0000025f63711b40, 0x0000025f636eceb0, 0x0000025f67b0b880, 0x0000025f67b0bdd0
}
_to_delete_list=0x0000025f68a46140, length=13, elements={
0x0000025f48c9ada0, 0x0000025f637066f0, 0x0000025f63707c30, 0x0000025f6370b150,
0x0000025f6370ba90, 0x0000025f6370d3e0, 0x0000025f6370dd20, 0x0000025f6370ecd0,
0x0000025f63711b40, 0x0000025f636eceb0, 0x0000025f67b0b880, 0x0000025f67b0bdd0,
0x0000025f6892c8e0
}

Java Threads: ( => current thread )
  0x0000025f48c9ada0 JavaThread "main" [_thread_in_Java, id=4260, stack(0x000000696e300000,0x000000696e400000)]
  0x0000025f637066f0 JavaThread "Reference Handler" daemon [_thread_blocked, id=11652, stack(0x000000696ea00000,0x000000696eb00000)]
  0x0000025f63707c30 JavaThread "Finalizer" daemon [_thread_blocked, id=6508, stack(0x000000696eb00000,0x000000696ec00000)]
  0x0000025f6370b150 JavaThread "Signal Dispatcher" daemon [_thread_blocked, id=10180, stack(0x000000696ec00000,0x000000696ed00000)]
  0x0000025f6370ba90 JavaThread "Attach Listener" daemon [_thread_blocked, id=9736, stack(0x000000696ed00000,0x000000696ee00000)]
  0x0000025f6370d3e0 JavaThread "Service Thread" daemon [_thread_blocked, id=7108, stack(0x000000696ee00000,0x000000696ef00000)]
  0x0000025f6370dd20 JavaThread "Monitor Deflation Thread" daemon [_thread_blocked, id=12528, stack(0x000000696ef00000,0x000000696f000000)]
=>0x0000025f6370ecd0 JavaThread "C2 CompilerThread0" daemon [_thread_in_native, id=10820, stack(0x000000696f000000,0x000000696f100000)]
  0x0000025f63711b40 JavaThread "C1 CompilerThread0" daemon [_thread_blocked, id=11620, stack(0x000000696f100000,0x000000696f200000)]
  0x0000025f636eceb0 JavaThread "Common-Cleaner" daemon [_thread_blocked, id=6476, stack(0x000000696f200000,0x000000696f300000)]
  0x0000025f67b0b880 JavaThread "Monitor Ctrl-Break" daemon [_thread_in_native, id=7912, stack(0x000000696f300000,0x000000696f400000)]
  0x0000025f67b0bdd0 JavaThread "Notification Thread" daemon [_thread_blocked, id=7560, stack(0x000000696f400000,0x000000696f500000)]

Other Threads:
  0x0000025f48d58a90 VMThread "VM Thread" [stack: 0x000000696e900000,0x000000696ea00000] [id=13128]
  0x0000025f48c9b840 WatcherThread "VM Periodic Task Thread" [stack: 0x000000696f500000,0x000000696f600000] [id=13024]
  0x0000025f48cdaa20 WorkerThread "GC Thread#0" [stack: 0x000000696e400000,0x000000696e500000] [id=9004]
  0x0000025f6822f6c0 WorkerThread "GC Thread#1" [stack: 0x000000696f600000,0x000000696f700000] [id=12748]
  0x0000025f67f9fda0 WorkerThread "GC Thread#2" [stack: 0x000000696f700000,0x000000696f800000] [id=2100]
  0x0000025f67f575b0 WorkerThread "GC Thread#3" [stack: 0x000000696f800000,0x000000696f900000] [id=2496]
  0x0000025f48ce4440 ConcurrentGCThread "G1 Main Marker" [stack: 0x000000696e500000,0x000000696e600000] [id=2460]
  0x0000025f48ce4d70 WorkerThread "G1 Conc#0" [stack: 0x000000696e600000,0x000000696e700000] [id=4940]
  0x0000025f48d37e50 ConcurrentGCThread "G1 Refine#0" [stack: 0x000000696e700000,0x000000696e800000] [id=10064]
  0x0000025f48d387f0 ConcurrentGCThread "G1 Service" [stack: 0x000000696e800000,0x000000696e900000] [id=8148]

Threads with active compile tasks:
C2 CompilerThread0    10958 3837       4       org.springframework.core.annotation.TypeMappedAnnotations::get (52 bytes)

VM state: not at safepoint (normal execution)

VM Mutex/Monitor currently owned by a thread: None

Heap address: 0x00000000c2000000, size: 992 MB, Compressed Oops mode: 32-bit

CDS archive(s) mapped at: [0x0000000800000000-0x0000000800c60000-0x0000000800c60000), size 12976128, SharedBaseAddress: 0x0000000800000000, ArchiveRelocationMode: 0.
Compressed class space mapped at: 0x0000000801000000-0x0000000841000000, reserved size: 1073741824
Narrow klass base: 0x0000000800000000, Narrow klass shift: 0, Narrow klass range: 0x100000000

GC Precious Log:
 CardTable entry size: 512
 Card Set container configuration: InlinePtr #cards 5 size 8 Array Of Cards #cards 12 size 40 Howl #buckets 4 coarsen threshold 1843 Howl Bitmap #cards 512 size 80 coarsen threshold 460 Card regions per heap region 1 cards per card region 2048
 CPUs: 4 total, 4 available
 Memory: 3962M
 Large Page Support: Disabled
 NUMA Support: Disabled
 Compressed Oops: Enabled (32-bit)
 Heap Region Size: 1M
 Heap Min Capacity: 8M
 Heap Initial Capacity: 62M
 Heap Max Capacity: 992M
 Pre-touch: Disabled
 Parallel Workers: 4
 Concurrent Workers: 1
 Concurrent Refinement Workers: 4
 Periodic GC: Disabled

Heap:
 garbage-first heap   total 51200K, used 23332K [0x00000000c2000000, 0x0000000100000000)
  region size 1024K, 12 young (12288K), 4 survivors (4096K)
 Metaspace       used 28621K, committed 29120K, reserved 1114112K
  class space    used 3525K, committed 3776K, reserved 1048576K

Heap Regions: E=young(eden), S=young(survivor), O=old, HS=humongous(starts), HC=humongous(continues), CS=collection set, F=free, OA=open archive, CA=closed archive, TAMS=top-at-mark-start, PB=parsable bottom
|   0|0x00000000c2000000, 0x00000000c2100000, 0x00000000c2100000|100%|HS|  |TAMS 0x00000000c2000000| PB 0x00000000c2000000| Complete 
|   1|0x00000000c2100000, 0x00000000c2200000, 0x00000000c2200000|100%| O|  |TAMS 0x00000000c2100000| PB 0x00000000c2100000| Untracked 
|   2|0x00000000c2200000, 0x00000000c2300000, 0x00000000c2300000|100%| O|  |TAMS 0x00000000c2200000| PB 0x00000000c2200000| Untracked 
|   3|0x00000000c2300000, 0x00000000c2400000, 0x00000000c2400000|100%| O|  |TAMS 0x00000000c2300000| PB 0x00000000c2300000| Untracked 
|   4|0x00000000c2400000, 0x00000000c2500000, 0x00000000c2500000|100%| O|  |TAMS 0x00000000c2400000| PB 0x00000000c2400000| Untracked 
|   5|0x00000000c2500000, 0x00000000c2600000, 0x00000000c2600000|100%| O|  |TAMS 0x00000000c2500000| PB 0x00000000c2500000| Untracked 
|   6|0x00000000c2600000, 0x00000000c2700000, 0x00000000c2700000|100%| O|  |TAMS 0x00000000c2600000| PB 0x00000000c2600000| Untracked 
|   7|0x00000000c2700000, 0x00000000c2800000, 0x00000000c2800000|100%| O|  |TAMS 0x00000000c2700000| PB 0x00000000c2700000| Untracked 
|   8|0x00000000c2800000, 0x00000000c2900000, 0x00000000c2900000|100%| O|  |TAMS 0x00000000c2800000| PB 0x00000000c2800000| Untracked 
|   9|0x00000000c2900000, 0x00000000c294aa00, 0x00000000c2a00000| 29%| O|  |TAMS 0x00000000c2900000| PB 0x00000000c2900000| Complete 
|  10|0x00000000c2a00000, 0x00000000c2b00000, 0x00000000c2b00000|100%| O|  |TAMS 0x00000000c2a00000| PB 0x00000000c2a00000| Untracked 
|  11|0x00000000c2b00000, 0x00000000c2c00000, 0x00000000c2c00000|100%| O|  |TAMS 0x00000000c2b00000| PB 0x00000000c2b00000| Untracked 
|  12|0x00000000c2c00000, 0x00000000c2c7e800, 0x00000000c2d00000| 49%| O|  |TAMS 0x00000000c2c00000| PB 0x00000000c2c00000| Untracked 
|  13|0x00000000c2d00000, 0x00000000c2d00000, 0x00000000c2e00000|  0%| F|  |TAMS 0x00000000c2d00000| PB 0x00000000c2d00000| Untracked 
|  14|0x00000000c2e00000, 0x00000000c2e00000, 0x00000000c2f00000|  0%| F|  |TAMS 0x00000000c2e00000| PB 0x00000000c2e00000| Untracked 
|  15|0x00000000c2f00000, 0x00000000c2f00000, 0x00000000c3000000|  0%| F|  |TAMS 0x00000000c2f00000| PB 0x00000000c2f00000| Untracked 
|  16|0x00000000c3000000, 0x00000000c3100000, 0x00000000c3100000|100%| S|CS|TAMS 0x00000000c3000000| PB 0x00000000c3000000| Complete 
|  17|0x00000000c3100000, 0x00000000c3200000, 0x00000000c3200000|100%| S|CS|TAMS 0x00000000c3100000| PB 0x00000000c3100000| Complete 
|  18|0x00000000c3200000, 0x00000000c3300000, 0x00000000c3300000|100%| S|CS|TAMS 0x00000000c3200000| PB 0x00000000c3200000| Complete 
|  19|0x00000000c3300000, 0x00000000c3400000, 0x00000000c3400000|100%| S|CS|TAMS 0x00000000c3300000| PB 0x00000000c3300000| Complete 
|  20|0x00000000c3400000, 0x00000000c3400000, 0x00000000c3500000|  0%| F|  |TAMS 0x00000000c3400000| PB 0x00000000c3400000| Untracked 
|  21|0x00000000c3500000, 0x00000000c3500000, 0x00000000c3600000|  0%| F|  |TAMS 0x00000000c3500000| PB 0x00000000c3500000| Untracked 
|  22|0x00000000c3600000, 0x00000000c3600000, 0x00000000c3700000|  0%| F|  |TAMS 0x00000000c3600000| PB 0x00000000c3600000| Untracked 
|  23|0x00000000c3700000, 0x00000000c3700000, 0x00000000c3800000|  0%| F|  |TAMS 0x00000000c3700000| PB 0x00000000c3700000| Untracked 
|  24|0x00000000c3800000, 0x00000000c3800000, 0x00000000c3900000|  0%| F|  |TAMS 0x00000000c3800000| PB 0x00000000c3800000| Untracked 
|  25|0x00000000c3900000, 0x00000000c3900000, 0x00000000c3a00000|  0%| F|  |TAMS 0x00000000c3900000| PB 0x00000000c3900000| Untracked 
|  26|0x00000000c3a00000, 0x00000000c3a00000, 0x00000000c3b00000|  0%| F|  |TAMS 0x00000000c3a00000| PB 0x00000000c3a00000| Untracked 
|  27|0x00000000c3b00000, 0x00000000c3b00000, 0x00000000c3c00000|  0%| F|  |TAMS 0x00000000c3b00000| PB 0x00000000c3b00000| Untracked 
|  28|0x00000000c3c00000, 0x00000000c3c00000, 0x00000000c3d00000|  0%| F|  |TAMS 0x00000000c3c00000| PB 0x00000000c3c00000| Untracked 
|  29|0x00000000c3d00000, 0x00000000c3d00000, 0x00000000c3e00000|  0%| F|  |TAMS 0x00000000c3d00000| PB 0x00000000c3d00000| Untracked 
|  30|0x00000000c3e00000, 0x00000000c3e00000, 0x00000000c3f00000|  0%| F|  |TAMS 0x00000000c3e00000| PB 0x00000000c3e00000| Untracked 
|  31|0x00000000c3f00000, 0x00000000c3f00000, 0x00000000c4000000|  0%| F|  |TAMS 0x00000000c3f00000| PB 0x00000000c3f00000| Untracked 
|  32|0x00000000c4000000, 0x00000000c4000000, 0x00000000c4100000|  0%| F|  |TAMS 0x00000000c4000000| PB 0x00000000c4000000| Untracked 
|  33|0x00000000c4100000, 0x00000000c4100000, 0x00000000c4200000|  0%| F|  |TAMS 0x00000000c4100000| PB 0x00000000c4100000| Untracked 
|  34|0x00000000c4200000, 0x00000000c4200000, 0x00000000c4300000|  0%| F|  |TAMS 0x00000000c4200000| PB 0x00000000c4200000| Untracked 
|  35|0x00000000c4300000, 0x00000000c4300000, 0x00000000c4400000|  0%| F|  |TAMS 0x00000000c4300000| PB 0x00000000c4300000| Untracked 
|  36|0x00000000c4400000, 0x00000000c4400000, 0x00000000c4500000|  0%| F|  |TAMS 0x00000000c4400000| PB 0x00000000c4400000| Untracked 
|  37|0x00000000c4500000, 0x00000000c4500000, 0x00000000c4600000|  0%| F|  |TAMS 0x00000000c4500000| PB 0x00000000c4500000| Untracked 
|  38|0x00000000c4600000, 0x00000000c4600000, 0x00000000c4700000|  0%| F|  |TAMS 0x00000000c4600000| PB 0x00000000c4600000| Untracked 
|  39|0x00000000c4700000, 0x00000000c4700000, 0x00000000c4800000|  0%| F|  |TAMS 0x00000000c4700000| PB 0x00000000c4700000| Untracked 
|  40|0x00000000c4800000, 0x00000000c4800000, 0x00000000c4900000|  0%| F|  |TAMS 0x00000000c4800000| PB 0x00000000c4800000| Untracked 
|  41|0x00000000c4900000, 0x00000000c4900000, 0x00000000c4a00000|  0%| F|  |TAMS 0x00000000c4900000| PB 0x00000000c4900000| Untracked 
|  42|0x00000000c4a00000, 0x00000000c4aea900, 0x00000000c4b00000| 91%| E|  |TAMS 0x00000000c4a00000| PB 0x00000000c4a00000| Complete 
|  43|0x00000000c4b00000, 0x00000000c4c00000, 0x00000000c4c00000|100%| E|CS|TAMS 0x00000000c4b00000| PB 0x00000000c4b00000| Complete 
|  44|0x00000000c4c00000, 0x00000000c4d00000, 0x00000000c4d00000|100%| E|CS|TAMS 0x00000000c4c00000| PB 0x00000000c4c00000| Complete 
|  46|0x00000000c4e00000, 0x00000000c4f00000, 0x00000000c4f00000|100%| E|CS|TAMS 0x00000000c4e00000| PB 0x00000000c4e00000| Complete 
|  47|0x00000000c4f00000, 0x00000000c5000000, 0x00000000c5000000|100%| E|CS|TAMS 0x00000000c4f00000| PB 0x00000000c4f00000| Complete 
|  48|0x00000000c5000000, 0x00000000c5100000, 0x00000000c5100000|100%| E|CS|TAMS 0x00000000c5000000| PB 0x00000000c5000000| Complete 
|  49|0x00000000c5100000, 0x00000000c5200000, 0x00000000c5200000|100%| E|CS|TAMS 0x00000000c5100000| PB 0x00000000c5100000| Complete 
|  61|0x00000000c5d00000, 0x00000000c5e00000, 0x00000000c5e00000|100%| E|CS|TAMS 0x00000000c5d00000| PB 0x00000000c5d00000| Complete 

Card table byte_map: [0x0000025f5ff40000,0x0000025f60130000] _byte_map_base: 0x0000025f5f930000

Marking Bits: (CMBitMap*) 0x0000025f48cdbf60
 Bits: [0x0000025f60320000, 0x0000025f612a0000)

Polling page: 0x0000025f46ab0000

Metaspace:

Usage:
  Non-class:     24.51 MB used.
      Class:      3.44 MB used.
       Both:     27.95 MB used.

Virtual space:
  Non-class space:       64.00 MB reserved,      24.75 MB ( 39%) committed,  1 nodes.
      Class space:        1.00 GB reserved,       3.69 MB ( <1%) committed,  1 nodes.
             Both:        1.06 GB reserved,      28.44 MB (  3%) committed. 

Chunk freelists:
   Non-Class:  3.19 MB
       Class:  272.00 KB
        Both:  3.45 MB

MaxMetaspaceSize: unlimited
CompressedClassSpaceSize: 1.00 GB
Initial GC threshold: 21.00 MB
Current GC threshold: 35.12 MB
CDS: on
MetaspaceReclaimPolicy: balanced
 - commit_granule_bytes: 65536.
 - commit_granule_words: 8192.
 - virtual_space_node_default_size: 8388608.
 - enlarge_chunks_in_place: 1.
 - new_chunks_are_fully_committed: 0.
 - uncommit_free_chunks: 1.
 - use_allocation_guard: 0.


Internal statistics:

num_allocs_failed_limit: 3.
num_arena_births: 612.
num_arena_deaths: 0.
num_vsnodes_births: 2.
num_vsnodes_deaths: 0.
num_space_committed: 455.
num_space_uncommitted: 0.
num_chunks_returned_to_freelist: 3.
num_chunks_taken_from_freelist: 1661.
num_chunk_merges: 3.
num_chunk_splits: 1095.
num_chunks_enlarged: 756.
num_inconsistent_stats: 0.

CodeHeap 'non-profiled nmethods': size=120000Kb used=1691Kb max_used=1691Kb free=118309Kb
 bounds [0x0000025f58820000, 0x0000025f58a90000, 0x0000025f5fd50000]
CodeHeap 'profiled nmethods': size=120000Kb used=8158Kb max_used=8158Kb free=111841Kb
 bounds [0x0000025f50d50000, 0x0000025f51550000, 0x0000025f58280000]
CodeHeap 'non-nmethods': size=5760Kb used=1515Kb max_used=1549Kb free=4244Kb
 bounds [0x0000025f58280000, 0x0000025f584f0000, 0x0000025f58820000]
 total_blobs=4385 nmethods=3849 adapters=446
 compilation: enabled
              stopped_count=0, restarted_count=0
 full_count=0

Compilation events (20 events):
Event: 10.798 Thread 0x0000025f63711b40 3845       3       org.springframework.boot.context.properties.source.ConfigurationPropertyName$ElementsParser::expand (19 bytes)
Event: 10.799 Thread 0x0000025f63711b40 nmethod 3845 0x0000025f5153fe90 code [0x0000025f51540020, 0x0000025f51540268]
Event: 10.800 Thread 0x0000025f63711b40 3846       3       org.springframework.core.SerializableTypeWrapper$MethodParameterTypeProvider::<init> (59 bytes)
Event: 10.801 Thread 0x0000025f63711b40 nmethod 3846 0x0000025f51540390 code [0x0000025f515405a0, 0x0000025f515412f0]
Event: 10.802 Thread 0x0000025f63711b40 3847       3       org.springframework.core.ResolvableType::getNested (121 bytes)
Event: 10.804 Thread 0x0000025f63711b40 nmethod 3847 0x0000025f51541590 code [0x0000025f51541820, 0x0000025f51542990]
Event: 10.804 Thread 0x0000025f63711b40 3848       3       org.springframework.boot.context.properties.source.SpringIterableConfigurationPropertySource$Mappings::getConfigurationPropertyNames (74 bytes)
Event: 10.805 Thread 0x0000025f63711b40 nmethod 3848 0x0000025f51542f10 code [0x0000025f51543100, 0x0000025f515438c0]
Event: 10.813 Thread 0x0000025f63711b40 3849       3       org.springframework.core.MethodParameter::<init> (8 bytes)
Event: 10.815 Thread 0x0000025f63711b40 nmethod 3849 0x0000025f51543a90 code [0x0000025f51543d00, 0x0000025f515449c8]
Event: 10.819 Thread 0x0000025f63711b40 3850       1       org.springframework.boot.origin.OriginLookup::isImmutable (2 bytes)
Event: 10.819 Thread 0x0000025f63711b40 nmethod 3850 0x0000025f589c6610 code [0x0000025f589c6780, 0x0000025f589c6848]
Event: 10.821 Thread 0x0000025f63711b40 3851       3       org.springframework.boot.context.properties.source.ConfigurationPropertyName$ElementsParser::expand (20 bytes)
Event: 10.821 Thread 0x0000025f63711b40 nmethod 3851 0x0000025f51544e90 code [0x0000025f51545020, 0x0000025f51545268]
Event: 10.821 Thread 0x0000025f63711b40 3852       3       org.springframework.boot.context.properties.source.ConfigurationPropertyName$ElementsParser::expand (26 bytes)
Event: 10.822 Thread 0x0000025f63711b40 nmethod 3852 0x0000025f51545390 code [0x0000025f51545540, 0x0000025f515457f8]
Event: 10.824 Thread 0x0000025f63711b40 3853       3       org.springframework.boot.context.properties.bind.AbstractBindHandler::onFinish (15 bytes)
Event: 10.825 Thread 0x0000025f63711b40 nmethod 3853 0x0000025f51545910 code [0x0000025f51545aa0, 0x0000025f51545c70]
Event: 10.838 Thread 0x0000025f63711b40 3855   !   3       org.springframework.beans.factory.support.AbstractBeanFactory::resolveBeanClass (61 bytes)
Event: 10.840 Thread 0x0000025f63711b40 nmethod 3855 0x0000025f51545d90 code [0x0000025f51546040, 0x0000025f51547528]

GC Heap History (12 events):
Event: 1.538 GC heap before
{Heap before GC invocations=0 (full 0):
 garbage-first heap   total 63488K, used 13312K [0x00000000c2000000, 0x0000000100000000)
  region size 1024K, 13 young (13312K), 0 survivors (0K)
 Metaspace       used 3412K, committed 3584K, reserved 1114112K
  class space    used 348K, committed 448K, reserved 1048576K
}
Event: 1.548 GC heap after
{Heap after GC invocations=1 (full 0):
 garbage-first heap   total 63488K, used 6109K [0x00000000c2000000, 0x0000000100000000)
  region size 1024K, 2 young (2048K), 2 survivors (2048K)
 Metaspace       used 3412K, committed 3584K, reserved 1114112K
  class space    used 348K, committed 448K, reserved 1048576K
}
Event: 2.422 GC heap before
{Heap before GC invocations=1 (full 0):
 garbage-first heap   total 63488K, used 18397K [0x00000000c2000000, 0x0000000100000000)
  region size 1024K, 14 young (14336K), 2 survivors (2048K)
 Metaspace       used 7012K, committed 7232K, reserved 1114112K
  class space    used 813K, committed 896K, reserved 1048576K
}
Event: 2.431 GC heap after
{Heap after GC invocations=2 (full 0):
 garbage-first heap   total 63488K, used 7434K [0x00000000c2000000, 0x0000000100000000)
  region size 1024K, 2 young (2048K), 2 survivors (2048K)
 Metaspace       used 7012K, committed 7232K, reserved 1114112K
  class space    used 813K, committed 896K, reserved 1048576K
}
Event: 3.578 GC heap before
{Heap before GC invocations=2 (full 0):
 garbage-first heap   total 63488K, used 32010K [0x00000000c2000000, 0x0000000100000000)
  region size 1024K, 27 young (27648K), 2 survivors (2048K)
 Metaspace       used 14008K, committed 14336K, reserved 1114112K
  class space    used 1641K, committed 1792K, reserved 1048576K
}
Event: 3.586 GC heap after
{Heap after GC invocations=3 (full 0):
 garbage-first heap   total 63488K, used 9616K [0x00000000c2000000, 0x0000000100000000)
  region size 1024K, 4 young (4096K), 4 survivors (4096K)
 Metaspace       used 14008K, committed 14336K, reserved 1114112K
  class space    used 1641K, committed 1792K, reserved 1048576K
}
Event: 5.544 GC heap before
{Heap before GC invocations=3 (full 0):
 garbage-first heap   total 63488K, used 43408K [0x00000000c2000000, 0x0000000100000000)
  region size 1024K, 37 young (37888K), 4 survivors (4096K)
 Metaspace       used 19242K, committed 19520K, reserved 1114112K
  class space    used 2274K, committed 2432K, reserved 1048576K
}
Event: 5.558 GC heap after
{Heap after GC invocations=4 (full 0):
 garbage-first heap   total 63488K, used 12234K [0x00000000c2000000, 0x0000000100000000)
  region size 1024K, 5 young (5120K), 5 survivors (5120K)
 Metaspace       used 19242K, committed 19520K, reserved 1114112K
  class space    used 2274K, committed 2432K, reserved 1048576K
}
Event: 6.600 GC heap before
{Heap before GC invocations=4 (full 0):
 garbage-first heap   total 63488K, used 23498K [0x00000000c2000000, 0x0000000100000000)
  region size 1024K, 17 young (17408K), 5 survivors (5120K)
 Metaspace       used 21190K, committed 21504K, reserved 1114112K
  class space    used 2527K, committed 2688K, reserved 1048576K
}
Event: 6.618 GC heap after
{Heap after GC invocations=5 (full 0):
 garbage-first heap   total 63488K, used 13515K [0x00000000c2000000, 0x0000000100000000)
  region size 1024K, 4 young (4096K), 4 survivors (4096K)
 Metaspace       used 21190K, committed 21504K, reserved 1114112K
  class space    used 2527K, committed 2688K, reserved 1048576K
}
Event: 9.540 GC heap before
{Heap before GC invocations=6 (full 0):
 garbage-first heap   total 51200K, used 40139K [0x00000000c2000000, 0x0000000100000000)
  region size 1024K, 30 young (30720K), 4 survivors (4096K)
 Metaspace       used 27371K, committed 27840K, reserved 1114112K
  class space    used 3361K, committed 3584K, reserved 1048576K
}
Event: 9.564 GC heap after
{Heap after GC invocations=7 (full 0):
 garbage-first heap   total 51200K, used 16164K [0x00000000c2000000, 0x0000000100000000)
  region size 1024K, 4 young (4096K), 4 survivors (4096K)
 Metaspace       used 27371K, committed 27840K, reserved 1114112K
  class space    used 3361K, committed 3584K, reserved 1048576K
}

Dll operation events (13 events):
Event: 0.028 Loaded shared library C:\Program Files\Java\jdk-20\bin\java.dll
Event: 0.051 Loaded shared library C:\Program Files\Java\jdk-20\bin\jsvml.dll
Event: 0.349 Loaded shared library C:\Program Files\Java\jdk-20\bin\zip.dll
Event: 0.358 Loaded shared library C:\Program Files\Java\jdk-20\bin\instrument.dll
Event: 0.376 Loaded shared library C:\Program Files\Java\jdk-20\bin\net.dll
Event: 0.380 Loaded shared library C:\Program Files\Java\jdk-20\bin\nio.dll
Event: 0.393 Loaded shared library C:\Program Files\Java\jdk-20\bin\zip.dll
Event: 0.798 Loaded shared library C:\Program Files\JetBrains\IntelliJ IDEA Community Edition 2023.2\bin\breakgen64.dll
Event: 0.829 Loaded shared library C:\Program Files\Java\jdk-20\bin\extnet.dll
Event: 0.914 Loaded shared library C:\Program Files\Java\jdk-20\bin\jimage.dll
Event: 9.707 Loaded shared library C:\Program Files\Java\jdk-20\bin\sunmscapi.dll
Event: 9.769 Loaded shared library C:\Program Files\Java\jdk-20\bin\management.dll
Event: 9.776 Loaded shared library C:\Program Files\Java\jdk-20\bin\management_ext.dll

Deoptimization events (20 events):
Event: 9.840 Thread 0x0000025f48c9ada0 DEOPT PACKING pc=0x0000025f588c2db8 sp=0x000000696e3fd8e0
Event: 9.840 Thread 0x0000025f48c9ada0 DEOPT UNPACKING pc=0x0000025f582e9d22 sp=0x000000696e3fd868 mode 2
Event: 9.846 Thread 0x0000025f48c9ada0 Uncommon trap: trap_request=0xffffff45 fr.pc=0x0000025f58949f50 relative=0x00000000000015f0
Event: 9.847 Thread 0x0000025f48c9ada0 Uncommon trap: reason=unstable_if action=reinterpret pc=0x0000025f58949f50 method=java.util.zip.InflaterInputStream.read([BII)I @ 25 c2
Event: 9.847 Thread 0x0000025f48c9ada0 DEOPT PACKING pc=0x0000025f58949f50 sp=0x000000696e3fd7c0
Event: 9.847 Thread 0x0000025f48c9ada0 DEOPT UNPACKING pc=0x0000025f582e9d22 sp=0x000000696e3fd830 mode 2
Event: 9.883 Thread 0x0000025f48c9ada0 DEOPT PACKING pc=0x0000025f50d99c24 sp=0x000000696e3fda40
Event: 9.883 Thread 0x0000025f48c9ada0 DEOPT UNPACKING pc=0x0000025f582ea4c2 sp=0x000000696e3fceb0 mode 0
Event: 9.912 Thread 0x0000025f48c9ada0 Uncommon trap: trap_request=0xffffff45 fr.pc=0x0000025f5890c538 relative=0x0000000000003b18
Event: 9.915 Thread 0x0000025f48c9ada0 Uncommon trap: reason=unstable_if action=reinterpret pc=0x0000025f5890c538 method=sun.net.www.protocol.jar.Handler.parseURL(Ljava/net/URL;Ljava/lang/String;II)V @ 116 c2
Event: 9.915 Thread 0x0000025f48c9ada0 DEOPT PACKING pc=0x0000025f5890c538 sp=0x000000696e3fdd20
Event: 9.915 Thread 0x0000025f48c9ada0 DEOPT UNPACKING pc=0x0000025f582e9d22 sp=0x000000696e3fdc18 mode 2
Event: 10.582 Thread 0x0000025f48c9ada0 Uncommon trap: trap_request=0xffffff76 fr.pc=0x0000025f589c1784 relative=0x00000000000004e4
Event: 10.582 Thread 0x0000025f48c9ada0 Uncommon trap: reason=predicate action=maybe_recompile pc=0x0000025f589c1784 method=java.util.AbstractCollection.toArray([Ljava/lang/Object;)[Ljava/lang/Object; @ 43 c2
Event: 10.583 Thread 0x0000025f48c9ada0 DEOPT PACKING pc=0x0000025f589c1784 sp=0x000000696e3fb9b0
Event: 10.583 Thread 0x0000025f48c9ada0 DEOPT UNPACKING pc=0x0000025f582e9d22 sp=0x000000696e3fb968 mode 2
Event: 10.583 Thread 0x0000025f48c9ada0 Uncommon trap: trap_request=0xffffff45 fr.pc=0x0000025f58979768 relative=0x0000000000001588
Event: 10.583 Thread 0x0000025f48c9ada0 Uncommon trap: reason=unstable_if action=reinterpret pc=0x0000025f58979768 method=java.util.HashMap.putVal(ILjava/lang/Object;Ljava/lang/Object;ZZ)Ljava/lang/Object; @ 94 c2
Event: 10.583 Thread 0x0000025f48c9ada0 DEOPT PACKING pc=0x0000025f58979768 sp=0x000000696e3fb720
Event: 10.583 Thread 0x0000025f48c9ada0 DEOPT UNPACKING pc=0x0000025f582e9d22 sp=0x000000696e3fb5e0 mode 2

Classes loaded (20 events):
Event: 9.792 Loading class java/lang/management/DefaultPlatformMBeanProvider$9
Event: 9.792 Loading class java/lang/management/DefaultPlatformMBeanProvider$9 done
Event: 9.792 Loading class java/lang/management/DefaultPlatformMBeanProvider$10
Event: 9.792 Loading class java/lang/management/DefaultPlatformMBeanProvider$10 done
Event: 9.792 Loading class java/lang/management/DefaultPlatformMBeanProvider$11
Event: 9.793 Loading class java/lang/management/DefaultPlatformMBeanProvider$11 done
Event: 9.793 Loading class jdk/management/jfr/FlightRecorderMXBean
Event: 9.793 Loading class jdk/management/jfr/FlightRecorderMXBean done
Event: 9.793 Loading class jdk/management/jfr/internal/FlightRecorderMXBeanProvider$SingleMBeanComponent
Event: 9.794 Loading class jdk/management/jfr/internal/FlightRecorderMXBeanProvider$SingleMBeanComponent done
Event: 9.800 Loading class java/util/stream/ReduceOps$2
Event: 9.801 Loading class java/util/stream/ReduceOps$2 done
Event: 9.802 Loading class java/util/stream/ReduceOps$2ReducingSink
Event: 9.802 Loading class java/util/stream/ReduceOps$2ReducingSink done
Event: 9.802 Loading class sun/management/RuntimeImpl
Event: 9.803 Loading class sun/management/RuntimeImpl done
Event: 9.803 Loading class java/util/Collections$2
Event: 9.803 Loading class java/util/Collections$2 done
Event: 9.932 Loading class java/util/regex/Pattern$BnM
Event: 9.933 Loading class java/util/regex/Pattern$BnM done

Classes unloaded (0 events):
No events

Classes redefined (0 events):
No events

Internal exceptions (20 events):
Event: 7.128 Thread 0x0000025f48c9ada0 Exception <a 'java/lang/NoSuchMethodError'{0x00000000c4582f28}: 'java.lang.Object java.lang.invoke.DirectMethodHandle$Holder.invokeStatic(java.lang.Object, java.lang.Object, java.lang.Object, java.lang.Object, int)'> (0x00000000c4582f28) 
thrown [s\open\src\hotspot\share\interpreter\linkResolver.cpp, line 773]
Event: 7.130 Thread 0x0000025f48c9ada0 Exception <a 'java/lang/NoSuchMethodError'{0x00000000c458d5e0}: 'void java.lang.invoke.DelegatingMethodHandle$Holder.reinvoke_L(java.lang.Object, java.lang.Object, int)'> (0x00000000c458d5e0) 
thrown [s\open\src\hotspot\share\interpreter\linkResolver.cpp, line 773]
Event: 7.381 Thread 0x0000025f48c9ada0 Exception <a 'java/lang/NoSuchMethodError'{0x00000000c4246fa8}: 'java.lang.Object java.lang.invoke.DirectMethodHandle$Holder.invokeSpecialIFC(java.lang.Object, java.lang.Object, java.lang.Object)'> (0x00000000c4246fa8) 
thrown [s\open\src\hotspot\share\interpreter\linkResolver.cpp, line 773]
Event: 7.440 Thread 0x0000025f48c9ada0 Exception <a 'java/lang/NoSuchMethodError'{0x00000000c4290af8}: 'java.lang.Object java.lang.invoke.DirectMethodHandle$Holder.invokeVirtual(java.lang.Object, java.lang.Object, java.lang.Object, java.lang.Object, java.lang.Object)'> (0x00000000c4290af8) 
thrown [s\open\src\hotspot\share\interpreter\linkResolver.cpp, line 773]
Event: 7.905 Thread 0x0000025f48c9ada0 Exception <a 'java/lang/NoSuchMethodError'{0x00000000c3f4df50}: 'java.lang.reflect.Field[] java.lang.Class.getDeclaredFields(java.lang.Class)'> (0x00000000c3f4df50) 
thrown [s\open\src\hotspot\share\interpreter\linkResolver.cpp, line 773]
Event: 7.948 Thread 0x0000025f48c9ada0 Exception <a 'java/lang/NoSuchMethodError'{0x00000000c3fd2758}: 'java.lang.Object java.lang.invoke.DirectMethodHandle$Holder.invokeVirtual(java.lang.Object, java.lang.Object, java.lang.Object, java.lang.Object, java.lang.Object, java.lang.Object)'> (0x00000000c3fd2758) 
thrown [s\open\src\hotspot\share\interpreter\linkResolver.cpp, line 773]
Event: 8.018 Thread 0x0000025f48c9ada0 Exception <a 'java/lang/NoSuchMethodError'{0x00000000c3ec1c20}: 'void java.lang.invoke.DirectMethodHandle$Holder.invokeInterface(java.lang.Object, java.lang.Object, int)'> (0x00000000c3ec1c20) 
thrown [s\open\src\hotspot\share\interpreter\linkResolver.cpp, line 773]
Event: 8.034 Thread 0x0000025f48c9ada0 Exception <a 'java/lang/IncompatibleClassChangeError'{0x00000000c3d110f0}: Found class java.lang.Object, but interface was expected> (0x00000000c3d110f0) 
thrown [s\open\src\hotspot\share\interpreter\linkResolver.cpp, line 840]
Event: 8.037 Thread 0x0000025f48c9ada0 Exception <a 'java/lang/NoSuchMethodError'{0x00000000c3d21b50}: 'int java.lang.invoke.DirectMethodHandle$Holder.invokeSpecialIFC(java.lang.Object, java.lang.Object, java.lang.Object)'> (0x00000000c3d21b50) 
thrown [s\open\src\hotspot\share\interpreter\linkResolver.cpp, line 773]
Event: 8.040 Thread 0x0000025f48c9ada0 Exception <a 'java/lang/NoSuchMethodError'{0x00000000c3d2f6b8}: 'void java.lang.invoke.DirectMethodHandle$Holder.invokeStatic(java.lang.Object, int, java.lang.Object)'> (0x00000000c3d2f6b8) 
thrown [s\open\src\hotspot\share\interpreter\linkResolver.cpp, line 773]
Event: 8.054 Thread 0x0000025f48c9ada0 Exception <a 'java/lang/NoSuchMethodError'{0x00000000c3d6cd58}: 'void java.lang.invoke.DirectMethodHandle$Holder.invokeStatic(java.lang.Object, java.lang.Object, java.lang.Object, int, java.lang.Object)'> (0x00000000c3d6cd58) 
thrown [s\open\src\hotspot\share\interpreter\linkResolver.cpp, line 773]
Event: 8.055 Thread 0x0000025f48c9ada0 Exception <a 'java/lang/NoSuchMethodError'{0x00000000c3d73e90}: 'java.lang.Object java.lang.invoke.DirectMethodHandle$Holder.newInvokeSpecial(java.lang.Object, java.lang.Object, java.lang.Object, int)'> (0x00000000c3d73e90) 
thrown [s\open\src\hotspot\share\interpreter\linkResolver.cpp, line 773]
Event: 8.056 Thread 0x0000025f48c9ada0 Exception <a 'java/lang/NoSuchMethodError'{0x00000000c3d77c80}: 'java.lang.Object java.lang.invoke.DirectMethodHandle$Holder.invokeSpecial(java.lang.Object, java.lang.Object, java.lang.Object, java.lang.Object, int)'> (0x00000000c3d77c80) 
thrown [s\open\src\hotspot\share\interpreter\linkResolver.cpp, line 773]
Event: 8.056 Thread 0x0000025f48c9ada0 Exception <a 'java/lang/NoSuchMethodError'{0x00000000c3d7b108}: 'java.lang.Object java.lang.invoke.Invokers$Holder.linkToTargetMethod(java.lang.Object, java.lang.Object, int, java.lang.Object)'> (0x00000000c3d7b108) 
thrown [s\open\src\hotspot\share\interpreter\linkResolver.cpp, line 773]
Event: 8.734 Thread 0x0000025f48c9ada0 Exception <a 'java/lang/NoSuchMethodError'{0x00000000c3998258}: 'java.lang.Object java.lang.invoke.DirectMethodHandle$Holder.invokeStaticInit(java.lang.Object, int, int, int, int)'> (0x00000000c3998258) 
thrown [s\open\src\hotspot\share\interpreter\linkResolver.cpp, line 773]
Event: 9.090 Thread 0x0000025f48c9ada0 Exception <a 'java/lang/NoSuchMethodError'{0x00000000c3817680}: 'java.lang.Object java.lang.invoke.DirectMethodHandle$Holder.invokeStaticInit(java.lang.Object, java.lang.Object, int, int, int, int)'> (0x00000000c3817680) 
thrown [s\open\src\hotspot\share\interpreter\linkResolver.cpp, line 773]
Event: 9.275 Thread 0x0000025f48c9ada0 Exception <a 'java/lang/NoSuchMethodError'{0x00000000c36681f8}: 'int java.lang.invoke.DirectMethodHandle$Holder.invokeVirtual(java.lang.Object, java.lang.Object, java.lang.Object, java.lang.Object)'> (0x00000000c36681f8) 
thrown [s\open\src\hotspot\share\interpreter\linkResolver.cpp, line 773]
Event: 9.275 Thread 0x0000025f48c9ada0 Exception <a 'java/lang/NoSuchMethodError'{0x00000000c366bc60}: 'int java.lang.invoke.DelegatingMethodHandle$Holder.reinvoke_L(java.lang.Object, java.lang.Object, java.lang.Object, java.lang.Object)'> (0x00000000c366bc60) 
thrown [s\open\src\hotspot\share\interpreter\linkResolver.cpp, line 773]
Event: 9.833 Thread 0x0000025f48c9ada0 Exception <a 'java/io/FileNotFoundException'{0x00000000c506efd8}> (0x00000000c506efd8) 
thrown [s\open\src\hotspot\share\prims\jni.cpp, line 519]
Event: 9.978 Thread 0x0000025f48c9ada0 Exception <a 'java/lang/NoSuchMethodError'{0x00000000c4e20800}: 'int java.lang.invoke.DirectMethodHandle$Holder.invokeInterface(java.lang.Object, java.lang.Object, java.lang.Object, java.lang.Object)'> (0x00000000c4e20800) 
thrown [s\open\src\hotspot\share\interpreter\linkResolver.cpp, line 773]

VM Operations (20 events):
Event: 8.553 Executing VM operation: HandshakeAllThreads
Event: 8.553 Executing VM operation: HandshakeAllThreads done
Event: 8.602 Executing VM operation: HandshakeAllThreads
Event: 8.602 Executing VM operation: HandshakeAllThreads done
Event: 9.405 Executing VM operation: ICBufferFull
Event: 9.405 Executing VM operation: ICBufferFull done
Event: 9.424 Executing VM operation: HandshakeAllThreads
Event: 9.424 Executing VM operation: HandshakeAllThreads done
Event: 9.434 Executing VM operation: HandshakeAllThreads
Event: 9.434 Executing VM operation: HandshakeAllThreads done
Event: 9.539 Executing VM operation: G1CollectForAllocation
Event: 9.564 Executing VM operation: G1CollectForAllocation done
Event: 9.577 Executing VM operation: HandshakeAllThreads
Event: 9.577 Executing VM operation: HandshakeAllThreads done
Event: 9.658 Executing VM operation: HandshakeAllThreads
Event: 9.658 Executing VM operation: HandshakeAllThreads done
Event: 9.802 Executing VM operation: HandshakeAllThreads
Event: 9.802 Executing VM operation: HandshakeAllThreads done
Event: 10.802 Executing VM operation: Cleanup
Event: 10.803 Executing VM operation: Cleanup done

Events (16 events):
Event: 0.054 Thread 0x0000025f48c9ada0 Thread added: 0x0000025f48c9ada0
Event: 0.089 Thread 0x0000025f637066f0 Thread added: 0x0000025f637066f0
Event: 0.089 Thread 0x0000025f63707c30 Thread added: 0x0000025f63707c30
Event: 0.090 Thread 0x0000025f6370b150 Thread added: 0x0000025f6370b150
Event: 0.090 Thread 0x0000025f6370ba90 Thread added: 0x0000025f6370ba90
Event: 0.090 Thread 0x0000025f6370d3e0 Thread added: 0x0000025f6370d3e0
Event: 0.090 Thread 0x0000025f6370dd20 Thread added: 0x0000025f6370dd20
Event: 0.090 Thread 0x0000025f6370ecd0 Thread added: 0x0000025f6370ecd0
Event: 0.091 Thread 0x0000025f63711b40 Thread added: 0x0000025f63711b40
Event: 0.264 Thread 0x0000025f636eceb0 Thread added: 0x0000025f636eceb0
Event: 0.799 Thread 0x0000025f67b0b880 Thread added: 0x0000025f67b0b880
Event: 0.799 Thread 0x0000025f67b0bdd0 Thread added: 0x0000025f67b0bdd0
Event: 2.772 Thread 0x0000025f686cff30 Thread added: 0x0000025f686cff30
Event: 3.786 Thread 0x0000025f686cff30 Thread exited: 0x0000025f686cff30
Event: 3.831 Thread 0x0000025f6892c8e0 Thread added: 0x0000025f6892c8e0
Event: 3.904 Thread 0x0000025f6892c8e0 Thread exited: 0x0000025f6892c8e0


Dynamic libraries:
0x00007ff7f12d0000 - 0x00007ff7f12e0000 	C:\Program Files\Java\jdk-20\bin\java.exe
0x00007ff889850000 - 0x00007ff889a48000 	C:\Windows\SYSTEM32\ntdll.dll
0x00007ff8878b0000 - 0x00007ff88796d000 	C:\Windows\System32\KERNEL32.DLL
0x00007ff887100000 - 0x00007ff8873f6000 	C:\Windows\System32\KERNELBASE.dll
0x00007ff887400000 - 0x00007ff887500000 	C:\Windows\System32\ucrtbase.dll
0x00007ff87f790000 - 0x00007ff87f7ab000 	C:\Program Files\Java\jdk-20\bin\VCRUNTIME140.dll
0x00007ff87fa40000 - 0x00007ff87fa59000 	C:\Program Files\Java\jdk-20\bin\jli.dll
0x00007ff889000000 - 0x00007ff8890ae000 	C:\Windows\System32\ADVAPI32.dll
0x00007ff888500000 - 0x00007ff88859e000 	C:\Windows\System32\msvcrt.dll
0x00007ff8891f0000 - 0x00007ff88928c000 	C:\Windows\System32\sechost.dll
0x00007ff888910000 - 0x00007ff888a36000 	C:\Windows\System32\RPCRT4.dll
0x00007ff888a40000 - 0x00007ff888bde000 	C:\Windows\System32\USER32.dll
0x00007ff887620000 - 0x00007ff887642000 	C:\Windows\System32\win32u.dll
0x00007ff8897c0000 - 0x00007ff8897ec000 	C:\Windows\System32\GDI32.dll
0x00007ff887790000 - 0x00007ff8878aa000 	C:\Windows\System32\gdi32full.dll
0x00007ff887580000 - 0x00007ff88761d000 	C:\Windows\System32\msvcp_win.dll
0x00007ff877ae0000 - 0x00007ff877d7a000 	C:\Windows\WinSxS\amd64_microsoft.windows.common-controls_6595b64144ccf1df_6.0.19041.1110_none_60b5254171f9507e\COMCTL32.dll
0x00007ff880160000 - 0x00007ff88016a000 	C:\Windows\SYSTEM32\VERSION.dll
0x00007ff889110000 - 0x00007ff889140000 	C:\Windows\System32\IMM32.DLL
0x00007ff882960000 - 0x00007ff88296c000 	C:\Program Files\Java\jdk-20\bin\vcruntime140_1.dll
0x00007ff866b30000 - 0x00007ff866bbe000 	C:\Program Files\Java\jdk-20\bin\msvcp140.dll
0x00007ff857400000 - 0x00007ff858097000 	C:\Program Files\Java\jdk-20\bin\server\jvm.dll
0x00007ff870410000 - 0x00007ff870437000 	C:\Windows\SYSTEM32\WINMM.dll
0x00007ff87fa10000 - 0x00007ff87fa19000 	C:\Windows\SYSTEM32\WSOCK32.dll
0x00007ff888f90000 - 0x00007ff888ffb000 	C:\Windows\System32\WS2_32.dll
0x00007ff884dc0000 - 0x00007ff884dd2000 	C:\Windows\SYSTEM32\kernel.appcore.dll
0x00007ff881830000 - 0x00007ff88183a000 	C:\Program Files\Java\jdk-20\bin\jimage.dll
0x00007ff873d10000 - 0x00007ff873ef4000 	C:\Windows\SYSTEM32\DBGHELP.DLL
0x00007ff873600000 - 0x00007ff873634000 	C:\Windows\SYSTEM32\dbgcore.DLL
0x00007ff887700000 - 0x00007ff887782000 	C:\Windows\System32\bcryptPrimitives.dll
0x00007ff882950000 - 0x00007ff88295e000 	C:\Program Files\Java\jdk-20\bin\instrument.dll
0x00007ff87f6f0000 - 0x00007ff87f716000 	C:\Program Files\Java\jdk-20\bin\java.dll
0x00007ff8619e0000 - 0x00007ff861ab7000 	C:\Program Files\Java\jdk-20\bin\jsvml.dll
0x00007ff887970000 - 0x00007ff8880b5000 	C:\Windows\System32\SHELL32.dll
0x00007ff884fc0000 - 0x00007ff88575b000 	C:\Windows\SYSTEM32\windows.storage.dll
0x00007ff8885b0000 - 0x00007ff888904000 	C:\Windows\System32\combase.dll
0x00007ff8868a0000 - 0x00007ff8868ce000 	C:\Windows\SYSTEM32\Wldp.dll
0x00007ff889140000 - 0x00007ff8891ed000 	C:\Windows\System32\SHCORE.dll
0x00007ff888f30000 - 0x00007ff888f85000 	C:\Windows\System32\shlwapi.dll
0x00007ff886e60000 - 0x00007ff886e85000 	C:\Windows\SYSTEM32\profapi.dll
0x00007ff87f6b0000 - 0x00007ff87f6c8000 	C:\Program Files\Java\jdk-20\bin\zip.dll
0x00007ff878420000 - 0x00007ff878433000 	C:\Program Files\Java\jdk-20\bin\net.dll
0x00007ff87ba40000 - 0x00007ff87bb4a000 	C:\Windows\SYSTEM32\WINHTTP.dll
0x00007ff886600000 - 0x00007ff88666a000 	C:\Windows\system32\mswsock.dll
0x00007ff874d20000 - 0x00007ff874d36000 	C:\Program Files\Java\jdk-20\bin\nio.dll
0x00007ff87f8a0000 - 0x00007ff87f8ba000 	C:\Program Files\JetBrains\IntelliJ IDEA Community Edition 2023.2\bin\breakgen64.dll
0x00007ff8812c0000 - 0x00007ff8812c7000 	C:\Program Files\Java\jdk-20\bin\extnet.dll
0x00007ff8867f0000 - 0x00007ff886808000 	C:\Windows\SYSTEM32\CRYPTSP.dll
0x00007ff885f10000 - 0x00007ff885f44000 	C:\Windows\system32\rsaenh.dll
0x00007ff887550000 - 0x00007ff887577000 	C:\Windows\System32\bcrypt.dll
0x00007ff886e20000 - 0x00007ff886e4e000 	C:\Windows\SYSTEM32\USERENV.dll
0x00007ff886810000 - 0x00007ff88681c000 	C:\Windows\SYSTEM32\CRYPTBASE.dll
0x00007ff8862f0000 - 0x00007ff88632b000 	C:\Windows\SYSTEM32\IPHLPAPI.DLL
0x00007ff8885a0000 - 0x00007ff8885a8000 	C:\Windows\System32\NSI.dll
0x00007ff87bd30000 - 0x00007ff87bd47000 	C:\Windows\SYSTEM32\dhcpcsvc6.DLL
0x00007ff87d3c0000 - 0x00007ff87d3dd000 	C:\Windows\SYSTEM32\dhcpcsvc.DLL
0x00007ff886330000 - 0x00007ff8863fa000 	C:\Windows\SYSTEM32\DNSAPI.dll
0x00007ff882920000 - 0x00007ff88292e000 	C:\Program Files\Java\jdk-20\bin\sunmscapi.dll
0x00007ff886fa0000 - 0x00007ff8870fe000 	C:\Windows\System32\CRYPT32.dll
0x00007ff886910000 - 0x00007ff886938000 	C:\Windows\SYSTEM32\ncrypt.dll
0x00007ff8868d0000 - 0x00007ff88690b000 	C:\Windows\SYSTEM32\NTASN1.dll
0x00007ff881200000 - 0x00007ff88120a000 	C:\Program Files\Java\jdk-20\bin\management.dll
0x00007ff87fa70000 - 0x00007ff87fa7b000 	C:\Program Files\Java\jdk-20\bin\management_ext.dll
0x00007ff889290000 - 0x00007ff889298000 	C:\Windows\System32\PSAPI.DLL

dbghelp: loaded successfully - version: 4.0.5 - missing functions: none
symbol engine: initialized successfully - sym options: 0x614 - pdb path: .;C:\Program Files\Java\jdk-20\bin;C:\Windows\SYSTEM32;C:\Windows\WinSxS\amd64_microsoft.windows.common-controls_6595b64144ccf1df_6.0.19041.1110_none_60b5254171f9507e;C:\Program Files\Java\jdk-20\bin\server;C:\Program Files\JetBrains\IntelliJ IDEA Community Edition 2023.2\bin

VM Arguments:
jvm_args: -javaagent:C:\Program Files\JetBrains\IntelliJ IDEA Community Edition 2023.2\lib\idea_rt.jar=50125:C:\Program Files\JetBrains\IntelliJ IDEA Community Edition 2023.2\bin -Dfile.encoding=UTF-8 -Dsun.stdout.encoding=UTF-8 -Dsun.stderr.encoding=UTF-8 
java_command: com.geekster.JobSearchPortal.JobSearchPortalApplication
java_class_path (initial): C:\Users\LENOVO\Desktop\Spring Boot\Weekly Test\JobSearchPortal\target\classes;C:\Users\LENOVO\.m2\repository\org\springdoc\springdoc-openapi-starter-webmvc-ui\2.1.0\springdoc-openapi-starter-webmvc-ui-2.1.0.jar;C:\Users\LENOVO\.m2\repository\org\springdoc\springdoc-openapi-starter-webmvc-api\2.1.0\springdoc-openapi-starter-webmvc-api-2.1.0.jar;C:\Users\LENOVO\.m2\repository\org\springdoc\springdoc-openapi-starter-common\2.1.0\springdoc-openapi-starter-common-2.1.0.jar;C:\Users\LENOVO\.m2\repository\io\swagger\core\v3\swagger-core-jakarta\2.2.9\swagger-core-jakarta-2.2.9.jar;C:\Users\LENOVO\.m2\repository\org\apache\commons\commons-lang3\3.12.0\commons-lang3-3.12.0.jar;C:\Users\LENOVO\.m2\repository\io\swagger\core\v3\swagger-annotations-jakarta\2.2.9\swagger-annotations-jakarta-2.2.9.jar;C:\Users\LENOVO\.m2\repository\io\swagger\core\v3\swagger-models-jakarta\2.2.9\swagger-models-jakarta-2.2.9.jar;C:\Users\LENOVO\.m2\repository\jakarta\validation\jakarta.validation-api\3.0.2\jakarta.validation-api-3.0.2.jar;C:\Users\LENOVO\.m2\repository\com\fasterxml\jackson\dataformat\jackson-dataformat-yaml\2.15.2\jackson-dataformat-yaml-2.15.2.jar;C:\Users\LENOVO\.m2\repository\org\webjars\swagger-ui\4.18.2\swagger-ui-4.18.2.jar;C:\Users\LENOVO\.m2\repository\org\springframework\boot\spring-boot-starter-data-jpa\3.1.4\spring-boot-starter-data-jpa-3.1.4.jar;C:\Users\LENOVO\.m2\repository\org\springframework\boot\spring-boot-starter-aop\3.1.4\spring-boot-starter-aop-3.1.4.jar;C:\Users\LENOVO\.m2\repository\org\springframework\spring-aop\6.0.12\spring-aop-6.0.12.jar;C:\Users\LENOVO\.m2\repository\org\aspectj\aspectjweaver\1.9.20\aspectjweaver-1.9.20.jar;C:\Users\LENOVO\.m2\repository\org\springframework\boot\spring-boot-starter-jdbc\3.1.4\spring-boot-starter-jdbc-3.1.4.jar;C:\Users\LENOVO\.m2\repository\com\zaxxer\HikariCP\5.0.1\HikariCP-5.0.1.jar;C:\Users\LENOVO\.m2\repository\org\springframework\spring-jdbc\6.0.12\spring-jdbc-6.0.12.jar;C:\Users\LENOVO\.m2\repository\org\hibernate\orm\hibernate-core\6.2.9.Final\hibernate-core-6.2.9.Final.jar;C:\Users\LENOVO\.m2\repository\jakarta\persistence\jakarta.persistence-api\3.1.0\jakarta.persistence-api-3.1.0.jar;C:\Users\LENOVO\.m2\repository\jakarta\transaction\jakarta.transaction-api\2.0.1\jakarta.transaction-api-2.0.1.jar;C:\Users\LENOVO\.m2\repository\org\jboss\logging\jboss-logging\3.5.3.Final\jboss-logging-3.5.3.Final.jar;C:\Users\LENOVO\.m2\repository\org\hibernate\common\hibernate-commons-annotations\6.0.6.Final\hibernate-commons-annotations-6.0.6.Final.jar;C:\Users\LENOVO\.m2\repository\io\smallrye\jandex\3.0.5\jandex-3.0.5.jar;C:\Users\LENOVO\.m2\repository\com\fasterxml\classmate\1.5.1\classmate-1.5.1.jar;C:\Users\LENOVO\.m2\repository\net\bytebuddy\byte-buddy\1.14.8\byte-buddy-1.14.8.jar;C:\Users\LENOVO\.m2\repository\org\glassfish\jaxb\jaxb-runtime\4.0.3\jaxb-runtime-4.0.3.jar;C:\Users\LENOVO\.m2\repository\org\glassfish\jaxb\jaxb-core\4.0.3\jaxb-core-4.0.3.jar;C:\Users\LENOVO\.m2\repository\org\eclipse\angus\angus-activation\2.0.1\angus-activation-2.0.1.jar;C:\Users\LENOVO\.m2\repository\org\glassfish\jaxb\txw2\4.0.3\txw2-4.0.3.jar;C:\Users\LENOVO\.m2\repository\com\sun\istack\istack-commons-runtime\4.1.2\istack-commons-runtime-4.1.2.jar;C:\Users\LENOVO\.m2\repository\jakarta\inject\jakarta.inject-api\2.0.1\jakarta.inject-api-2.0.1.jar;C:\Users\LENOVO\.m2\repository\org\antlr\antlr4-runtime\4.10.1\antlr4-runtime-4.10.1.jar;C:\Users\LENOVO\.m2\repository\org\springframework\data\spring-data-jpa\3.1.4\spring-data-jpa-3.1.4.jar;C:\Users\LENOVO\.m2\repository\org\springframework\data\spring-data-commons\3.1.4\spring-data-commons-3.1.4.jar;C:\Users\LENOVO\.m2\repository\org\springframework\spring-orm\6.0.12\spring-orm-6.0.12.jar;C:\Users\LENOVO\.m2\repository\org\springframework\spring-context\6.0.12\spring-context-6.0.12.jar;C:\Users\LENOVO\.m2\repository\org\springframework\spring-tx\6.0.12\spring-tx-6.0.12.jar;C:\Users\LENOVO\.m2\repository\org\springframework\spring-beans\6.0.12\spring-beans-6.0.12.jar;C:\Users\LENOVO\.m2\repository\jakarta\annotation\jakarta.annotation-api\2.1.1\jakarta.annotation-api-2.1.1.jar;C:\Users\LENOVO\.m2\repository\org\slf4j\slf4j-api\2.0.9\slf4j-api-2.0.9.jar;C:\Users\LENOVO\.m2\repository\org\springframework\spring-aspects\6.0.12\spring-aspects-6.0.12.jar;C:\Users\LENOVO\.m2\repository\org\springframework\boot\spring-boot-starter-web\3.1.4\spring-boot-starter-web-3.1.4.jar;C:\Users\LENOVO\.m2\repository\org\springframework\boot\spring-boot-starter\3.1.4\spring-boot-starter-3.1.4.jar;C:\Users\LENOVO\.m2\repository\org\springframework\boot\spring-boot\3.1.4\spring-boot-3.1.4.jar;C:\Users\LENOVO\.m2\repository\org\springframework\boot\spring-boot-autoconfigure\3.1.4\spring-boot-autoconfigure-3.1.4.jar;C:\Users\LENOVO\.m2\repository\org\springframework\boot\spring-boot-starter-logging\3.1.4\spring-boot-starter-logging-3.1.4.jar;C:\Users\LENOVO\.m2\repository\ch\qos\logback\logback-classic\1.4.11\logback-classic-1.4.11.jar;C:\Users\LENOVO\.m2\repository\ch\qos\logback\logback-core\1.4.11\logback-core-1.4.11.jar;C:\Users\LENOVO\.m2\repository\org\apache\logging\log4j\log4j-to-slf4j\2.20.0\log4j-to-slf4j-2.20.0.jar;C:\Users\LENOVO\.m2\repository\org\apache\logging\log4j\log4j-api\2.20.0\log4j-api-2.20.0.jar;C:\Users\LENOVO\.m2\repository\org\slf4j\jul-to-slf4j\2.0.9\jul-to-slf4j-2.0.9.jar;C:\Users\LENOVO\.m2\repository\org\yaml\snakeyaml\1.33\snakeyaml-1.33.jar;C:\Users\LENOVO\.m2\repository\org\springframework\boot\spring-boot-starter-json\3.1.4\spring-boot-starter-json-3.1.4.jar;C:\Users\LENOVO\.m2\repository\com\fasterxml\jackson\core\jackson-databind\2.15.2\jackson-databind-2.15.2.jar;C:\Users\LENOVO\.m2\repository\com\fasterxml\jackson\core\jackson-annotations\2.15.2\jackson-annotations-2.15.2.jar;C:\Users\LENOVO\.m2\repository\com\fasterxml\jackson\core\jackson-core\2.15.2\jackson-core-2.15.2.jar;C:\Users\LENOVO\.m2\repository\com\fasterxml\jackson\datatype\jackson-datatype-jdk8\2.15.2\jackson-datatype-jdk8-2.15.2.jar;C:\Users\LENOVO\.m2\repository\com\fasterxml\jackson\datatype\jackson-datatype-jsr310\2.15.2\jackson-datatype-jsr310-2.15.2.jar;C:\Users\LENOVO\.m2\repository\com\fasterxml\jackson\module\jackson-module-parameter-names\2.15.2\jackson-module-parameter-names-2.15.2.jar;C:\Users\LENOVO\.m2\repository\org\springframework\boot\spring-boot-starter-tomcat\3.1.4\spring-boot-starter-tomcat-3.1.4.jar;C:\Users\LENOVO\.m2\repository\org\apache\tomcat\embed\tomcat-embed-core\10.1.13\tomcat-embed-core-10.1.13.jar;C:\Users\LENOVO\.m2\repository\org\apache\tomcat\embed\tomcat-embed-el\10.1.13\tomcat-embed-el-10.1.13.jar;C:\Users\LENOVO\.m2\repository\org\apache\tomcat\embed\tomcat-embed-websocket\10.1.13\tomcat-embed-websocket-10.1.13.jar;C:\Users\LENOVO\.m2\repository\org\springframework\spring-web\6.0.12\spring-web-6.0.12.jar;C:\Users\LENOVO\.m2\repository\io\micrometer\micrometer-observation\1.11.4\micrometer-observation-1.11.4.jar;C:\Users\LENOVO\.m2\repository\io\micrometer\micrometer-commons\1.11.4\micrometer-commons-1.11.4.jar;C:\Users\LENOVO\.m2\repository\org\springframework\spring-webmvc\6.0.12\spring-webmvc-6.0.12.jar;C:\Users\LENOVO\.m2\repository\org\springframework\spring-expression\6.0.12\spring-expression-6.0.12.jar;C:\Users\LENOVO\.m2\repository\com\h2database\h2\2.1.214\h2-2.1.214.jar;C:\Users\LENOVO\.m2\repository\org\projectlombok\lombok\1.18.30\lombok-1.18.30.jar;C:\Users\LENOVO\.m2\repository\jakarta\xml\bind\jakarta.xml.bind-api\4.0.1\jakarta.xml.bind-api-4.0.1.jar;C:\Users\LENOVO\.m2\repository\jakarta\activation\jakarta.activation-api\2.1.2\jakarta.activation-api-2.1.2.jar;C:\Users\LENOVO\.m2\repository\org\springframework\spring-core\6.0.12\spring-core-6.0.12.jar;C:\Users\LENOVO\.m2\repository\org\springframework\spring-jcl\6.0.12\spring-jcl-6.0.12.jar
Launcher Type: SUN_STANDARD

[Global flags]
     intx CICompilerCount                          = 3                                         {product} {ergonomic}
     uint ConcGCThreads                            = 1                                         {product} {ergonomic}
     uint G1ConcRefinementThreads                  = 4                                         {product} {ergonomic}
   size_t G1HeapRegionSize                         = 1048576                                   {product} {ergonomic}
    uintx GCDrainStackTargetSize                   = 64                                        {product} {ergonomic}
   size_t InitialHeapSize                          = 65011712                                  {product} {ergonomic}
   size_t MarkStackSize                            = 4194304                                   {product} {ergonomic}
   size_t MaxHeapSize                              = 1040187392                                {product} {ergonomic}
   size_t MaxNewSize                               = 623902720                                 {product} {ergonomic}
   size_t MinHeapDeltaBytes                        = 1048576                                   {product} {ergonomic}
   size_t MinHeapSize                              = 8388608                                   {product} {ergonomic}
    uintx NonNMethodCodeHeapSize                   = 5832780                                {pd product} {ergonomic}
    uintx NonProfiledCodeHeapSize                  = 122912730                              {pd product} {ergonomic}
    uintx ProfiledCodeHeapSize                     = 122912730                              {pd product} {ergonomic}
    uintx ReservedCodeCacheSize                    = 251658240                              {pd product} {ergonomic}
     bool SegmentedCodeCache                       = true                                      {product} {ergonomic}
   size_t SoftMaxHeapSize                          = 1040187392                             {manageable} {ergonomic}
     bool UseCompressedClassPointers               = true                           {product lp64_product} {ergonomic}
     bool UseCompressedOops                        = true                           {product lp64_product} {ergonomic}
     bool UseG1GC                                  = true                                      {product} {ergonomic}
     bool UseLargePagesIndividualAllocation        = false                                  {pd product} {ergonomic}

Logging:
Log output configuration:
 #0: stdout all=warning uptime,level,tags foldmultilines=false
 #1: stderr all=off uptime,level,tags foldmultilines=false

Environment Variables:
JAVA_HOME=C:\Users\LENOVO\AppData\Local\Programs\Eclipse Adoptium\jdk-17.0.7.7-hotspot\
PATH=C:\Program Files\Common Files\Oracle\Java\javapath;C:\Windows\system32;C:\Windows;C:\Windows\System32\Wbem;C:\Windows\System32\WindowsPowerShell\v1.0\;C:\Windows\System32\OpenSSH\;C:\Program Files\Java\jdk-20\bin;C:\Program Files\Git\cmd;C:\Users\LENOVO\AppData\Local\Programs\Eclipse Adoptium\jdk-17.0.7.7-hotspot\bin;C:\Users\LENOVO\AppData\Local\Microsoft\WindowsApps;C:\Users\LENOVO\AppData\Local\Programs\Microsoft VS Code\bin;C:\Program Files\Java\jdk-20\bin;;C:\Program Files\JetBrains\IntelliJ IDEA Community Edition 2023.2\bin;
USERNAME=LENOVO
OS=Windows_NT
PROCESSOR_IDENTIFIER=Intel64 Family 6 Model 142 Stepping 10, GenuineIntel
TMP=C:\Users\LENOVO\AppData\Local\Temp
TEMP=C:\Users\LENOVO\AppData\Local\Temp




---------------  S Y S T E M  ---------------

OS:
 Windows 10 , 64 bit Build 19041 (10.0.19041.3393)
OS uptime: 2 days 5:29 hours

CPU: total 4 (initial active 4) (2 cores per cpu, 2 threads per core) family 6 model 142 stepping 10 microcode 0xb4, cx8, cmov, fxsr, ht, mmx, 3dnowpref, sse, sse2, sse3, ssse3, sse4.1, sse4.2, popcnt, lzcnt, tsc, tscinvbit, avx, avx2, aes, erms, clmul, bmi1, bmi2, adx, fma, vzeroupper, clflush, clflushopt, rdtscp, f16c

Memory: 4k page, system-wide physical 3962M (198M free)
TotalPageFile size 8058M (AvailPageFile size 3M)
current process WorkingSet (physical memory assigned to process): 151M, peak: 151M
current process commit charge ("private bytes"): 185M, peak: 186M

vm_info: Java HotSpot(TM) 64-Bit Server VM (20.0.1+9-29) for windows-amd64 JRE (20.0.1+9-29), built on 2023-03-07T13:56:11Z by "mach5one" with MS VC++ 17.1 (VS2022)

END.
