#
# There is insufficient memory for the Java Runtime Environment to continue.
# Native memory allocation (mmap) failed to map 65536 bytes for Failed to commit metaspace.
# Possible reasons:
#   The system is out of physical RAM or swap space
#   The process is running with CompressedOops enabled, and the Java Heap may be blocking the growth of the native heap
# Possible solutions:
#   Reduce memory load on the system
#   Increase physical memory or swap space
#   Check if swap backing store is full
#   Decrease Java heap size (-Xmx/-Xms)
#   Decrease number of Java threads
#   Decrease Java thread stack sizes (-Xss)
#   Set larger code cache with -XX:ReservedCodeCacheSize=
#   JVM is running with Unscaled Compressed Oops mode in which the Java heap is
#     placed in the first 4GB address space. The Java Heap base address is the
#     maximum limit for the native heap growth. Please use -XX:HeapBaseMinAddress
#     to set the Java Heap base and to place the Java Heap above 4GB virtual address.
# This output file may be truncated or incomplete.
#
#  Out of Memory Error (virtualSpaceNode.cpp:110), pid=12868, tid=2548
#
# JRE version: Java(TM) SE Runtime Environment (20.0.1+9) (build 20.0.1+9-29)
# Java VM: Java HotSpot(TM) 64-Bit Server VM (20.0.1+9-29, mixed mode, sharing, tiered, compressed oops, compressed class ptrs, g1 gc, windows-amd64)
# No core dump will be written. Minidumps are not enabled by default on client versions of Windows
#

---------------  S U M M A R Y ------------

Command Line: -javaagent:C:\Program Files\JetBrains\IntelliJ IDEA Community Edition 2023.2\lib\idea_rt.jar=51229:C:\Program Files\JetBrains\IntelliJ IDEA Community Edition 2023.2\bin -Dfile.encoding=UTF-8 -Dsun.stdout.encoding=UTF-8 -Dsun.stderr.encoding=UTF-8 com.geekster.JobSearchPortal.JobSearchPortalApplication

Host: Intel(R) Core(TM) i3-7020U CPU @ 2.30GHz, 4 cores, 3G,  Windows 10 , 64 bit Build 19041 (10.0.19041.3393)
Time: Sun Sep 24 23:10:13 2023 India Standard Time elapsed time: 9.098959 seconds (0d 0h 0m 9s)

---------------  T H R E A D  ---------------

Current thread (0x000001dd29918c20):  JavaThread "main" [_thread_in_vm, id=2548, stack(0x0000004718800000,0x0000004718900000)]

Stack: [0x0000004718800000,0x0000004718900000]
Native frames: (J=compiled Java code, j=interpreted, Vv=VM code, C=native code)
V  [jvm.dll+0x6bb95a]
V  [jvm.dll+0x8485fa]
V  [jvm.dll+0x84a1f5]
V  [jvm.dll+0x84a8f3]
V  [jvm.dll+0x280b0f]
V  [jvm.dll+0x84453b]
V  [jvm.dll+0x65fd86]
V  [jvm.dll+0x1eb4e7]
V  [jvm.dll+0x6627a2]
V  [jvm.dll+0x66258e]
V  [jvm.dll+0x66079e]
V  [jvm.dll+0x27df7c]
V  [jvm.dll+0x7107ed]
V  [jvm.dll+0x7112ef]
V  [jvm.dll+0x3c8207]
V  [jvm.dll+0x3c8087]
V  [jvm.dll+0x3c72a7]
V  [jvm.dll+0x3c7248]
V  [jvm.dll+0x472db4]
C  [java.dll+0x13e9]

Java frames: (J=compiled Java code, j=interpreted, Vv=VM code)
J 987  java.lang.Class.forName0(Ljava/lang/String;ZLjava/lang/ClassLoader;Ljava/lang/Class;)Ljava/lang/Class; java.base@20.0.1 (0 bytes) @ 0x000001dd3ad0743f [0x000001dd3ad073a0+0x000000000000009f]
J 997 c1 java.lang.Class.forName(Ljava/lang/String;ZLjava/lang/ClassLoader;Ljava/lang/Class;)Ljava/lang/Class; java.base@20.0.1 (41 bytes) @ 0x000001dd3338a0c4 [0x000001dd33389fc0+0x0000000000000104]
J 996 c1 java.lang.Class.forName(Ljava/lang/String;ZLjava/lang/ClassLoader;)Ljava/lang/Class; java.base@20.0.1 (24 bytes) @ 0x000001dd33389bcc [0x000001dd33389ac0+0x000000000000010c]
j  org.jboss.logging.Logger.doGetMessageLogger(Ljava/lang/Class;Ljava/lang/String;Ljava/util/Locale;)Ljava/lang/Object;+181
j  org.jboss.logging.Logger.getMessageLogger(Ljava/lang/Class;Ljava/lang/String;Ljava/util/Locale;)Ljava/lang/Object;+9
j  org.jboss.logging.Logger.getMessageLogger(Ljava/lang/Class;Ljava/lang/String;)Ljava/lang/Object;+5
j  org.hibernate.internal.HEMLogging.messageLogger(Ljava/lang/String;)Lorg/hibernate/internal/EntityManagerMessageLogger;+3
j  org.hibernate.internal.HEMLogging.messageLogger(Ljava/lang/Class;)Lorg/hibernate/internal/EntityManagerMessageLogger;+4
j  org.hibernate.jpa.boot.internal.EntityManagerFactoryBuilderImpl.<clinit>()V+2
v  ~StubRoutines::call_stub 0x000001dd3a71100d
j  org.springframework.orm.jpa.vendor.SpringHibernateJpaPersistenceProvider.createContainerEntityManagerFactory(Ljakarta/persistence/spi/PersistenceUnitInfo;Ljava/util/Map;)Ljakarta/persistence/EntityManagerFactory;+41
j  org.springframework.orm.jpa.LocalContainerEntityManagerFactoryBean.createNativeEntityManagerFactory()Ljakarta/persistence/EntityManagerFactory;+111
j  org.springframework.orm.jpa.AbstractEntityManagerFactoryBean.buildNativeEntityManagerFactory()Ljakarta/persistence/EntityManagerFactory;+1
j  org.springframework.orm.jpa.AbstractEntityManagerFactoryBean.afterPropertiesSet()V+192
j  org.springframework.orm.jpa.LocalContainerEntityManagerFactoryBean.afterPropertiesSet()V+84
j  org.springframework.beans.factory.support.AbstractAutowireCapableBeanFactory.invokeInitMethods(Ljava/lang/String;Ljava/lang/Object;Lorg/springframework/beans/factory/support/RootBeanDefinition;)V+56
j  org.springframework.beans.factory.support.AbstractAutowireCapableBeanFactory.initializeBean(Ljava/lang/String;Ljava/lang/Object;Lorg/springframework/beans/factory/support/RootBeanDefinition;)Ljava/lang/Object;+34
j  org.springframework.beans.factory.support.AbstractAutowireCapableBeanFactory.doCreateBean(Ljava/lang/String;Lorg/springframework/beans/factory/support/RootBeanDefinition;[Ljava/lang/Object;)Ljava/lang/Object;+228
j  org.springframework.beans.factory.support.AbstractAutowireCapableBeanFactory.createBean(Ljava/lang/String;Lorg/springframework/beans/factory/support/RootBeanDefinition;[Ljava/lang/Object;)Ljava/lang/Object;+153
j  org.springframework.beans.factory.support.AbstractBeanFactory.lambda$doGetBean$0(Ljava/lang/String;Lorg/springframework/beans/factory/support/RootBeanDefinition;[Ljava/lang/Object;)Ljava/lang/Object;+4
j  org.springframework.beans.factory.support.AbstractBeanFactory$$Lambda$276+0x00000008011a7990.getObject()Ljava/lang/Object;+16
j  org.springframework.beans.factory.support.DefaultSingletonBeanRegistry.getSingleton(Ljava/lang/String;Lorg/springframework/beans/factory/ObjectFactory;)Ljava/lang/Object;+114
J 2520 c1 org.springframework.beans.factory.support.AbstractBeanFactory.doGetBean(Ljava/lang/String;Ljava/lang/Class;[Ljava/lang/Object;Z)Ljava/lang/Object; (714 bytes) @ 0x000001dd3369ec14 [0x000001dd3369ca20+0x00000000000021f4]
j  org.springframework.beans.factory.support.AbstractBeanFactory.getBean(Ljava/lang/String;)Ljava/lang/Object;+5
j  org.springframework.context.support.AbstractApplicationContext.getBean(Ljava/lang/String;)Ljava/lang/Object;+9
j  org.springframework.context.support.AbstractApplicationContext.finishBeanFactoryInitialization(Lorg/springframework/beans/factory/config/ConfigurableListableBeanFactory;)V+106
j  org.springframework.context.support.AbstractApplicationContext.refresh()V+86
j  org.springframework.boot.web.servlet.context.ServletWebServerApplicationContext.refresh()V+1
j  org.springframework.boot.SpringApplication.refresh(Lorg/springframework/context/ConfigurableApplicationContext;)V+1
j  org.springframework.boot.SpringApplication.refreshContext(Lorg/springframework/context/ConfigurableApplicationContext;)V+16
j  org.springframework.boot.SpringApplication.run([Ljava/lang/String;)Lorg/springframework/context/ConfigurableApplicationContext;+114
j  org.springframework.boot.SpringApplication.run([Ljava/lang/Class;[Ljava/lang/String;)Lorg/springframework/context/ConfigurableApplicationContext;+9
j  org.springframework.boot.SpringApplication.run(Ljava/lang/Class;[Ljava/lang/String;)Lorg/springframework/context/ConfigurableApplicationContext;+9
j  com.geekster.JobSearchPortal.JobSearchPortalApplication.main([Ljava/lang/String;)V+3
v  ~StubRoutines::call_stub 0x000001dd3a71100d

Compiled method (n/a)    9172  987     n 0       java.lang.Class::forName0 (native)
 total in heap  [0x000001dd3ad07210,0x000001dd3ad07810] = 1536
 relocation     [0x000001dd3ad07358,0x000001dd3ad07390] = 56
 main code      [0x000001dd3ad073a0,0x000001dd3ad0780c] = 1132
 stub code      [0x000001dd3ad0780c,0x000001dd3ad07810] = 4

[Constant Pool (empty)]

[MachCode]
[Entry Point]
  # {method} {0x0000000800469d58} 'forName0' '(Ljava/lang/String;ZLjava/lang/ClassLoader;Ljava/lang/Class;)Ljava/lang/Class;' in 'java/lang/Class'
  # parm0:    rdx:rdx   = 'java/lang/String'
  # parm1:    r8        = boolean
  # parm2:    r9:r9     = 'java/lang/ClassLoader'
  # parm3:    rdi:rdi   = 'java/lang/Class'
  #           [sp+0x80]  (sp of caller)
  0x000001dd3ad073a0: 448b 5208 | 49bb 0000 | 0000 0800 | 0000 4d03 | d349 3bc2 | 0f84 0600 

  0x000001dd3ad073b8: ;   {runtime_call ic_miss_stub}
  0x000001dd3ad073b8: 0000 e941 | caa6 ff90 
[Verified Entry Point]
  0x000001dd3ad073c0: 8984 2400 | 80ff ff55 | 488b ec48 | 83ec 7090 | 4181 7f20 | 0300 0000 

  0x000001dd3ad073d8: ;   {runtime_call StubRoutines (2)}
  0x000001dd3ad073d8: 7405 e8a1 | 28a5 ff48 | 897c 2448 | 4883 ff00 | 488d 4424 | 4848 0f44 | 4424 4848 | 8944 2428 
  0x000001dd3ad073f8: 4c89 4c24 | 4049 83f9 | 0048 8d44 | 2440 480f | 4444 2440 | 4889 4424 | 204d 8bc8 | 4889 5424 
  0x000001dd3ad07418: 3048 83fa | 004c 8d44 | 2430 4c0f | 4444 2430 

  0x000001dd3ad07428: ;   {oop(a 'java/lang/Class'{0x00000000c22aa670} = 'java/lang/Class')}
  0x000001dd3ad07428: 49be 70a6 | 2ac2 0000 | 0000 4c89 | 7424 604c | 8d74 2460 | 498b d6c5 

  0x000001dd3ad07440: ;   {internal_word}
  0x000001dd3ad07440: f877 49ba | 3f74 d03a | dd01 0000 | 4d89 97c8 | 0200 0049 | 89a7 c002 

  0x000001dd3ad07458: ;   {external_word}
  0x000001dd3ad07458: 0000 49ba | e109 fb57 | f87f 0000 | 4180 3a00 | 0f84 4e00 | 0000 5241 

  0x000001dd3ad07470: ;   {metadata({method} {0x0000000800469d58} 'forName0' '(Ljava/lang/String;ZLjava/lang/ClassLoader;Ljava/lang/Class;)Ljava/lang/Class;' in 'java/lang/Class')}
  0x000001dd3ad07470: 5041 5148 | ba50 9d46 | 0008 0000 | 0049 8bcf | 4883 ec20 | 40f6 c40f | 0f84 1900 | 0000 4883 
  0x000001dd3ad07490: ;   {runtime_call}
  0x000001dd3ad07490: ec08 48b8 | a006 b257 | f87f 0000 | ffd0 4883 | c408 e90c 

  0x000001dd3ad074a4: ;   {runtime_call}
  0x000001dd3ad074a4: 0000 0048 | b8a0 06b2 | 57f8 7f00 | 00ff d048 | 83c4 2041 | 5941 585a | 498d 8fe0 | 0200 0041 
  0x000001dd3ad074c4: c787 7403 | 0000 0400 

  0x000001dd3ad074cc: ;   {runtime_call}
  0x000001dd3ad074cc: 0000 48b8 | d412 6f7f | f87f 0000 | ffd0 c5f8 | 7741 c787 | 7403 0000 | 0500 0000 | f083 4424 
  0x000001dd3ad074ec: c000 493b | af78 0300 | 000f 870e | 0000 0041 | 83bf 7003 | 0000 000f | 842b 0000 | 00c5 f877 
  0x000001dd3ad0750c: 4889 45f8 | 498b cf4c | 8be4 4883 | ec20 4883 

  0x000001dd3ad0751c: ;   {runtime_call}
  0x000001dd3ad0751c: e4f0 48b8 | 60fc 7e57 | f87f 0000 | ffd0 498b | e44d 33e4 | 488b 45f8 | 41c7 8774 | 0300 0008 
  0x000001dd3ad0753c: 0000 0041 | 83bf f003 | 0000 020f | 8492 0200 

  0x000001dd3ad0754c: ;   {external_word}
  0x000001dd3ad0754c: 0049 bae1 | 09fb 57f8 | 7f00 0041 | 803a 000f | 844c 0000 | 0048 8945 

  0x000001dd3ad07564: ;   {metadata({method} {0x0000000800469d58} 'forName0' '(Ljava/lang/String;ZLjava/lang/ClassLoader;Ljava/lang/Class;)Ljava/lang/Class;' in 'java/lang/Class')}
  0x000001dd3ad07564: f848 ba50 | 9d46 0008 | 0000 0049 | 8bcf 4883 | ec20 40f6 | c40f 0f84 | 1900 0000 | 4883 ec08 
  0x000001dd3ad07584: ;   {runtime_call}
  0x000001dd3ad07584: 48b8 a006 | b257 f87f | 0000 ffd0 | 4883 c408 | e90c 0000 

  0x000001dd3ad07598: ;   {runtime_call}
  0x000001dd3ad07598: 0048 b8a0 | 06b2 57f8 | 7f00 00ff | d048 83c4 | 2048 8b45 | f849 c787 | c002 0000 | 0000 0000 
  0x000001dd3ad075b8: 49c7 87c8 | 0200 0000 | 0000 00c5 | f877 4885 | c00f 84ed | 0100 00a8 | 010f 84e2 | 0100 0048 
  0x000001dd3ad075d8: 8b40 ff41 | 807f 4000 | 0f84 ce01 | 0000 4883 | f800 0f84 | c401 0000 | 498b 4f28 | 4883 f900 
  0x000001dd3ad075f8: 0f84 1400 | 0000 4883 | e908 4989 | 4f28 4903 | 4f38 4889 | 01e9 a201 | 0000 4881 | ecd0 0000 
  0x000001dd3ad07618: 0048 8904 | 2448 894c | 2408 4889 | 5424 1048 | 8974 2418 | 4889 7c24 | 204c 8944 | 2428 4c89 
  0x000001dd3ad07638: 4c24 304c | 8954 2438 | 4c89 5c24 | 40c5 fb11 | 4424 50c5 | fb11 4c24 | 58c5 fb11 | 5424 60c5 
  0x000001dd3ad07658: fb11 5c24 | 68c5 fb11 | 6424 70c5 | fb11 6c24 | 78c5 fb11 | b424 8000 | 0000 c5fb | 11bc 2488 
  0x000001dd3ad07678: 0000 00c5 | 7b11 8424 | 9000 0000 | c57b 118c | 2498 0000 | 00c5 7b11 | 9424 a000 | 0000 c57b 
  0x000001dd3ad07698: 119c 24a8 | 0000 00c5 | 7b11 a424 | b000 0000 | c57b 11ac | 24b8 0000 | 00c5 7b11 | b424 c000 
  0x000001dd3ad076b8: 0000 c57b | 11bc 24c8 | 0000 0049 | 8bd7 488b | c848 83ec | 2040 f6c4 | 0f0f 8419 | 0000 0048 
  0x000001dd3ad076d8: ;   {runtime_call}
  0x000001dd3ad076d8: 83ec 0848 | b800 3d72 | 57f8 7f00 | 00ff d048 | 83c4 08e9 | 0c00 0000 

  0x000001dd3ad076f0: ;   {runtime_call}
  0x000001dd3ad076f0: 48b8 003d | 7257 f87f | 0000 ffd0 | 4883 c420 | c57b 10bc | 24c8 0000 | 00c5 7b10 | b424 c000 
  0x000001dd3ad07710: 0000 c57b | 10ac 24b8 | 0000 00c5 | 7b10 a424 | b000 0000 | c57b 109c | 24a8 0000 | 00c5 7b10 
  0x000001dd3ad07730: 9424 a000 | 0000 c57b | 108c 2498 | 0000 00c5 | 7b10 8424 | 9000 0000 | c5fb 10bc | 2488 0000 
  0x000001dd3ad07750: 00c5 fb10 | b424 8000 | 0000 c5fb | 106c 2478 | c5fb 1064 | 2470 c5fb | 105c 2468 | c5fb 1054 
  0x000001dd3ad07770: 2460 c5fb | 104c 2458 | c5fb 1044 | 2450 4c8b | 5c24 404c | 8b54 2438 | 4c8b 4c24 | 304c 8b44 
  0x000001dd3ad07790: 2428 488b | 7c24 2048 | 8b74 2418 | 488b 5424 | 1048 8b4c | 2408 488b | 0424 4881 | c4d0 0000 
  0x000001dd3ad077b0: 00c5 f877 | e903 0000 | 0048 8b00 | 498b 8f50 | 0300 00c7 | 8100 0100 | 0000 0000 | 00c9 4983 
  0x000001dd3ad077d0: 7f08 000f | 8501 0000 

  0x000001dd3ad077d8: ;   {runtime_call StubRoutines (1)}
  0x000001dd3ad077d8: 00c3 e921 | 97a0 ffc5 | f877 4889 | 45f8 4c8b | e448 83ec | 2048 83e4 

  0x000001dd3ad077f0: ;   {runtime_call}
  0x000001dd3ad077f0: f048 b840 | 3db2 57f8 | 7f00 00ff | d049 8be4 | 4d33 e448 | 8b45 f8e9 | 41fd ffff 
[Stub Code]
  0x000001dd3ad0780c: f4f4 f4f4 
[/MachCode]


Compiled method (c1)    9191  997       3       java.lang.Class::forName (41 bytes)
 total in heap  [0x000001dd33389e10,0x000001dd3338a280] = 1136
 relocation     [0x000001dd33389f58,0x000001dd33389fa8] = 80
 main code      [0x000001dd33389fc0,0x000001dd3338a178] = 440
 stub code      [0x000001dd3338a178,0x000001dd3338a1b8] = 64
 metadata       [0x000001dd3338a1b8,0x000001dd3338a1d0] = 24
 scopes data    [0x000001dd3338a1d0,0x000001dd3338a218] = 72
 scopes pcs     [0x000001dd3338a218,0x000001dd3338a278] = 96
 dependencies   [0x000001dd3338a278,0x000001dd3338a280] = 8

[Constant Pool (empty)]

[MachCode]
[Verified Entry Point]
  # {method} {0x0000000800469f20} 'forName' '(Ljava/lang/String;ZLjava/lang/ClassLoader;Ljava/lang/Class;)Ljava/lang/Class;' in 'java/lang/Class'
  # parm0:    rdx:rdx   = 'java/lang/String'
  # parm1:    r8        = boolean
  # parm2:    r9:r9     = 'java/lang/ClassLoader'
  # parm3:    rdi:rdi   = 'java/lang/Class'
  #           [sp+0x70]  (sp of caller)
  0x000001dd33389fc0: 8984 2400 | 80ff ff55 | 4883 ec60 | 4181 7f20 | 0300 0000 

  0x000001dd33389fd4: ;   {runtime_call StubRoutines (2)}
  0x000001dd33389fd4: 7405 e8a5 

  0x000001dd33389fd8: ;   {metadata(method data for {method} {0x0000000800469f20} 'forName' '(Ljava/lang/String;ZLjava/lang/ClassLoader;Ljava/lang/Class;)Ljava/lang/Class;' in 'java/lang/Class')}
  0x000001dd33389fd8: fc3c 0748 | bed8 7b65 | 46dd 0100 | 008b 9ecc | 0000 0083 | c302 899e | cc00 0000 | 81e3 fe07 
  0x000001dd33389ff8: 0000 83fb | 000f 84d4 

  0x000001dd3338a000: ;   {metadata(method data for {method} {0x0000000800469f20} 'forName' '(Ljava/lang/String;ZLjava/lang/ClassLoader;Ljava/lang/Class;)Ljava/lang/Class;' in 'java/lang/Class')}
  0x000001dd3338a000: 0000 0048 | bed8 7b65 | 46dd 0100 | 0048 8386 | 1001 0000 

  0x000001dd3338a014: ;   {metadata(method data for {method} {0x000000080001baa8} 'getSecurityManager' '()Ljava/lang/SecurityManager;' in 'java/lang/System')}
  0x000001dd3338a014: 0148 be38 | 8842 46dd | 0100 008b | 9ecc 0000 | 0083 c302 | 899e cc00 | 0000 81e3 | feff 1f00 
  0x000001dd3338a034: 83fb 000f | 84bb 0000 

  0x000001dd3338a03c: ;   {metadata(method data for {method} {0x000000080001baa8} 'getSecurityManager' '()Ljava/lang/SecurityManager;' in 'java/lang/System')}
  0x000001dd3338a03c: 0048 be38 | 8842 46dd | 0100 0048 | 8386 1001 

  0x000001dd3338a04c: ;   {metadata(method data for {method} {0x000000080001bbc0} 'allowSecurityManager' '()Z' in 'java/lang/System')}
  0x000001dd3338a04c: 0000 0148 | beb0 8942 | 46dd 0100 | 008b 9ecc | 0000 0083 | c302 899e | cc00 0000 | 81e3 feff 
  0x000001dd3338a06c: 1f00 83fb | 000f 84a2 

  0x000001dd3338a074: ;   {metadata(method data for {method} {0x000000080001bbc0} 'allowSecurityManager' '()Z' in 'java/lang/System')}
  0x000001dd3338a074: 0000 0048 | beb0 8942 | 46dd 0100 | 00ff 8610 

  0x000001dd3338a084: ;   {metadata(method data for {method} {0x000000080001baa8} 'getSecurityManager' '()Ljava/lang/SecurityManager;' in 'java/lang/System')}
  0x000001dd3338a084: 0100 0048 | be38 8842 | 46dd 0100 | 00ff 8620 

  0x000001dd3338a094: ;   {metadata(method data for {method} {0x0000000800469f20} 'forName' '(Ljava/lang/String;ZLjava/lang/ClassLoader;Ljava/lang/Class;)Ljava/lang/Class;' in 'java/lang/Class')}
  0x000001dd3338a094: 0100 0048 | bed8 7b65 | 46dd 0100 | 00ff 8620 

  0x000001dd3338a0a4: ;   {metadata(method data for {method} {0x0000000800469f20} 'forName' '(Ljava/lang/String;ZLjava/lang/ClassLoader;Ljava/lang/Class;)Ljava/lang/Class;' in 'java/lang/Class')}
  0x000001dd3338a0a4: 0100 0048 | bed8 7b65 | 46dd 0100 | 0048 8386 | c801 0000 | 0166 0f1f 

  0x000001dd3338a0bc: ;   {static_call}
  0x000001dd3338a0bc: 4400 00e8 

  0x000001dd3338a0c0: ; ImmutableOopMap {}
                      ;*invokestatic forName0 {reexecute=0 rethrow=0 return_oop=0}
                      ; - java.lang.Class::forName@37 (line 496)
  0x000001dd3338a0c0: fcd2 9707 | 4883 c460 

  0x000001dd3338a0c8: ;   {poll_return}
  0x000001dd3338a0c8: 5d49 3ba7 | 7803 0000 | 0f87 6400 

  0x000001dd3338a0d4: ;   {metadata({method} {0x0000000800469f20} 'forName' '(Ljava/lang/String;ZLjava/lang/ClassLoader;Ljava/lang/Class;)Ljava/lang/Class;' in 'java/lang/Class')}
  0x000001dd3338a0d4: 0000 c349 | ba18 9f46 | 0008 0000 | 004c 8954 | 2408 48c7 | 0424 ffff 

  0x000001dd3338a0ec: ;   {runtime_call counter_overflow Runtime1 stub}
  0x000001dd3338a0ec: ffff e88d 

  0x000001dd3338a0f0: ; ImmutableOopMap {rdx=Oop r9=Oop rdi=Oop }
                      ;*synchronization entry
                      ; - java.lang.Class::forName@-1 (line 484)
  0x000001dd3338a0f0: 964a 07e9 | 0bff ffff 

  0x000001dd3338a0f8: ;   {metadata({method} {0x000000080001baa8} 'getSecurityManager' '()Ljava/lang/SecurityManager;' in 'java/lang/System')}
  0x000001dd3338a0f8: 49ba a0ba | 0100 0800 | 0000 4c89 | 5424 0848 | c704 24ff 

  0x000001dd3338a10c: ;   {runtime_call counter_overflow Runtime1 stub}
  0x000001dd3338a10c: ffff ffe8 

  0x000001dd3338a110: ; ImmutableOopMap {rdx=Oop r9=Oop rdi=Oop }
                      ;*synchronization entry
                      ; - java.lang.System::getSecurityManager@-1 (line 503)
                      ; - java.lang.Class::forName@0 (line 484)
  0x000001dd3338a110: 6c96 4a07 | e924 ffff 

  0x000001dd3338a118: ;   {metadata({method} {0x000000080001bbc0} 'allowSecurityManager' '()Z' in 'java/lang/System')}
  0x000001dd3338a118: ff49 bab8 | bb01 0008 | 0000 004c | 8954 2408 | 48c7 0424 | ffff ffff 

  0x000001dd3338a130: ;   {runtime_call counter_overflow Runtime1 stub}
  0x000001dd3338a130: e84b 964a 

  0x000001dd3338a134: ; ImmutableOopMap {rdx=Oop r9=Oop rdi=Oop }
                      ;*synchronization entry
                      ; - java.lang.System::allowSecurityManager@-1 (line 211)
                      ; - java.lang.System::getSecurityManager@0 (line 503)
                      ; - java.lang.Class::forName@0 (line 484)
  0x000001dd3338a134: 07e9 3dff 

  0x000001dd3338a138: ;   {internal_word}
  0x000001dd3338a138: ffff 49ba | c9a0 3833 | dd01 0000 | 4d89 9790 

  0x000001dd3338a148: ;   {runtime_call SafepointBlob}
  0x000001dd3338a148: 0300 00e9 | 300c 3f07 | 498b 8728 | 0400 0049 | c787 2804 | 0000 0000 | 0000 49c7 | 8730 0400 
  0x000001dd3338a168: 0000 0000 | 0048 83c4 

  0x000001dd3338a170: ;   {runtime_call unwind_exception Runtime1 stub}
  0x000001dd3338a170: 605d e909 | 364a 07f4 
[Exception Handler]
  0x000001dd3338a178: ;   {no_reloc}
  0x000001dd3338a178: e803 634a 

  0x000001dd3338a17c: ;   {external_word}
  0x000001dd3338a17c: 0748 b9b0 | 23d5 57f8 | 7f00 0048 

  0x000001dd3338a188: ;   {runtime_call}
  0x000001dd3338a188: 83e4 f048 | b820 16a1 | 57f8 7f00 | 00ff d0f4 
[Deopt Handler Code]
  0x000001dd3338a198: ;   {section_word}
  0x000001dd3338a198: 49ba 98a1 | 3833 dd01 | 0000 4152 

  0x000001dd3338a1a4: ;   {runtime_call DeoptimizationBlob}
  0x000001dd3338a1a4: e977 fe3e 

  0x000001dd3338a1a8: ;   {static_stub}
  0x000001dd3338a1a8: 0748 bb00 | 0000 0000 

  0x000001dd3338a1b0: ;   {runtime_call}
  0x000001dd3338a1b0: 0000 00e9 | fbff ffff 
[/MachCode]


Compiled method (c1)    9204  996       3       java.lang.Class::forName (24 bytes)
 total in heap  [0x000001dd33389910,0x000001dd33389d90] = 1152
 relocation     [0x000001dd33389a58,0x000001dd33389aa8] = 80
 main code      [0x000001dd33389ac0,0x000001dd33389c80] = 448
 stub code      [0x000001dd33389c80,0x000001dd33389cc0] = 64
 metadata       [0x000001dd33389cc0,0x000001dd33389cd8] = 24
 scopes data    [0x000001dd33389cd8,0x000001dd33389d28] = 80
 scopes pcs     [0x000001dd33389d28,0x000001dd33389d88] = 96
 dependencies   [0x000001dd33389d88,0x000001dd33389d90] = 8

[Constant Pool (empty)]

[MachCode]
[Verified Entry Point]
  # {method} {0x0000000800469f78} 'forName' '(Ljava/lang/String;ZLjava/lang/ClassLoader;)Ljava/lang/Class;' in 'java/lang/Class'
  # parm0:    rdx:rdx   = 'java/lang/String'
  # parm1:    r8        = boolean
  # parm2:    r9:r9     = 'java/lang/ClassLoader'
  #           [sp+0x70]  (sp of caller)
  0x000001dd33389ac0: 8984 2400 | 80ff ff55 | 4883 ec60 | 4181 7f20 | 0300 0000 

  0x000001dd33389ad4: ;   {runtime_call StubRoutines (2)}
  0x000001dd33389ad4: 7405 e8a5 

  0x000001dd33389ad8: ;   {metadata(method data for {method} {0x0000000800469f78} 'forName' '(Ljava/lang/String;ZLjava/lang/ClassLoader;)Ljava/lang/Class;' in 'java/lang/Class')}
  0x000001dd33389ad8: 013d 0748 | bf28 7a65 | 46dd 0100 | 008b b7cc | 0000 0083 | c602 89b7 | cc00 0000 | 81e6 fe07 
  0x000001dd33389af8: 0000 83fe | 000f 84dc 

  0x000001dd33389b00: ;   {metadata(method data for {method} {0x0000000800469f78} 'forName' '(Ljava/lang/String;ZLjava/lang/ClassLoader;)Ljava/lang/Class;' in 'java/lang/Class')}
  0x000001dd33389b00: 0000 0048 | bf28 7a65 | 46dd 0100 | 0048 8387 | 1001 0000 

  0x000001dd33389b14: ;   {metadata(method data for {method} {0x000000080001baa8} 'getSecurityManager' '()Ljava/lang/SecurityManager;' in 'java/lang/System')}
  0x000001dd33389b14: 0148 bf38 | 8842 46dd | 0100 008b | b7cc 0000 | 0083 c602 | 89b7 cc00 | 0000 81e6 | feff 1f00 
  0x000001dd33389b34: 83fe 000f | 84c3 0000 

  0x000001dd33389b3c: ;   {metadata(method data for {method} {0x000000080001baa8} 'getSecurityManager' '()Ljava/lang/SecurityManager;' in 'java/lang/System')}
  0x000001dd33389b3c: 0048 bf38 | 8842 46dd | 0100 0048 | 8387 1001 

  0x000001dd33389b4c: ;   {metadata(method data for {method} {0x000000080001bbc0} 'allowSecurityManager' '()Z' in 'java/lang/System')}
  0x000001dd33389b4c: 0000 0148 | bfb0 8942 | 46dd 0100 | 008b b7cc | 0000 0083 | c602 89b7 | cc00 0000 | 81e6 feff 
  0x000001dd33389b6c: 1f00 83fe | 000f 84aa 

  0x000001dd33389b74: ;   {metadata(method data for {method} {0x000000080001bbc0} 'allowSecurityManager' '()Z' in 'java/lang/System')}
  0x000001dd33389b74: 0000 0048 | bfb0 8942 | 46dd 0100 | 00ff 8710 

  0x000001dd33389b84: ;   {metadata(method data for {method} {0x000000080001baa8} 'getSecurityManager' '()Ljava/lang/SecurityManager;' in 'java/lang/System')}
  0x000001dd33389b84: 0100 0048 | bf38 8842 | 46dd 0100 | 00ff 8720 

  0x000001dd33389b94: ;   {metadata(method data for {method} {0x0000000800469f78} 'forName' '(Ljava/lang/String;ZLjava/lang/ClassLoader;)Ljava/lang/Class;' in 'java/lang/Class')}
  0x000001dd33389b94: 0100 0048 | bf28 7a65 | 46dd 0100 | 00ff 8720 

  0x000001dd33389ba4: ;   {metadata(method data for {method} {0x0000000800469f78} 'forName' '(Ljava/lang/String;ZLjava/lang/ClassLoader;)Ljava/lang/Class;' in 'java/lang/Class')}
  0x000001dd33389ba4: 0100 0048 | bf28 7a65 | 46dd 0100 | 0048 8387 | 5001 0000 

  0x000001dd33389bb8: ;   {oop(NULL)}
  0x000001dd33389bb8: 0148 bf00 | 0000 0000 | 0000 000f 

  0x000001dd33389bc4: ;   {static_call}
  0x000001dd33389bc4: 1f40 00e8 

  0x000001dd33389bc8: ; ImmutableOopMap {}
                      ;*invokestatic forName {reexecute=0 rethrow=0 return_oop=0}
                      ; - java.lang.Class::forName@20 (line 475)
  0x000001dd33389bc8: f403 0000 | 4883 c460 

  0x000001dd33389bd0: ;   {poll_return}
  0x000001dd33389bd0: 5d49 3ba7 | 7803 0000 | 0f87 6400 

  0x000001dd33389bdc: ;   {metadata({method} {0x0000000800469f78} 'forName' '(Ljava/lang/String;ZLjava/lang/ClassLoader;)Ljava/lang/Class;' in 'java/lang/Class')}
  0x000001dd33389bdc: 0000 c349 | ba70 9f46 | 0008 0000 | 004c 8954 | 2408 48c7 | 0424 ffff 

  0x000001dd33389bf4: ;   {runtime_call counter_overflow Runtime1 stub}
  0x000001dd33389bf4: ffff e885 

  0x000001dd33389bf8: ; ImmutableOopMap {rdx=Oop r9=Oop }
                      ;*synchronization entry
                      ; - java.lang.Class::forName@-1 (line 467)
  0x000001dd33389bf8: 9b4a 07e9 | 03ff ffff 

  0x000001dd33389c00: ;   {metadata({method} {0x000000080001baa8} 'getSecurityManager' '()Ljava/lang/SecurityManager;' in 'java/lang/System')}
  0x000001dd33389c00: 49ba a0ba | 0100 0800 | 0000 4c89 | 5424 0848 | c704 24ff 

  0x000001dd33389c14: ;   {runtime_call counter_overflow Runtime1 stub}
  0x000001dd33389c14: ffff ffe8 

  0x000001dd33389c18: ; ImmutableOopMap {rdx=Oop r9=Oop }
                      ;*synchronization entry
                      ; - java.lang.System::getSecurityManager@-1 (line 503)
                      ; - java.lang.Class::forName@2 (line 469)
  0x000001dd33389c18: 649b 4a07 | e91c ffff 

  0x000001dd33389c20: ;   {metadata({method} {0x000000080001bbc0} 'allowSecurityManager' '()Z' in 'java/lang/System')}
  0x000001dd33389c20: ff49 bab8 | bb01 0008 | 0000 004c | 8954 2408 | 48c7 0424 | ffff ffff 

  0x000001dd33389c38: ;   {runtime_call counter_overflow Runtime1 stub}
  0x000001dd33389c38: e843 9b4a 

  0x000001dd33389c3c: ; ImmutableOopMap {rdx=Oop r9=Oop }
                      ;*synchronization entry
                      ; - java.lang.System::allowSecurityManager@-1 (line 211)
                      ; - java.lang.System::getSecurityManager@0 (line 503)
                      ; - java.lang.Class::forName@2 (line 469)
  0x000001dd33389c3c: 07e9 35ff 

  0x000001dd33389c40: ;   {internal_word}
  0x000001dd33389c40: ffff 49ba | d19b 3833 | dd01 0000 | 4d89 9790 

  0x000001dd33389c50: ;   {runtime_call SafepointBlob}
  0x000001dd33389c50: 0300 00e9 | 2811 3f07 | 498b 8728 | 0400 0049 | c787 2804 | 0000 0000 | 0000 49c7 | 8730 0400 
  0x000001dd33389c70: 0000 0000 | 0048 83c4 

  0x000001dd33389c78: ;   {runtime_call unwind_exception Runtime1 stub}
  0x000001dd33389c78: 605d e901 | 3b4a 07f4 
[Exception Handler]
  0x000001dd33389c80: ;   {no_reloc}
  0x000001dd33389c80: e8fb 674a 

  0x000001dd33389c84: ;   {external_word}
  0x000001dd33389c84: 0748 b9b0 | 23d5 57f8 | 7f00 0048 

  0x000001dd33389c90: ;   {runtime_call}
  0x000001dd33389c90: 83e4 f048 | b820 16a1 | 57f8 7f00 | 00ff d0f4 
[Deopt Handler Code]
  0x000001dd33389ca0: ;   {section_word}
  0x000001dd33389ca0: 49ba a09c | 3833 dd01 | 0000 4152 

  0x000001dd33389cac: ;   {runtime_call DeoptimizationBlob}
  0x000001dd33389cac: e96f 033f 

  0x000001dd33389cb0: ;   {static_stub}
  0x000001dd33389cb0: 0748 bb00 | 0000 0000 

  0x000001dd33389cb8: ;   {runtime_call}
  0x000001dd33389cb8: 0000 00e9 | fbff ffff 
[/MachCode]


---------------  P R O C E S S  ---------------

Threads class SMR info:
_java_thread_list=0x000001dd4bc4d000, length=17, elements={
0x000001dd29918c20, 0x000001dd462c4bd0, 0x000001dd462c6f90, 0x000001dd462ca6d0,
0x000001dd462cf030, 0x000001dd462d1000, 0x000001dd462d1940, 0x000001dd462d25b0,
0x000001dd462d7360, 0x000001dd462aa530, 0x000001dd4a851050, 0x000001dd4a8515a0,
0x000001dd4bbc1a60, 0x000001dd4bbc1510, 0x000001dd4bbc1fb0, 0x000001dd4c10caf0,
0x000001dd4c10f020
}

Java Threads: ( => current thread )
=>0x000001dd29918c20 JavaThread "main" [_thread_in_vm, id=2548, stack(0x0000004718800000,0x0000004718900000)]
  0x000001dd462c4bd0 JavaThread "Reference Handler" daemon [_thread_blocked, id=11660, stack(0x0000004718f00000,0x0000004719000000)]
  0x000001dd462c6f90 JavaThread "Finalizer" daemon [_thread_blocked, id=4380, stack(0x0000004719000000,0x0000004719100000)]
  0x000001dd462ca6d0 JavaThread "Signal Dispatcher" daemon [_thread_blocked, id=7632, stack(0x0000004719100000,0x0000004719200000)]
  0x000001dd462cf030 JavaThread "Attach Listener" daemon [_thread_blocked, id=10372, stack(0x0000004719200000,0x0000004719300000)]
  0x000001dd462d1000 JavaThread "Service Thread" daemon [_thread_blocked, id=1200, stack(0x0000004719300000,0x0000004719400000)]
  0x000001dd462d1940 JavaThread "Monitor Deflation Thread" daemon [_thread_blocked, id=13072, stack(0x0000004719400000,0x0000004719500000)]
  0x000001dd462d25b0 JavaThread "C2 CompilerThread0" daemon [_thread_in_native, id=7900, stack(0x0000004719500000,0x0000004719600000)]
  0x000001dd462d7360 JavaThread "C1 CompilerThread0" daemon [_thread_blocked, id=6768, stack(0x0000004719600000,0x0000004719700000)]
  0x000001dd462aa530 JavaThread "Common-Cleaner" daemon [_thread_blocked, id=8116, stack(0x0000004719700000,0x0000004719800000)]
  0x000001dd4a851050 JavaThread "Monitor Ctrl-Break" daemon [_thread_in_native, id=7276, stack(0x0000004719800000,0x0000004719900000)]
  0x000001dd4a8515a0 JavaThread "Notification Thread" daemon [_thread_blocked, id=11668, stack(0x0000004719900000,0x0000004719a00000)]
  0x000001dd4bbc1a60 JavaThread "HikariPool-1 housekeeper" daemon [_thread_blocked, id=10552, stack(0x0000004719e00000,0x0000004719f00000)]
  0x000001dd4bbc1510 JavaThread "HikariPool-1 connection adder" daemon [_thread_blocked, id=11464, stack(0x0000004719f00000,0x000000471a000000)]
  0x000001dd4bbc1fb0 JavaThread "Catalina-utility-1" [_thread_blocked, id=1156, stack(0x000000471a000000,0x000000471a100000)]
  0x000001dd4c10caf0 JavaThread "Catalina-utility-2" [_thread_blocked, id=9688, stack(0x000000471a100000,0x000000471a200000)]
  0x000001dd4c10f020 JavaThread "container-0" [_thread_blocked, id=5960, stack(0x000000471a200000,0x000000471a300000)]

Other Threads:
  0x000001dd299d8480 VMThread "VM Thread" [stack: 0x0000004718e00000,0x0000004718f00000] [id=5132]
  0x000001dd4a6f5f80 WatcherThread "VM Periodic Task Thread" [stack: 0x0000004719a00000,0x0000004719b00000] [id=7772]
  0x000001dd29958c20 WorkerThread "GC Thread#0" [stack: 0x0000004718900000,0x0000004718a00000] [id=12020]
  0x000001dd4ab46cd0 WorkerThread "GC Thread#1" [stack: 0x0000004719c00000,0x0000004719d00000] [id=3324]
  0x000001dd4ab397f0 WorkerThread "GC Thread#2" [stack: 0x0000004719b00000,0x0000004719c00000] [id=10096]
  0x000001dd4ab39ac0 WorkerThread "GC Thread#3" [stack: 0x0000004719d00000,0x0000004719e00000] [id=7760]
  0x000001dd299628e0 ConcurrentGCThread "G1 Main Marker" [stack: 0x0000004718a00000,0x0000004718b00000] [id=2756]
  0x000001dd29963320 WorkerThread "G1 Conc#0" [stack: 0x0000004718b00000,0x0000004718c00000] [id=4900]
  0x000001dd299b7430 ConcurrentGCThread "G1 Refine#0" [stack: 0x0000004718c00000,0x0000004718d00000] [id=7404]
  0x000001dd299b8df0 ConcurrentGCThread "G1 Service" [stack: 0x0000004718d00000,0x0000004718e00000] [id=12460]

Threads with active compile tasks:
C2 CompilerThread0     9218 3850       4       org.springframework.core.annotation.AnnotationsScanner::getDeclaredAnnotations (166 bytes)

VM state: not at safepoint (normal execution)

VM Mutex/Monitor currently owned by a thread:  ([mutex/lock_event])
[0x000001dd29911440] Metaspace_lock - owner thread: 0x000001dd29918c20

Heap address: 0x00000000c2000000, size: 992 MB, Compressed Oops mode: 32-bit

CDS archive(s) mapped at: [0x0000000800000000-0x0000000800c60000-0x0000000800c60000), size 12976128, SharedBaseAddress: 0x0000000800000000, ArchiveRelocationMode: 0.
Compressed class space mapped at: 0x0000000801000000-0x0000000841000000, reserved size: 1073741824
Narrow klass base: 0x0000000800000000, Narrow klass shift: 0, Narrow klass range: 0x100000000

GC Precious Log:
 CardTable entry size: 512
 Card Set container configuration: InlinePtr #cards 5 size 8 Array Of Cards #cards 12 size 40 Howl #buckets 4 coarsen threshold 1843 Howl Bitmap #cards 512 size 80 coarsen threshold 460 Card regions per heap region 1 cards per card region 2048
 CPUs: 4 total, 4 available
 Memory: 3962M
 Large Page Support: Disabled
 NUMA Support: Disabled
 Compressed Oops: Enabled (32-bit)
 Heap Region Size: 1M
 Heap Min Capacity: 8M
 Heap Initial Capacity: 62M
 Heap Max Capacity: 992M
 Pre-touch: Disabled
 Parallel Workers: 4
 Concurrent Workers: 1
 Concurrent Refinement Workers: 4
 Periodic GC: Disabled

Heap:
 garbage-first heap   total 51200K, used 21278K [0x00000000c2000000, 0x0000000100000000)
  region size 1024K, 6 young (6144K), 3 survivors (3072K)
 Metaspace       used 34427K, committed 34944K, reserved 1114112K
  class space    used 4191K, committed 4416K, reserved 1048576K

Heap Regions: E=young(eden), S=young(survivor), O=old, HS=humongous(starts), HC=humongous(continues), CS=collection set, F=free, OA=open archive, CA=closed archive, TAMS=top-at-mark-start, PB=parsable bottom
|   0|0x00000000c2000000, 0x00000000c2100000, 0x00000000c2100000|100%|HS|  |TAMS 0x00000000c2000000| PB 0x00000000c2000000| Complete 
|   1|0x00000000c2100000, 0x00000000c2200000, 0x00000000c2200000|100%| O|  |TAMS 0x00000000c2100000| PB 0x00000000c2100000| Untracked 
|   2|0x00000000c2200000, 0x00000000c2300000, 0x00000000c2300000|100%| O|  |TAMS 0x00000000c2200000| PB 0x00000000c2200000| Untracked 
|   3|0x00000000c2300000, 0x00000000c2400000, 0x00000000c2400000|100%| O|  |TAMS 0x00000000c2300000| PB 0x00000000c2300000| Untracked 
|   4|0x00000000c2400000, 0x00000000c2500000, 0x00000000c2500000|100%| O|  |TAMS 0x00000000c2400000| PB 0x00000000c2400000| Untracked 
|   5|0x00000000c2500000, 0x00000000c2600000, 0x00000000c2600000|100%| O|  |TAMS 0x00000000c2500000| PB 0x00000000c2500000| Untracked 
|   6|0x00000000c2600000, 0x00000000c2700000, 0x00000000c2700000|100%| O|  |TAMS 0x00000000c2600000| PB 0x00000000c2600000| Untracked 
|   7|0x00000000c2700000, 0x00000000c2800000, 0x00000000c2800000|100%| O|  |TAMS 0x00000000c2700000| PB 0x00000000c2700000| Untracked 
|   8|0x00000000c2800000, 0x00000000c2900000, 0x00000000c2900000|100%| O|  |TAMS 0x00000000c2800000| PB 0x00000000c2800000| Untracked 
|   9|0x00000000c2900000, 0x00000000c2a00000, 0x00000000c2a00000|100%| O|  |TAMS 0x00000000c2900000| PB 0x00000000c2900000| Untracked 
|  10|0x00000000c2a00000, 0x00000000c2b00000, 0x00000000c2b00000|100%| O|  |TAMS 0x00000000c2a00000| PB 0x00000000c2a00000| Untracked 
|  11|0x00000000c2b00000, 0x00000000c2b00000, 0x00000000c2c00000|  0%| F|  |TAMS 0x00000000c2b00000| PB 0x00000000c2b00000| Untracked 
|  12|0x00000000c2c00000, 0x00000000c2d00000, 0x00000000c2d00000|100%| O|  |TAMS 0x00000000c2c00000| PB 0x00000000c2c00000| Untracked 
|  13|0x00000000c2d00000, 0x00000000c2e00000, 0x00000000c2e00000|100%| O|  |TAMS 0x00000000c2d00000| PB 0x00000000c2d00000| Untracked 
|  14|0x00000000c2e00000, 0x00000000c2f00000, 0x00000000c2f00000|100%| O|  |TAMS 0x00000000c2e00000| PB 0x00000000c2e00000| Untracked 
|  15|0x00000000c2f00000, 0x00000000c3000000, 0x00000000c3000000|100%| O|  |TAMS 0x00000000c2f00000| PB 0x00000000c2f00000| Untracked 
|  16|0x00000000c3000000, 0x00000000c3000000, 0x00000000c3100000|  0%| F|  |TAMS 0x00000000c3000000| PB 0x00000000c3000000| Untracked 
|  17|0x00000000c3100000, 0x00000000c3100000, 0x00000000c3200000|  0%| F|  |TAMS 0x00000000c3100000| PB 0x00000000c3100000| Untracked 
|  18|0x00000000c3200000, 0x00000000c3200000, 0x00000000c3300000|  0%| F|  |TAMS 0x00000000c3200000| PB 0x00000000c3200000| Untracked 
|  19|0x00000000c3300000, 0x00000000c3300000, 0x00000000c3400000|  0%| F|  |TAMS 0x00000000c3300000| PB 0x00000000c3300000| Untracked 
|  20|0x00000000c3400000, 0x00000000c3500000, 0x00000000c3500000|100%| O|  |TAMS 0x00000000c3400000| PB 0x00000000c3400000| Untracked 
|  21|0x00000000c3500000, 0x00000000c359b800, 0x00000000c3600000| 60%| O|  |TAMS 0x00000000c3500000| PB 0x00000000c3500000| Untracked 
|  22|0x00000000c3600000, 0x00000000c3600000, 0x00000000c3700000|  0%| F|  |TAMS 0x00000000c3600000| PB 0x00000000c3600000| Untracked 
|  23|0x00000000c3700000, 0x00000000c3700000, 0x00000000c3800000|  0%| F|  |TAMS 0x00000000c3700000| PB 0x00000000c3700000| Untracked 
|  24|0x00000000c3800000, 0x00000000c382c060, 0x00000000c3900000| 17%| S|CS|TAMS 0x00000000c3800000| PB 0x00000000c3800000| Complete 
|  25|0x00000000c3900000, 0x00000000c3a00000, 0x00000000c3a00000|100%| S|CS|TAMS 0x00000000c3900000| PB 0x00000000c3900000| Complete 
|  26|0x00000000c3a00000, 0x00000000c3b00000, 0x00000000c3b00000|100%| S|CS|TAMS 0x00000000c3a00000| PB 0x00000000c3a00000| Complete 
|  27|0x00000000c3b00000, 0x00000000c3b00000, 0x00000000c3c00000|  0%| F|  |TAMS 0x00000000c3b00000| PB 0x00000000c3b00000| Untracked 
|  28|0x00000000c3c00000, 0x00000000c3c00000, 0x00000000c3d00000|  0%| F|  |TAMS 0x00000000c3c00000| PB 0x00000000c3c00000| Untracked 
|  29|0x00000000c3d00000, 0x00000000c3d00000, 0x00000000c3e00000|  0%| F|  |TAMS 0x00000000c3d00000| PB 0x00000000c3d00000| Untracked 
|  30|0x00000000c3e00000, 0x00000000c3e00000, 0x00000000c3f00000|  0%| F|  |TAMS 0x00000000c3e00000| PB 0x00000000c3e00000| Untracked 
|  31|0x00000000c3f00000, 0x00000000c3f00000, 0x00000000c4000000|  0%| F|  |TAMS 0x00000000c3f00000| PB 0x00000000c3f00000| Untracked 
|  32|0x00000000c4000000, 0x00000000c4000000, 0x00000000c4100000|  0%| F|  |TAMS 0x00000000c4000000| PB 0x00000000c4000000| Untracked 
|  33|0x00000000c4100000, 0x00000000c4100000, 0x00000000c4200000|  0%| F|  |TAMS 0x00000000c4100000| PB 0x00000000c4100000| Untracked 
|  34|0x00000000c4200000, 0x00000000c4200000, 0x00000000c4300000|  0%| F|  |TAMS 0x00000000c4200000| PB 0x00000000c4200000| Untracked 
|  35|0x00000000c4300000, 0x00000000c4300000, 0x00000000c4400000|  0%| F|  |TAMS 0x00000000c4300000| PB 0x00000000c4300000| Untracked 
|  36|0x00000000c4400000, 0x00000000c4400000, 0x00000000c4500000|  0%| F|  |TAMS 0x00000000c4400000| PB 0x00000000c4400000| Untracked 
|  37|0x00000000c4500000, 0x00000000c4500000, 0x00000000c4600000|  0%| F|  |TAMS 0x00000000c4500000| PB 0x00000000c4500000| Untracked 
|  38|0x00000000c4600000, 0x00000000c4600000, 0x00000000c4700000|  0%| F|  |TAMS 0x00000000c4600000| PB 0x00000000c4600000| Untracked 
|  39|0x00000000c4700000, 0x00000000c4700000, 0x00000000c4800000|  0%| F|  |TAMS 0x00000000c4700000| PB 0x00000000c4700000| Untracked 
|  40|0x00000000c4800000, 0x00000000c4800000, 0x00000000c4900000|  0%| F|  |TAMS 0x00000000c4800000| PB 0x00000000c4800000| Untracked 
|  41|0x00000000c4900000, 0x00000000c4900000, 0x00000000c4a00000|  0%| F|  |TAMS 0x00000000c4900000| PB 0x00000000c4900000| Untracked 
|  42|0x00000000c4a00000, 0x00000000c4a00000, 0x00000000c4b00000|  0%| F|  |TAMS 0x00000000c4a00000| PB 0x00000000c4a00000| Untracked 
|  43|0x00000000c4b00000, 0x00000000c4b00000, 0x00000000c4c00000|  0%| F|  |TAMS 0x00000000c4b00000| PB 0x00000000c4b00000| Untracked 
|  44|0x00000000c4c00000, 0x00000000c4c00000, 0x00000000c4d00000|  0%| F|  |TAMS 0x00000000c4c00000| PB 0x00000000c4c00000| Untracked 
|  45|0x00000000c4d00000, 0x00000000c4d00000, 0x00000000c4e00000|  0%| F|  |TAMS 0x00000000c4d00000| PB 0x00000000c4d00000| Untracked 
|  46|0x00000000c4e00000, 0x00000000c4e00000, 0x00000000c4f00000|  0%| F|  |TAMS 0x00000000c4e00000| PB 0x00000000c4e00000| Untracked 
|  47|0x00000000c4f00000, 0x00000000c5000000, 0x00000000c5000000|100%| E|  |TAMS 0x00000000c4f00000| PB 0x00000000c4f00000| Complete 
|  48|0x00000000c5000000, 0x00000000c5100000, 0x00000000c5100000|100%| E|CS|TAMS 0x00000000c5000000| PB 0x00000000c5000000| Complete 
|  61|0x00000000c5d00000, 0x00000000c5e00000, 0x00000000c5e00000|100%| E|CS|TAMS 0x00000000c5d00000| PB 0x00000000c5d00000| Complete 

Card table byte_map: [0x000001dd429f0000,0x000001dd42be0000] _byte_map_base: 0x000001dd423e0000

Marking Bits: (CMBitMap*) 0x000001dd2995a260
 Bits: [0x000001dd42dd0000, 0x000001dd43d50000)

Polling page: 0x000001dd29760000

Metaspace:

Usage:
  Non-class:     29.53 MB used.
      Class:      4.09 MB used.
       Both:     33.62 MB used.

Virtual space:
  Non-class space:       64.00 MB reserved,      29.81 MB ( 47%) committed,  1 nodes.
      Class space:        1.00 GB reserved,       4.31 MB ( <1%) committed,  1 nodes.
             Both:        1.06 GB reserved,      34.12 MB (  3%) committed. 

Chunk freelists:
   Non-Class:  2.11 MB
       Class:  3.64 MB
        Both:  5.75 MB

MaxMetaspaceSize: unlimited
CompressedClassSpaceSize: 1.00 GB
Initial GC threshold: 21.00 MB
Current GC threshold: 35.12 MB
CDS: on
MetaspaceReclaimPolicy: balanced
 - commit_granule_bytes: 65536.
 - commit_granule_words: 8192.
 - virtual_space_node_default_size: 8388608.
 - enlarge_chunks_in_place: 1.
 - new_chunks_are_fully_committed: 0.
 - uncommit_free_chunks: 1.
 - use_allocation_guard: 0.


Internal statistics:

num_allocs_failed_limit: 3.
num_arena_births: 666.
num_arena_deaths: 0.
num_vsnodes_births: 2.
num_vsnodes_deaths: 0.
num_space_committed: 546.
num_space_uncommitted: 0.
num_chunks_returned_to_freelist: 3.
num_chunks_taken_from_freelist: 1928.
num_chunk_merges: 3.
num_chunk_splits: 1304.
num_chunks_enlarged: 913.
num_inconsistent_stats: 0.

CodeHeap 'non-profiled nmethods': size=120000Kb used=1636Kb max_used=1636Kb free=118363Kb
 bounds [0x000001dd3acb0000, 0x000001dd3af20000, 0x000001dd421e0000]
CodeHeap 'profiled nmethods': size=120000Kb used=8146Kb max_used=8146Kb free=111853Kb
 bounds [0x000001dd331e0000, 0x000001dd339e0000, 0x000001dd3a710000]
CodeHeap 'non-nmethods': size=5760Kb used=1569Kb max_used=1602Kb free=4190Kb
 bounds [0x000001dd3a710000, 0x000001dd3a980000, 0x000001dd3acb0000]
 total_blobs=4504 nmethods=3921 adapters=493
 compilation: enabled
              stopped_count=0, restarted_count=0
 full_count=0

Compilation events (20 events):
Event: 9.013 Thread 0x000001dd462d7360 3937       2       java.lang.reflect.ProxyGenerator::checkReturnTypes (288 bytes)
Event: 9.015 Thread 0x000001dd462d7360 nmethod 3937 0x000001dd339cdf10 code [0x000001dd339ce280, 0x000001dd339cefe0]
Event: 9.015 Thread 0x000001dd462d7360 3938       2       java.lang.reflect.ProxyGenerator$ProxyMethod::codeUnwrapReturnValue (76 bytes)
Event: 9.016 Thread 0x000001dd462d7360 nmethod 3938 0x000001dd339cf910 code [0x000001dd339cfb00, 0x000001dd339cfde0]
Event: 9.016 Thread 0x000001dd462d7360 3939       2       java.lang.reflect.ProxyGenerator$PrimitiveTypeInfo::get (97 bytes)
Event: 9.016 Thread 0x000001dd462d7360 nmethod 3939 0x000001dd339d0010 code [0x000001dd339d0200, 0x000001dd339d05b0]
Event: 9.016 Thread 0x000001dd462d7360 3940       2       java.lang.reflect.ProxyGenerator$ProxyMethod::codeFieldInitialization (159 bytes)
Event: 9.017 Thread 0x000001dd462d7360 nmethod 3940 0x000001dd339d0690 code [0x000001dd339d08e0, 0x000001dd339d0dd8]
Event: 9.021 Thread 0x000001dd462d7360 3942       3       java.lang.PublicMethods$MethodList::filter (104 bytes)
Event: 9.023 Thread 0x000001dd462d7360 nmethod 3942 0x000001dd339d1190 code [0x000001dd339d13c0, 0x000001dd339d1de8]
Event: 9.029 Thread 0x000001dd462d7360 3943       2       java.util.LinkedHashMap::<init> (16 bytes)
Event: 9.030 Thread 0x000001dd462d7360 nmethod 3943 0x000001dd339d2290 code [0x000001dd339d2420, 0x000001dd339d2550]
Event: 9.044 Thread 0x000001dd462d7360 3944   !   2       jdk.internal.loader.AbstractClassLoaderValue::computeIfAbsent (113 bytes)
Event: 9.046 Thread 0x000001dd462d7360 nmethod 3944 0x000001dd339d2610 code [0x000001dd339d2820, 0x000001dd339d2ec0]
Event: 9.046 Thread 0x000001dd462d7360 3945   !   2       jdk.proxy2.$Proxy38::annotationType (29 bytes)
Event: 9.046 Thread 0x000001dd462d7360 nmethod 3945 0x000001dd339d3310 code [0x000001dd339d34c0, 0x000001dd339d3740]
Event: 9.050 Thread 0x000001dd462d7360 3946       2       jdk.internal.loader.ClassLoaders::bootLoader (4 bytes)
Event: 9.051 Thread 0x000001dd462d7360 nmethod 3946 0x000001dd339d3890 code [0x000001dd339d3a20, 0x000001dd339d3b10]
Event: 9.067 Thread 0x000001dd462d7360 3947       3       java.lang.String::regionMatches (150 bytes)
Event: 9.068 Thread 0x000001dd462d7360 nmethod 3947 0x000001dd339d3b90 code [0x000001dd339d3dc0, 0x000001dd339d45c0]

GC Heap History (14 events):
Event: 1.337 GC heap before
{Heap before GC invocations=0 (full 0):
 garbage-first heap   total 63488K, used 13312K [0x00000000c2000000, 0x0000000100000000)
  region size 1024K, 13 young (13312K), 0 survivors (0K)
 Metaspace       used 3373K, committed 3584K, reserved 1114112K
  class space    used 346K, committed 448K, reserved 1048576K
}
Event: 1.373 GC heap after
{Heap after GC invocations=1 (full 0):
 garbage-first heap   total 63488K, used 6009K [0x00000000c2000000, 0x0000000100000000)
  region size 1024K, 2 young (2048K), 2 survivors (2048K)
 Metaspace       used 3373K, committed 3584K, reserved 1114112K
  class space    used 346K, committed 448K, reserved 1048576K
}
Event: 2.119 GC heap before
{Heap before GC invocations=1 (full 0):
 garbage-first heap   total 63488K, used 18297K [0x00000000c2000000, 0x0000000100000000)
  region size 1024K, 14 young (14336K), 2 survivors (2048K)
 Metaspace       used 7011K, committed 7232K, reserved 1114112K
  class space    used 816K, committed 896K, reserved 1048576K
}
Event: 2.128 GC heap after
{Heap after GC invocations=2 (full 0):
 garbage-first heap   total 63488K, used 7801K [0x00000000c2000000, 0x0000000100000000)
  region size 1024K, 2 young (2048K), 2 survivors (2048K)
 Metaspace       used 7011K, committed 7232K, reserved 1114112K
  class space    used 816K, committed 896K, reserved 1048576K
}
Event: 2.868 GC heap before
{Heap before GC invocations=2 (full 0):
 garbage-first heap   total 63488K, used 28281K [0x00000000c2000000, 0x0000000100000000)
  region size 1024K, 23 young (23552K), 2 survivors (2048K)
 Metaspace       used 12659K, committed 12928K, reserved 1114112K
  class space    used 1474K, committed 1600K, reserved 1048576K
}
Event: 2.876 GC heap after
{Heap after GC invocations=3 (full 0):
 garbage-first heap   total 63488K, used 9333K [0x00000000c2000000, 0x0000000100000000)
  region size 1024K, 3 young (3072K), 3 survivors (3072K)
 Metaspace       used 12659K, committed 12928K, reserved 1114112K
  class space    used 1474K, committed 1600K, reserved 1048576K
}
Event: 4.630 GC heap before
{Heap before GC invocations=3 (full 0):
 garbage-first heap   total 63488K, used 43125K [0x00000000c2000000, 0x0000000100000000)
  region size 1024K, 37 young (37888K), 3 survivors (3072K)
 Metaspace       used 18610K, committed 18944K, reserved 1114112K
  class space    used 2206K, committed 2368K, reserved 1048576K
}
Event: 4.647 GC heap after
{Heap after GC invocations=4 (full 0):
 garbage-first heap   total 63488K, used 12204K [0x00000000c2000000, 0x0000000100000000)
  region size 1024K, 5 young (5120K), 5 survivors (5120K)
 Metaspace       used 18610K, committed 18944K, reserved 1114112K
  class space    used 2206K, committed 2368K, reserved 1048576K
}
Event: 5.458 GC heap before
{Heap before GC invocations=4 (full 0):
 garbage-first heap   total 63488K, used 27564K [0x00000000c2000000, 0x0000000100000000)
  region size 1024K, 21 young (21504K), 5 survivors (5120K)
 Metaspace       used 21180K, committed 21504K, reserved 1114112K
  class space    used 2531K, committed 2688K, reserved 1048576K
}
Event: 5.477 GC heap after
{Heap after GC invocations=5 (full 0):
 garbage-first heap   total 63488K, used 13493K [0x00000000c2000000, 0x0000000100000000)
  region size 1024K, 2 young (2048K), 2 survivors (2048K)
 Metaspace       used 21180K, committed 21504K, reserved 1114112K
  class space    used 2531K, committed 2688K, reserved 1048576K
}
Event: 7.710 GC heap before
{Heap before GC invocations=6 (full 0):
 garbage-first heap   total 51200K, used 42165K [0x00000000c2000000, 0x0000000100000000)
  region size 1024K, 30 young (30720K), 2 survivors (2048K)
 Metaspace       used 27936K, committed 28416K, reserved 1114112K
  class space    used 3438K, committed 3648K, reserved 1048576K
}
Event: 7.732 GC heap after
{Heap after GC invocations=7 (full 0):
 garbage-first heap   total 51200K, used 17162K [0x00000000c2000000, 0x0000000100000000)
  region size 1024K, 4 young (4096K), 4 survivors (4096K)
 Metaspace       used 27936K, committed 28416K, reserved 1114112K
  class space    used 3438K, committed 3648K, reserved 1048576K
}
Event: 8.951 GC heap before
{Heap before GC invocations=7 (full 0):
 garbage-first heap   total 51200K, used 39690K [0x00000000c2000000, 0x0000000100000000)
  region size 1024K, 27 young (27648K), 4 survivors (4096K)
 Metaspace       used 33684K, committed 34240K, reserved 1114112K
  class space    used 4110K, committed 4352K, reserved 1048576K
}
Event: 8.962 GC heap after
{Heap after GC invocations=8 (full 0):
 garbage-first heap   total 51200K, used 19230K [0x00000000c2000000, 0x0000000100000000)
  region size 1024K, 3 young (3072K), 3 survivors (3072K)
 Metaspace       used 33684K, committed 34240K, reserved 1114112K
  class space    used 4110K, committed 4352K, reserved 1048576K
}

Dll operation events (13 events):
Event: 0.028 Loaded shared library C:\Program Files\Java\jdk-20\bin\java.dll
Event: 0.049 Loaded shared library C:\Program Files\Java\jdk-20\bin\jsvml.dll
Event: 0.288 Loaded shared library C:\Program Files\Java\jdk-20\bin\zip.dll
Event: 0.298 Loaded shared library C:\Program Files\Java\jdk-20\bin\instrument.dll
Event: 0.313 Loaded shared library C:\Program Files\Java\jdk-20\bin\net.dll
Event: 0.318 Loaded shared library C:\Program Files\Java\jdk-20\bin\nio.dll
Event: 0.324 Loaded shared library C:\Program Files\Java\jdk-20\bin\zip.dll
Event: 0.539 Loaded shared library C:\Program Files\JetBrains\IntelliJ IDEA Community Edition 2023.2\bin\breakgen64.dll
Event: 0.557 Loaded shared library C:\Program Files\Java\jdk-20\bin\extnet.dll
Event: 0.629 Loaded shared library C:\Program Files\Java\jdk-20\bin\jimage.dll
Event: 7.639 Loaded shared library C:\Program Files\Java\jdk-20\bin\sunmscapi.dll
Event: 7.748 Loaded shared library C:\Program Files\Java\jdk-20\bin\management.dll
Event: 7.776 Loaded shared library C:\Program Files\Java\jdk-20\bin\management_ext.dll

Deoptimization events (20 events):
Event: 8.716 Thread 0x000001dd29918c20 Uncommon trap: trap_request=0xffffff45 fr.pc=0x000001dd3adcea70 relative=0x0000000000000070
Event: 8.716 Thread 0x000001dd29918c20 Uncommon trap: reason=unstable_if action=reinterpret pc=0x000001dd3adcea70 method=java.lang.ClassLoader.createOrGetClassLoaderValueMap()Ljava/util/concurrent/ConcurrentHashMap; @ 6 c2
Event: 8.716 Thread 0x000001dd29918c20 DEOPT PACKING pc=0x000001dd3adcea70 sp=0x00000047188fcb00
Event: 8.716 Thread 0x000001dd29918c20 DEOPT UNPACKING pc=0x000001dd3a779d22 sp=0x00000047188fca88 mode 2
Event: 8.777 Thread 0x000001dd29918c20 DEOPT PACKING pc=0x000001dd33939a4e sp=0x00000047188fcfa0
Event: 8.777 Thread 0x000001dd29918c20 DEOPT UNPACKING pc=0x000001dd3a77a4c2 sp=0x00000047188fc488 mode 0
Event: 8.778 Thread 0x000001dd29918c20 DEOPT PACKING pc=0x000001dd33939a4e sp=0x00000047188fcfa0
Event: 8.778 Thread 0x000001dd29918c20 DEOPT UNPACKING pc=0x000001dd3a77a4c2 sp=0x00000047188fc488 mode 0
Event: 8.871 Thread 0x000001dd29918c20 Uncommon trap: trap_request=0xffffff45 fr.pc=0x000001dd3ae2b1ac relative=0x000000000000036c
Event: 8.871 Thread 0x000001dd29918c20 Uncommon trap: reason=unstable_if action=reinterpret pc=0x000001dd3ae2b1ac method=org.springframework.boot.context.properties.source.ConfigurationPropertyName.getElement(ILorg/springframework/boot/context/properties/source/ConfigurationPropertyName$Form;)
Event: 8.871 Thread 0x000001dd29918c20 DEOPT PACKING pc=0x000001dd3ae2b1ac sp=0x00000047188fc360
Event: 8.871 Thread 0x000001dd29918c20 DEOPT UNPACKING pc=0x000001dd3a779d22 sp=0x00000047188fc330 mode 2
Event: 8.987 Thread 0x000001dd29918c20 Uncommon trap: trap_request=0xffffff45 fr.pc=0x000001dd3ae485a0 relative=0x00000000000007e0
Event: 8.987 Thread 0x000001dd29918c20 Uncommon trap: reason=unstable_if action=reinterpret pc=0x000001dd3ae485a0 method=java.lang.PublicMethods$MethodList.filter([Ljava/lang/reflect/Method;Ljava/lang/String;[Ljava/lang/Class;Z)Ljava/lang/PublicMethods$MethodList; @ 43 c2
Event: 8.987 Thread 0x000001dd29918c20 DEOPT PACKING pc=0x000001dd3ae485a0 sp=0x00000047188fdaf0
Event: 8.987 Thread 0x000001dd29918c20 DEOPT UNPACKING pc=0x000001dd3a779d22 sp=0x00000047188fdaa0 mode 2
Event: 9.053 Thread 0x000001dd29918c20 Uncommon trap: trap_request=0xffffff45 fr.pc=0x000001dd3ad492c8 relative=0x00000000000002a8
Event: 9.053 Thread 0x000001dd29918c20 Uncommon trap: reason=unstable_if action=reinterpret pc=0x000001dd3ad492c8 method=java.lang.String.regionMatches(ZILjava/lang/String;II)Z @ 36 c2
Event: 9.053 Thread 0x000001dd29918c20 DEOPT PACKING pc=0x000001dd3ad492c8 sp=0x00000047188fe360
Event: 9.053 Thread 0x000001dd29918c20 DEOPT UNPACKING pc=0x000001dd3a779d22 sp=0x00000047188fe2c8 mode 2

Classes loaded (20 events):
Event: 8.666 Loading class java/util/concurrent/ThreadPoolExecutor$Worker
Event: 8.666 Loading class java/util/concurrent/ThreadPoolExecutor$Worker done
Event: 8.667 Loading class java/util/concurrent/TimeUnit$1
Event: 8.668 Loading class java/util/concurrent/TimeUnit$1 done
Event: 8.669 Loading class java/util/concurrent/ThreadPoolExecutor$CallerRunsPolicy
Event: 8.669 Loading class java/util/concurrent/ThreadPoolExecutor$CallerRunsPolicy done
Event: 8.736 Loading class java/util/stream/SortedOps$SizedRefSortingSink
Event: 8.736 Loading class java/util/stream/SortedOps$SizedRefSortingSink done
Event: 8.761 Loading class javax/net/ssl/SSLException
Event: 8.762 Loading class javax/net/ssl/SSLException done
Event: 8.783 Loading class jdk/internal/event/ThreadSleepEvent
Event: 8.784 Loading class jdk/internal/event/ThreadSleepEvent done
Event: 8.794 Loading class java/nio/channels/CompletionHandler
Event: 8.794 Loading class java/nio/channels/CompletionHandler done
Event: 8.811 Loading class jdk/internal/vm/annotation/IntrinsicCandidate
Event: 8.812 Loading class jdk/internal/vm/annotation/IntrinsicCandidate done
Event: 8.948 Loading class javax/naming/Referenceable
Event: 8.948 Loading class javax/naming/Referenceable done
Event: 9.047 Loading class java/lang/instrument/ClassFileTransformer
Event: 9.047 Loading class java/lang/instrument/ClassFileTransformer done

Classes unloaded (0 events):
No events

Classes redefined (0 events):
No events

Internal exceptions (20 events):
Event: 6.690 Thread 0x000001dd29918c20 Exception <a 'java/lang/NoSuchMethodError'{0x00000000c4146348}: 'java.lang.reflect.Field[] java.lang.Class.getDeclaredFields(java.lang.Class)'> (0x00000000c4146348) 
thrown [s\open\src\hotspot\share\interpreter\linkResolver.cpp, line 773]
Event: 6.724 Thread 0x000001dd29918c20 Exception <a 'java/lang/NoSuchMethodError'{0x00000000c41ca988}: 'java.lang.Object java.lang.invoke.DirectMethodHandle$Holder.invokeVirtual(java.lang.Object, java.lang.Object, java.lang.Object, java.lang.Object, java.lang.Object, java.lang.Object)'> (0x00000000c41ca988) 
thrown [s\open\src\hotspot\share\interpreter\linkResolver.cpp, line 773]
Event: 6.792 Thread 0x000001dd29918c20 Exception <a 'java/lang/NoSuchMethodError'{0x00000000c40ba2c0}: 'void java.lang.invoke.DirectMethodHandle$Holder.invokeInterface(java.lang.Object, java.lang.Object, int)'> (0x00000000c40ba2c0) 
thrown [s\open\src\hotspot\share\interpreter\linkResolver.cpp, line 773]
Event: 6.813 Thread 0x000001dd29918c20 Exception <a 'java/lang/IncompatibleClassChangeError'{0x00000000c3f09920}: Found class java.lang.Object, but interface was expected> (0x00000000c3f09920) 
thrown [s\open\src\hotspot\share\interpreter\linkResolver.cpp, line 840]
Event: 6.816 Thread 0x000001dd29918c20 Exception <a 'java/lang/NoSuchMethodError'{0x00000000c3f1a380}: 'int java.lang.invoke.DirectMethodHandle$Holder.invokeSpecialIFC(java.lang.Object, java.lang.Object, java.lang.Object)'> (0x00000000c3f1a380) 
thrown [s\open\src\hotspot\share\interpreter\linkResolver.cpp, line 773]
Event: 6.819 Thread 0x000001dd29918c20 Exception <a 'java/lang/NoSuchMethodError'{0x00000000c3f27ee8}: 'void java.lang.invoke.DirectMethodHandle$Holder.invokeStatic(java.lang.Object, int, java.lang.Object)'> (0x00000000c3f27ee8) 
thrown [s\open\src\hotspot\share\interpreter\linkResolver.cpp, line 773]
Event: 6.836 Thread 0x000001dd29918c20 Exception <a 'java/lang/NoSuchMethodError'{0x00000000c3f65588}: 'void java.lang.invoke.DirectMethodHandle$Holder.invokeStatic(java.lang.Object, java.lang.Object, java.lang.Object, int, java.lang.Object)'> (0x00000000c3f65588) 
thrown [s\open\src\hotspot\share\interpreter\linkResolver.cpp, line 773]
Event: 6.836 Thread 0x000001dd29918c20 Exception <a 'java/lang/NoSuchMethodError'{0x00000000c3f6c6c0}: 'java.lang.Object java.lang.invoke.DirectMethodHandle$Holder.newInvokeSpecial(java.lang.Object, java.lang.Object, java.lang.Object, int)'> (0x00000000c3f6c6c0) 
thrown [s\open\src\hotspot\share\interpreter\linkResolver.cpp, line 773]
Event: 6.837 Thread 0x000001dd29918c20 Exception <a 'java/lang/NoSuchMethodError'{0x00000000c3f704b0}: 'java.lang.Object java.lang.invoke.DirectMethodHandle$Holder.invokeSpecial(java.lang.Object, java.lang.Object, java.lang.Object, java.lang.Object, int)'> (0x00000000c3f704b0) 
thrown [s\open\src\hotspot\share\interpreter\linkResolver.cpp, line 773]
Event: 6.838 Thread 0x000001dd29918c20 Exception <a 'java/lang/NoSuchMethodError'{0x00000000c3f73938}: 'java.lang.Object java.lang.invoke.Invokers$Holder.linkToTargetMethod(java.lang.Object, java.lang.Object, int, java.lang.Object)'> (0x00000000c3f73938) 
thrown [s\open\src\hotspot\share\interpreter\linkResolver.cpp, line 773]
Event: 7.061 Thread 0x000001dd29918c20 Exception <a 'java/lang/NoSuchMethodError'{0x00000000c3b7efd0}: 'java.lang.Object java.lang.invoke.DirectMethodHandle$Holder.invokeStaticInit(java.lang.Object, int, int, int, int)'> (0x00000000c3b7efd0) 
thrown [s\open\src\hotspot\share\interpreter\linkResolver.cpp, line 773]
Event: 7.175 Thread 0x000001dd29918c20 Exception <a 'java/lang/NoSuchMethodError'{0x00000000c3bffa78}: 'java.lang.Object java.lang.invoke.DirectMethodHandle$Holder.invokeStaticInit(java.lang.Object, java.lang.Object, int, int, int, int)'> (0x00000000c3bffa78) 
thrown [s\open\src\hotspot\share\interpreter\linkResolver.cpp, line 773]
Event: 7.303 Thread 0x000001dd29918c20 Exception <a 'java/lang/NoSuchMethodError'{0x00000000c384e738}: 'int java.lang.invoke.DirectMethodHandle$Holder.invokeVirtual(java.lang.Object, java.lang.Object, java.lang.Object, java.lang.Object)'> (0x00000000c384e738) 
thrown [s\open\src\hotspot\share\interpreter\linkResolver.cpp, line 773]
Event: 7.304 Thread 0x000001dd29918c20 Exception <a 'java/lang/NoSuchMethodError'{0x00000000c38521a0}: 'int java.lang.invoke.DelegatingMethodHandle$Holder.reinvoke_L(java.lang.Object, java.lang.Object, java.lang.Object, java.lang.Object)'> (0x00000000c38521a0) 
thrown [s\open\src\hotspot\share\interpreter\linkResolver.cpp, line 773]
Event: 7.889 Thread 0x000001dd29918c20 Exception <a 'java/io/FileNotFoundException'{0x00000000c5d65c90}> (0x00000000c5d65c90) 
thrown [s\open\src\hotspot\share\prims\jni.cpp, line 519]
Event: 8.007 Thread 0x000001dd29918c20 Exception <a 'java/lang/NoSuchMethodError'{0x00000000c4f15880}: 'int java.lang.invoke.DirectMethodHandle$Holder.invokeInterface(java.lang.Object, java.lang.Object, java.lang.Object, java.lang.Object)'> (0x00000000c4f15880) 
thrown [s\open\src\hotspot\share\interpreter\linkResolver.cpp, line 773]
Event: 8.381 Thread 0x000001dd29918c20 Exception <a 'java/lang/NoSuchMethodError'{0x00000000c48b99d8}: 'void java.lang.invoke.DirectMethodHandle$Holder.invokeStaticInit(java.lang.Object, java.lang.Object, java.lang.Object, java.lang.Object, java.lang.Object)'> (0x00000000c48b99d8) 
thrown [s\open\src\hotspot\share\interpreter\linkResolver.cpp, line 773]
Event: 8.687 Thread 0x000001dd29918c20 Exception <a 'java/lang/NoSuchMethodError'{0x00000000c40dc3d0}: 'java.lang.Object java.lang.invoke.DirectMethodHandle$Holder.invokeStaticInit(java.lang.Object, java.lang.Object, java.lang.Object, java.lang.Object)'> (0x00000000c40dc3d0) 
thrown [s\open\src\hotspot\share\interpreter\linkResolver.cpp, line 773]
Event: 8.795 Thread 0x000001dd29918c20 Exception <a 'java/lang/NoSuchMethodError'{0x00000000c3d29938}: 'long java.lang.invoke.DirectMethodHandle$Holder.invokeVirtual(java.lang.Object, java.lang.Object)'> (0x00000000c3d29938) 
thrown [s\open\src\hotspot\share\interpreter\linkResolver.cpp, line 773]
Event: 8.885 Thread 0x000001dd29918c20 Exception <a 'java/lang/NoSuchMethodError'{0x00000000c3b11410}: 'java.lang.Object java.lang.invoke.DirectMethodHandle$Holder.newInvokeSpecial(java.lang.Object, java.lang.Object, java.lang.Object, java.lang.Object, java.lang.Object, java.lang.Object, java.lang.Object, java.lang.Object, java.lang.Object, java.lang.Object, java.lang.Object)'> (0x00000000c3b11410) 
thrown [s\open\src\hotspot\share\interpreter\linkResolver.cpp, line 773]

VM Operations (20 events):
Event: 7.710 Executing VM operation: G1CollectForAllocation
Event: 7.733 Executing VM operation: G1CollectForAllocation done
Event: 7.812 Executing VM operation: HandshakeAllThreads
Event: 7.813 Executing VM operation: HandshakeAllThreads done
Event: 8.259 Executing VM operation: HandshakeAllThreads
Event: 8.259 Executing VM operation: HandshakeAllThreads done
Event: 8.352 Executing VM operation: HandshakeAllThreads
Event: 8.352 Executing VM operation: HandshakeAllThreads done
Event: 8.385 Executing VM operation: HandshakeAllThreads
Event: 8.385 Executing VM operation: HandshakeAllThreads done
Event: 8.727 Executing VM operation: HandshakeAllThreads
Event: 8.727 Executing VM operation: HandshakeAllThreads done
Event: 8.728 Executing VM operation: HandshakeAllThreads
Event: 8.728 Executing VM operation: HandshakeAllThreads done
Event: 8.815 Executing VM operation: HandshakeAllThreads
Event: 8.815 Executing VM operation: HandshakeAllThreads done
Event: 8.815 Executing VM operation: Cleanup
Event: 8.816 Executing VM operation: Cleanup done
Event: 8.951 Executing VM operation: G1CollectForAllocation
Event: 8.962 Executing VM operation: G1CollectForAllocation done

Events (20 events):
Event: 0.082 Thread 0x000001dd462c4bd0 Thread added: 0x000001dd462c4bd0
Event: 0.082 Thread 0x000001dd462c6f90 Thread added: 0x000001dd462c6f90
Event: 0.083 Thread 0x000001dd462ca6d0 Thread added: 0x000001dd462ca6d0
Event: 0.083 Thread 0x000001dd462cf030 Thread added: 0x000001dd462cf030
Event: 0.083 Thread 0x000001dd462d1000 Thread added: 0x000001dd462d1000
Event: 0.084 Thread 0x000001dd462d1940 Thread added: 0x000001dd462d1940
Event: 0.084 Thread 0x000001dd462d25b0 Thread added: 0x000001dd462d25b0
Event: 0.084 Thread 0x000001dd462d7360 Thread added: 0x000001dd462d7360
Event: 0.224 Thread 0x000001dd462aa530 Thread added: 0x000001dd462aa530
Event: 0.541 Thread 0x000001dd4a851050 Thread added: 0x000001dd4a851050
Event: 0.541 Thread 0x000001dd4a8515a0 Thread added: 0x000001dd4a8515a0
Event: 2.431 Thread 0x000001dd4b327890 Thread added: 0x000001dd4b327890
Event: 3.241 Thread 0x000001dd4b327890 Thread exited: 0x000001dd4b327890
Event: 3.312 Thread 0x000001dd4b4f4030 Thread added: 0x000001dd4b4f4030
Event: 3.463 Thread 0x000001dd4b4f4030 Thread exited: 0x000001dd4b4f4030
Event: 8.667 Thread 0x000001dd4bbc1a60 Thread added: 0x000001dd4bbc1a60
Event: 8.772 Thread 0x000001dd4bbc1510 Thread added: 0x000001dd4bbc1510
Event: 8.825 Thread 0x000001dd4bbc1fb0 Thread added: 0x000001dd4bbc1fb0
Event: 8.827 Thread 0x000001dd4c10caf0 Thread added: 0x000001dd4c10caf0
Event: 8.838 Thread 0x000001dd4c10f020 Thread added: 0x000001dd4c10f020


Dynamic libraries:
0x00007ff7f12d0000 - 0x00007ff7f12e0000 	C:\Program Files\Java\jdk-20\bin\java.exe
0x00007ff889850000 - 0x00007ff889a48000 	C:\Windows\SYSTEM32\ntdll.dll
0x00007ff8878b0000 - 0x00007ff88796d000 	C:\Windows\System32\KERNEL32.DLL
0x00007ff887100000 - 0x00007ff8873f6000 	C:\Windows\System32\KERNELBASE.dll
0x00007ff887400000 - 0x00007ff887500000 	C:\Windows\System32\ucrtbase.dll
0x00007ff87fa40000 - 0x00007ff87fa59000 	C:\Program Files\Java\jdk-20\bin\jli.dll
0x00007ff889000000 - 0x00007ff8890ae000 	C:\Windows\System32\ADVAPI32.dll
0x00007ff87f790000 - 0x00007ff87f7ab000 	C:\Program Files\Java\jdk-20\bin\VCRUNTIME140.dll
0x00007ff888500000 - 0x00007ff88859e000 	C:\Windows\System32\msvcrt.dll
0x00007ff8891f0000 - 0x00007ff88928c000 	C:\Windows\System32\sechost.dll
0x00007ff888910000 - 0x00007ff888a36000 	C:\Windows\System32\RPCRT4.dll
0x00007ff888a40000 - 0x00007ff888bde000 	C:\Windows\System32\USER32.dll
0x00007ff887620000 - 0x00007ff887642000 	C:\Windows\System32\win32u.dll
0x00007ff8897c0000 - 0x00007ff8897ec000 	C:\Windows\System32\GDI32.dll
0x00007ff887790000 - 0x00007ff8878aa000 	C:\Windows\System32\gdi32full.dll
0x00007ff887580000 - 0x00007ff88761d000 	C:\Windows\System32\msvcp_win.dll
0x00007ff880160000 - 0x00007ff88016a000 	C:\Windows\SYSTEM32\VERSION.dll
0x00007ff877ae0000 - 0x00007ff877d7a000 	C:\Windows\WinSxS\amd64_microsoft.windows.common-controls_6595b64144ccf1df_6.0.19041.1110_none_60b5254171f9507e\COMCTL32.dll
0x00007ff889110000 - 0x00007ff889140000 	C:\Windows\System32\IMM32.DLL
0x00007ff882960000 - 0x00007ff88296c000 	C:\Program Files\Java\jdk-20\bin\vcruntime140_1.dll
0x00007ff866b30000 - 0x00007ff866bbe000 	C:\Program Files\Java\jdk-20\bin\msvcp140.dll
0x00007ff857400000 - 0x00007ff858097000 	C:\Program Files\Java\jdk-20\bin\server\jvm.dll
0x00007ff87fa10000 - 0x00007ff87fa19000 	C:\Windows\SYSTEM32\WSOCK32.dll
0x00007ff870410000 - 0x00007ff870437000 	C:\Windows\SYSTEM32\WINMM.dll
0x00007ff888f90000 - 0x00007ff888ffb000 	C:\Windows\System32\WS2_32.dll
0x00007ff884dc0000 - 0x00007ff884dd2000 	C:\Windows\SYSTEM32\kernel.appcore.dll
0x00007ff881830000 - 0x00007ff88183a000 	C:\Program Files\Java\jdk-20\bin\jimage.dll
0x00007ff873d10000 - 0x00007ff873ef4000 	C:\Windows\SYSTEM32\DBGHELP.DLL
0x00007ff873600000 - 0x00007ff873634000 	C:\Windows\SYSTEM32\dbgcore.DLL
0x00007ff887700000 - 0x00007ff887782000 	C:\Windows\System32\bcryptPrimitives.dll
0x00007ff882950000 - 0x00007ff88295e000 	C:\Program Files\Java\jdk-20\bin\instrument.dll
0x00007ff87f6f0000 - 0x00007ff87f716000 	C:\Program Files\Java\jdk-20\bin\java.dll
0x00007ff8619e0000 - 0x00007ff861ab7000 	C:\Program Files\Java\jdk-20\bin\jsvml.dll
0x00007ff887970000 - 0x00007ff8880b5000 	C:\Windows\System32\SHELL32.dll
0x00007ff884fc0000 - 0x00007ff88575b000 	C:\Windows\SYSTEM32\windows.storage.dll
0x00007ff8885b0000 - 0x00007ff888904000 	C:\Windows\System32\combase.dll
0x00007ff8868a0000 - 0x00007ff8868ce000 	C:\Windows\SYSTEM32\Wldp.dll
0x00007ff889140000 - 0x00007ff8891ed000 	C:\Windows\System32\SHCORE.dll
0x00007ff888f30000 - 0x00007ff888f85000 	C:\Windows\System32\shlwapi.dll
0x00007ff886e60000 - 0x00007ff886e85000 	C:\Windows\SYSTEM32\profapi.dll
0x00007ff87f6b0000 - 0x00007ff87f6c8000 	C:\Program Files\Java\jdk-20\bin\zip.dll
0x00007ff878420000 - 0x00007ff878433000 	C:\Program Files\Java\jdk-20\bin\net.dll
0x00007ff87ba40000 - 0x00007ff87bb4a000 	C:\Windows\SYSTEM32\WINHTTP.dll
0x00007ff886600000 - 0x00007ff88666a000 	C:\Windows\system32\mswsock.dll
0x00007ff874d20000 - 0x00007ff874d36000 	C:\Program Files\Java\jdk-20\bin\nio.dll
0x00007ff87f8a0000 - 0x00007ff87f8ba000 	C:\Program Files\JetBrains\IntelliJ IDEA Community Edition 2023.2\bin\breakgen64.dll
0x00007ff8812c0000 - 0x00007ff8812c7000 	C:\Program Files\Java\jdk-20\bin\extnet.dll
0x00007ff8867f0000 - 0x00007ff886808000 	C:\Windows\SYSTEM32\CRYPTSP.dll
0x00007ff885f10000 - 0x00007ff885f44000 	C:\Windows\system32\rsaenh.dll
0x00007ff887550000 - 0x00007ff887577000 	C:\Windows\System32\bcrypt.dll
0x00007ff886e20000 - 0x00007ff886e4e000 	C:\Windows\SYSTEM32\USERENV.dll
0x00007ff886810000 - 0x00007ff88681c000 	C:\Windows\SYSTEM32\CRYPTBASE.dll
0x00007ff8862f0000 - 0x00007ff88632b000 	C:\Windows\SYSTEM32\IPHLPAPI.DLL
0x00007ff8885a0000 - 0x00007ff8885a8000 	C:\Windows\System32\NSI.dll
0x00007ff87bd30000 - 0x00007ff87bd47000 	C:\Windows\SYSTEM32\dhcpcsvc6.DLL
0x00007ff87d3c0000 - 0x00007ff87d3dd000 	C:\Windows\SYSTEM32\dhcpcsvc.DLL
0x00007ff886330000 - 0x00007ff8863fa000 	C:\Windows\SYSTEM32\DNSAPI.dll
0x00007ff882920000 - 0x00007ff88292e000 	C:\Program Files\Java\jdk-20\bin\sunmscapi.dll
0x00007ff886fa0000 - 0x00007ff8870fe000 	C:\Windows\System32\CRYPT32.dll
0x00007ff886910000 - 0x00007ff886938000 	C:\Windows\SYSTEM32\ncrypt.dll
0x00007ff8868d0000 - 0x00007ff88690b000 	C:\Windows\SYSTEM32\NTASN1.dll
0x00007ff881200000 - 0x00007ff88120a000 	C:\Program Files\Java\jdk-20\bin\management.dll
0x00007ff87fa70000 - 0x00007ff87fa7b000 	C:\Program Files\Java\jdk-20\bin\management_ext.dll
0x00007ff889290000 - 0x00007ff889298000 	C:\Windows\System32\PSAPI.DLL

dbghelp: loaded successfully - version: 4.0.5 - missing functions: none
symbol engine: initialized successfully - sym options: 0x614 - pdb path: .;C:\Program Files\Java\jdk-20\bin;C:\Windows\SYSTEM32;C:\Windows\WinSxS\amd64_microsoft.windows.common-controls_6595b64144ccf1df_6.0.19041.1110_none_60b5254171f9507e;C:\Program Files\Java\jdk-20\bin\server;C:\Program Files\JetBrains\IntelliJ IDEA Community Edition 2023.2\bin

VM Arguments:
jvm_args: -javaagent:C:\Program Files\JetBrains\IntelliJ IDEA Community Edition 2023.2\lib\idea_rt.jar=51229:C:\Program Files\JetBrains\IntelliJ IDEA Community Edition 2023.2\bin -Dfile.encoding=UTF-8 -Dsun.stdout.encoding=UTF-8 -Dsun.stderr.encoding=UTF-8 
java_command: com.geekster.JobSearchPortal.JobSearchPortalApplication
java_class_path (initial): C:\Users\LENOVO\Desktop\Spring Boot\Weekly Test\JobSearchPortal\target\classes;C:\Users\LENOVO\.m2\repository\org\springdoc\springdoc-openapi-starter-webmvc-ui\2.1.0\springdoc-openapi-starter-webmvc-ui-2.1.0.jar;C:\Users\LENOVO\.m2\repository\org\springdoc\springdoc-openapi-starter-webmvc-api\2.1.0\springdoc-openapi-starter-webmvc-api-2.1.0.jar;C:\Users\LENOVO\.m2\repository\org\springdoc\springdoc-openapi-starter-common\2.1.0\springdoc-openapi-starter-common-2.1.0.jar;C:\Users\LENOVO\.m2\repository\io\swagger\core\v3\swagger-core-jakarta\2.2.9\swagger-core-jakarta-2.2.9.jar;C:\Users\LENOVO\.m2\repository\org\apache\commons\commons-lang3\3.12.0\commons-lang3-3.12.0.jar;C:\Users\LENOVO\.m2\repository\io\swagger\core\v3\swagger-annotations-jakarta\2.2.9\swagger-annotations-jakarta-2.2.9.jar;C:\Users\LENOVO\.m2\repository\io\swagger\core\v3\swagger-models-jakarta\2.2.9\swagger-models-jakarta-2.2.9.jar;C:\Users\LENOVO\.m2\repository\jakarta\validation\jakarta.validation-api\3.0.2\jakarta.validation-api-3.0.2.jar;C:\Users\LENOVO\.m2\repository\com\fasterxml\jackson\dataformat\jackson-dataformat-yaml\2.15.2\jackson-dataformat-yaml-2.15.2.jar;C:\Users\LENOVO\.m2\repository\org\webjars\swagger-ui\4.18.2\swagger-ui-4.18.2.jar;C:\Users\LENOVO\.m2\repository\org\springframework\boot\spring-boot-starter-data-jpa\3.1.4\spring-boot-starter-data-jpa-3.1.4.jar;C:\Users\LENOVO\.m2\repository\org\springframework\boot\spring-boot-starter-aop\3.1.4\spring-boot-starter-aop-3.1.4.jar;C:\Users\LENOVO\.m2\repository\org\springframework\spring-aop\6.0.12\spring-aop-6.0.12.jar;C:\Users\LENOVO\.m2\repository\org\aspectj\aspectjweaver\1.9.20\aspectjweaver-1.9.20.jar;C:\Users\LENOVO\.m2\repository\org\springframework\boot\spring-boot-starter-jdbc\3.1.4\spring-boot-starter-jdbc-3.1.4.jar;C:\Users\LENOVO\.m2\repository\com\zaxxer\HikariCP\5.0.1\HikariCP-5.0.1.jar;C:\Users\LENOVO\.m2\repository\org\springframework\spring-jdbc\6.0.12\spring-jdbc-6.0.12.jar;C:\Users\LENOVO\.m2\repository\org\hibernate\orm\hibernate-core\6.2.9.Final\hibernate-core-6.2.9.Final.jar;C:\Users\LENOVO\.m2\repository\jakarta\persistence\jakarta.persistence-api\3.1.0\jakarta.persistence-api-3.1.0.jar;C:\Users\LENOVO\.m2\repository\jakarta\transaction\jakarta.transaction-api\2.0.1\jakarta.transaction-api-2.0.1.jar;C:\Users\LENOVO\.m2\repository\org\jboss\logging\jboss-logging\3.5.3.Final\jboss-logging-3.5.3.Final.jar;C:\Users\LENOVO\.m2\repository\org\hibernate\common\hibernate-commons-annotations\6.0.6.Final\hibernate-commons-annotations-6.0.6.Final.jar;C:\Users\LENOVO\.m2\repository\io\smallrye\jandex\3.0.5\jandex-3.0.5.jar;C:\Users\LENOVO\.m2\repository\com\fasterxml\classmate\1.5.1\classmate-1.5.1.jar;C:\Users\LENOVO\.m2\repository\net\bytebuddy\byte-buddy\1.14.8\byte-buddy-1.14.8.jar;C:\Users\LENOVO\.m2\repository\org\glassfish\jaxb\jaxb-runtime\4.0.3\jaxb-runtime-4.0.3.jar;C:\Users\LENOVO\.m2\repository\org\glassfish\jaxb\jaxb-core\4.0.3\jaxb-core-4.0.3.jar;C:\Users\LENOVO\.m2\repository\org\eclipse\angus\angus-activation\2.0.1\angus-activation-2.0.1.jar;C:\Users\LENOVO\.m2\repository\org\glassfish\jaxb\txw2\4.0.3\txw2-4.0.3.jar;C:\Users\LENOVO\.m2\repository\com\sun\istack\istack-commons-runtime\4.1.2\istack-commons-runtime-4.1.2.jar;C:\Users\LENOVO\.m2\repository\jakarta\inject\jakarta.inject-api\2.0.1\jakarta.inject-api-2.0.1.jar;C:\Users\LENOVO\.m2\repository\org\antlr\antlr4-runtime\4.10.1\antlr4-runtime-4.10.1.jar;C:\Users\LENOVO\.m2\repository\org\springframework\data\spring-data-jpa\3.1.4\spring-data-jpa-3.1.4.jar;C:\Users\LENOVO\.m2\repository\org\springframework\data\spring-data-commons\3.1.4\spring-data-commons-3.1.4.jar;C:\Users\LENOVO\.m2\repository\org\springframework\spring-orm\6.0.12\spring-orm-6.0.12.jar;C:\Users\LENOVO\.m2\repository\org\springframework\spring-context\6.0.12\spring-context-6.0.12.jar;C:\Users\LENOVO\.m2\repository\org\springframework\spring-tx\6.0.12\spring-tx-6.0.12.jar;C:\Users\LENOVO\.m2\repository\org\springframework\spring-beans\6.0.12\spring-beans-6.0.12.jar;C:\Users\LENOVO\.m2\repository\jakarta\annotation\jakarta.annotation-api\2.1.1\jakarta.annotation-api-2.1.1.jar;C:\Users\LENOVO\.m2\repository\org\slf4j\slf4j-api\2.0.9\slf4j-api-2.0.9.jar;C:\Users\LENOVO\.m2\repository\org\springframework\spring-aspects\6.0.12\spring-aspects-6.0.12.jar;C:\Users\LENOVO\.m2\repository\org\springframework\boot\spring-boot-starter-web\3.1.4\spring-boot-starter-web-3.1.4.jar;C:\Users\LENOVO\.m2\repository\org\springframework\boot\spring-boot-starter\3.1.4\spring-boot-starter-3.1.4.jar;C:\Users\LENOVO\.m2\repository\org\springframework\boot\spring-boot\3.1.4\spring-boot-3.1.4.jar;C:\Users\LENOVO\.m2\repository\org\springframework\boot\spring-boot-autoconfigure\3.1.4\spring-boot-autoconfigure-3.1.4.jar;C:\Users\LENOVO\.m2\repository\org\springframework\boot\spring-boot-starter-logging\3.1.4\spring-boot-starter-logging-3.1.4.jar;C:\Users\LENOVO\.m2\repository\ch\qos\logback\logback-classic\1.4.11\logback-classic-1.4.11.jar;C:\Users\LENOVO\.m2\repository\ch\qos\logback\logback-core\1.4.11\logback-core-1.4.11.jar;C:\Users\LENOVO\.m2\repository\org\apache\logging\log4j\log4j-to-slf4j\2.20.0\log4j-to-slf4j-2.20.0.jar;C:\Users\LENOVO\.m2\repository\org\apache\logging\log4j\log4j-api\2.20.0\log4j-api-2.20.0.jar;C:\Users\LENOVO\.m2\repository\org\slf4j\jul-to-slf4j\2.0.9\jul-to-slf4j-2.0.9.jar;C:\Users\LENOVO\.m2\repository\org\yaml\snakeyaml\1.33\snakeyaml-1.33.jar;C:\Users\LENOVO\.m2\repository\org\springframework\boot\spring-boot-starter-json\3.1.4\spring-boot-starter-json-3.1.4.jar;C:\Users\LENOVO\.m2\repository\com\fasterxml\jackson\core\jackson-databind\2.15.2\jackson-databind-2.15.2.jar;C:\Users\LENOVO\.m2\repository\com\fasterxml\jackson\core\jackson-annotations\2.15.2\jackson-annotations-2.15.2.jar;C:\Users\LENOVO\.m2\repository\com\fasterxml\jackson\core\jackson-core\2.15.2\jackson-core-2.15.2.jar;C:\Users\LENOVO\.m2\repository\com\fasterxml\jackson\datatype\jackson-datatype-jdk8\2.15.2\jackson-datatype-jdk8-2.15.2.jar;C:\Users\LENOVO\.m2\repository\com\fasterxml\jackson\datatype\jackson-datatype-jsr310\2.15.2\jackson-datatype-jsr310-2.15.2.jar;C:\Users\LENOVO\.m2\repository\com\fasterxml\jackson\module\jackson-module-parameter-names\2.15.2\jackson-module-parameter-names-2.15.2.jar;C:\Users\LENOVO\.m2\repository\org\springframework\boot\spring-boot-starter-tomcat\3.1.4\spring-boot-starter-tomcat-3.1.4.jar;C:\Users\LENOVO\.m2\repository\org\apache\tomcat\embed\tomcat-embed-core\10.1.13\tomcat-embed-core-10.1.13.jar;C:\Users\LENOVO\.m2\repository\org\apache\tomcat\embed\tomcat-embed-el\10.1.13\tomcat-embed-el-10.1.13.jar;C:\Users\LENOVO\.m2\repository\org\apache\tomcat\embed\tomcat-embed-websocket\10.1.13\tomcat-embed-websocket-10.1.13.jar;C:\Users\LENOVO\.m2\repository\org\springframework\spring-web\6.0.12\spring-web-6.0.12.jar;C:\Users\LENOVO\.m2\repository\io\micrometer\micrometer-observation\1.11.4\micrometer-observation-1.11.4.jar;C:\Users\LENOVO\.m2\repository\io\micrometer\micrometer-commons\1.11.4\micrometer-commons-1.11.4.jar;C:\Users\LENOVO\.m2\repository\org\springframework\spring-webmvc\6.0.12\spring-webmvc-6.0.12.jar;C:\Users\LENOVO\.m2\repository\org\springframework\spring-expression\6.0.12\spring-expression-6.0.12.jar;C:\Users\LENOVO\.m2\repository\com\h2database\h2\2.1.214\h2-2.1.214.jar;C:\Users\LENOVO\.m2\repository\org\projectlombok\lombok\1.18.30\lombok-1.18.30.jar;C:\Users\LENOVO\.m2\repository\jakarta\xml\bind\jakarta.xml.bind-api\4.0.1\jakarta.xml.bind-api-4.0.1.jar;C:\Users\LENOVO\.m2\repository\jakarta\activation\jakarta.activation-api\2.1.2\jakarta.activation-api-2.1.2.jar;C:\Users\LENOVO\.m2\repository\org\springframework\spring-core\6.0.12\spring-core-6.0.12.jar;C:\Users\LENOVO\.m2\repository\org\springframework\spring-jcl\6.0.12\spring-jcl-6.0.12.jar
Launcher Type: SUN_STANDARD

[Global flags]
     intx CICompilerCount                          = 3                                         {product} {ergonomic}
     uint ConcGCThreads                            = 1                                         {product} {ergonomic}
     uint G1ConcRefinementThreads                  = 4                                         {product} {ergonomic}
   size_t G1HeapRegionSize                         = 1048576                                   {product} {ergonomic}
    uintx GCDrainStackTargetSize                   = 64                                        {product} {ergonomic}
   size_t InitialHeapSize                          = 65011712                                  {product} {ergonomic}
   size_t MarkStackSize                            = 4194304                                   {product} {ergonomic}
   size_t MaxHeapSize                              = 1040187392                                {product} {ergonomic}
   size_t MaxNewSize                               = 623902720                                 {product} {ergonomic}
   size_t MinHeapDeltaBytes                        = 1048576                                   {product} {ergonomic}
   size_t MinHeapSize                              = 8388608                                   {product} {ergonomic}
    uintx NonNMethodCodeHeapSize                   = 5832780                                {pd product} {ergonomic}
    uintx NonProfiledCodeHeapSize                  = 122912730                              {pd product} {ergonomic}
    uintx ProfiledCodeHeapSize                     = 122912730                              {pd product} {ergonomic}
    uintx ReservedCodeCacheSize                    = 251658240                              {pd product} {ergonomic}
     bool SegmentedCodeCache                       = true                                      {product} {ergonomic}
   size_t SoftMaxHeapSize                          = 1040187392                             {manageable} {ergonomic}
     bool UseCompressedClassPointers               = true                           {product lp64_product} {ergonomic}
     bool UseCompressedOops                        = true                           {product lp64_product} {ergonomic}
     bool UseG1GC                                  = true                                      {product} {ergonomic}
     bool UseLargePagesIndividualAllocation        = false                                  {pd product} {ergonomic}

Logging:
Log output configuration:
 #0: stdout all=warning uptime,level,tags foldmultilines=false
 #1: stderr all=off uptime,level,tags foldmultilines=false

Environment Variables:
JAVA_HOME=C:\Users\LENOVO\AppData\Local\Programs\Eclipse Adoptium\jdk-17.0.7.7-hotspot\
PATH=C:\Program Files\Common Files\Oracle\Java\javapath;C:\Windows\system32;C:\Windows;C:\Windows\System32\Wbem;C:\Windows\System32\WindowsPowerShell\v1.0\;C:\Windows\System32\OpenSSH\;C:\Program Files\Java\jdk-20\bin;C:\Program Files\Git\cmd;C:\Users\LENOVO\AppData\Local\Programs\Eclipse Adoptium\jdk-17.0.7.7-hotspot\bin;C:\Users\LENOVO\AppData\Local\Microsoft\WindowsApps;C:\Users\LENOVO\AppData\Local\Programs\Microsoft VS Code\bin;C:\Program Files\Java\jdk-20\bin;;C:\Program Files\JetBrains\IntelliJ IDEA Community Edition 2023.2\bin;
USERNAME=LENOVO
OS=Windows_NT
PROCESSOR_IDENTIFIER=Intel64 Family 6 Model 142 Stepping 10, GenuineIntel
TMP=C:\Users\LENOVO\AppData\Local\Temp
TEMP=C:\Users\LENOVO\AppData\Local\Temp




---------------  S Y S T E M  ---------------

OS:
 Windows 10 , 64 bit Build 19041 (10.0.19041.3393)
OS uptime: 2 days 6:42 hours

CPU: total 4 (initial active 4) (2 cores per cpu, 2 threads per core) family 6 model 142 stepping 10 microcode 0xb4, cx8, cmov, fxsr, ht, mmx, 3dnowpref, sse, sse2, sse3, ssse3, sse4.1, sse4.2, popcnt, lzcnt, tsc, tscinvbit, avx, avx2, aes, erms, clmul, bmi1, bmi2, adx, fma, vzeroupper, clflush, clflushopt, rdtscp, f16c

Memory: 4k page, system-wide physical 3962M (188M free)
TotalPageFile size 8058M (AvailPageFile size 0M)
current process WorkingSet (physical memory assigned to process): 170M, peak: 170M
current process commit charge ("private bytes"): 201M, peak: 202M

vm_info: Java HotSpot(TM) 64-Bit Server VM (20.0.1+9-29) for windows-amd64 JRE (20.0.1+9-29), built on 2023-03-07T13:56:11Z by "mach5one" with MS VC++ 17.1 (VS2022)

END.
